#
# There is insufficient memory for the Java Runtime Environment to continue.
# Native memory allocation (malloc) failed to allocate 32744 bytes. Error detail: Chunk::new
# Possible reasons:
#   The system is out of physical RAM or swap space
#   This process is running with CompressedOops enabled, and the Java Heap may be blocking the growth of the native heap
# Possible solutions:
#   Reduce memory load on the system
#   Increase physical memory or swap space
#   Check if swap backing store is full
#   Decrease Java heap size (-Xmx/-Xms)
#   Decrease number of Java threads
#   Decrease Java thread stack sizes (-Xss)
#   Set larger code cache with -XX:ReservedCodeCacheSize=
#   JVM is running with Zero Based Compressed Oops mode in which the Java heap is
#     placed in the first 32GB address space. The Java Heap base address is the
#     maximum limit for the native heap growth. Please use -XX:HeapBaseMinAddress
#     to set the Java Heap base and to place the Java Heap above 32GB virtual address.
# This output file may be truncated or incomplete.
#
#  Out of Memory Error (arena.cpp:168), pid=4388, tid=12752
#
# JRE version: OpenJDK Runtime Environment Temurin-21.0.7+6 (21.0.7+6) (build 21.0.7+6-LTS)
# Java VM: OpenJDK 64-Bit Server VM Temurin-21.0.7+6 (21.0.7+6-LTS, mixed mode, sharing, tiered, compressed oops, compressed class ptrs, g1 gc, windows-amd64)
# No core dump will be written. Minidumps are not enabled by default on client versions of Windows
#

---------------  S U M M A R Y ------------

Command Line: org.jetbrains.kotlin.cli.jvm.K2JVMCompiler @D:\a.programming\react-native-javascriptMastery\node_modules\expo-modules-autolinking\android\expo-gradle-plugin\expo-autolinking-plugin-shared\build\20250518_8149267385545463044.compiler.options

Host: 11th Gen Intel(R) Core(TM) i5-11300H @ 3.10GHz, 8 cores, 15G,  Windows 11 , 64 bit Build 26100 (10.0.26100.3912)
Time: Sun May 18 17:02:12 2025 GTB Daylight Time elapsed time: 10.543284 seconds (0d 0h 0m 10s)

---------------  T H R E A D  ---------------

Current thread (0x000001b6a440a020):  JavaThread "C1 CompilerThread0" daemon [_thread_in_native, id=12752, stack(0x0000000101400000,0x0000000101500000) (1024K)]


Current CompileTask:
C1:10543  384       3       jdk.internal.org.objectweb.asm.Frame::execute (2305 bytes)

Stack: [0x0000000101400000,0x0000000101500000]
Native frames: (J=compiled Java code, j=interpreted, Vv=VM code, C=native code)
V  [jvm.dll+0x6ce119]
V  [jvm.dll+0x8a84a1]
V  [jvm.dll+0x8aa9ce]
V  [jvm.dll+0x8ab0b3]
V  [jvm.dll+0x27f8a6]
V  [jvm.dll+0xc507d]
V  [jvm.dll+0xc55b3]
V  [jvm.dll+0x194db4]
V  [jvm.dll+0x1971c8]
V  [jvm.dll+0x198bb4]
V  [jvm.dll+0x153873]
V  [jvm.dll+0x1530b8]
V  [jvm.dll+0x153304]
V  [jvm.dll+0x152736]
V  [jvm.dll+0x15450d]
V  [jvm.dll+0x25695a]
V  [jvm.dll+0x254efa]
V  [jvm.dll+0x3f03f6]
V  [jvm.dll+0x851f6b]
V  [jvm.dll+0x6cc7dd]
C  [ucrtbase.dll+0x37b0]
C  [KERNEL32.DLL+0x2e8d7]
C  [ntdll.dll+0x9c5dc]


---------------  P R O C E S S  ---------------

Threads class SMR info:
_java_thread_list=0x000001b6a472a6c0, length=11, elements={
0x000001b688194980, 0x000001b6a43ebb70, 0x000001b6a43ef140, 0x000001b6a43f0960,
0x000001b6a43f4500, 0x000001b6a43fe8c0, 0x000001b6a4401430, 0x000001b6a4405520,
0x000001b6a440a020, 0x000001b6a4401ac0, 0x000001b6a4400710
}

Java Threads: ( => current thread )
  0x000001b688194980 JavaThread "main"                              [_thread_in_vm, id=13220, stack(0x0000000100500000,0x0000000100600000) (1024K)]
  0x000001b6a43ebb70 JavaThread "Reference Handler"          daemon [_thread_blocked, id=19684, stack(0x0000000100d00000,0x0000000100e00000) (1024K)]
  0x000001b6a43ef140 JavaThread "Finalizer"                  daemon [_thread_blocked, id=11836, stack(0x0000000100e00000,0x0000000100f00000) (1024K)]
  0x000001b6a43f0960 JavaThread "Signal Dispatcher"          daemon [_thread_blocked, id=10436, stack(0x0000000100f00000,0x0000000101000000) (1024K)]
  0x000001b6a43f4500 JavaThread "Attach Listener"            daemon [_thread_blocked, id=8320, stack(0x0000000101000000,0x0000000101100000) (1024K)]
  0x000001b6a43fe8c0 JavaThread "Service Thread"             daemon [_thread_blocked, id=19336, stack(0x0000000101100000,0x0000000101200000) (1024K)]
  0x000001b6a4401430 JavaThread "Monitor Deflation Thread"   daemon [_thread_blocked, id=11032, stack(0x0000000101200000,0x0000000101300000) (1024K)]
  0x000001b6a4405520 JavaThread "C2 CompilerThread0"         daemon [_thread_blocked, id=3112, stack(0x0000000101300000,0x0000000101400000) (1024K)]
=>0x000001b6a440a020 JavaThread "C1 CompilerThread0"         daemon [_thread_in_native, id=12752, stack(0x0000000101400000,0x0000000101500000) (1024K)]
  0x000001b6a4401ac0 JavaThread "Notification Thread"        daemon [_thread_blocked, id=14880, stack(0x0000000101500000,0x0000000101600000) (1024K)]
  0x000001b6a4400710 JavaThread "Common-Cleaner"             daemon [_thread_blocked, id=10948, stack(0x0000000101600000,0x0000000101700000) (1024K)]
Total: 11

Other Threads:
  0x000001b6a43c93e0 VMThread "VM Thread"                           [id=17744, stack(0x0000000100c00000,0x0000000100d00000) (1024K)]
  0x000001b6a43b78c0 WatcherThread "VM Periodic Task Thread"        [id=9428, stack(0x0000000100b00000,0x0000000100c00000) (1024K)]
  0x000001b68a5d86c0 WorkerThread "GC Thread#0"                     [id=4336, stack(0x0000000100600000,0x0000000100700000) (1024K)]
  0x000001b68a5e9240 ConcurrentGCThread "G1 Main Marker"            [id=14396, stack(0x0000000100700000,0x0000000100800000) (1024K)]
  0x000001b68a5e9c50 WorkerThread "G1 Conc#0"                       [id=20220, stack(0x0000000100800000,0x0000000100900000) (1024K)]
  0x000001b6a428eab0 ConcurrentGCThread "G1 Refine#0"               [id=14784, stack(0x0000000100900000,0x0000000100a00000) (1024K)]
  0x000001b6a42900f0 ConcurrentGCThread "G1 Service"                [id=15896, stack(0x0000000100a00000,0x0000000100b00000) (1024K)]
Total: 7

Threads with active compile tasks:
C1 CompilerThread0  10552  384       3       jdk.internal.org.objectweb.asm.Frame::execute (2305 bytes)
Total: 1

VM state: not at safepoint (normal execution)

VM Mutex/Monitor currently owned by a thread:  ([mutex/lock_event])
[0x00007ffe27c3c308] Metaspace_lock - owner thread: 0x000001b688194980

Heap address: 0x0000000703600000, size: 4042 MB, Compressed Oops mode: Zero based, Oop shift amount: 3

CDS archive(s) mapped at: [0x000001b6a5000000-0x000001b6a5ba0000-0x000001b6a5ba0000), size 12189696, SharedBaseAddress: 0x000001b6a5000000, ArchiveRelocationMode: 1.
Compressed class space mapped at: 0x000001b6a6000000-0x000001b6e6000000, reserved size: 1073741824
Narrow klass base: 0x000001b6a5000000, Narrow klass shift: 0, Narrow klass range: 0x100000000

GC Precious Log:
 CardTable entry size: 512
 Card Set container configuration: InlinePtr #cards 4 size 8 Array Of Cards #cards 16 size 48 Howl #buckets 8 coarsen threshold 3686 Howl Bitmap #cards 512 size 80 coarsen threshold 460 Card regions per heap region 1 cards per card region 4096
 CPUs: 8 total, 8 available
 Memory: 16167M
 Large Page Support: Disabled
 NUMA Support: Disabled
 Compressed Oops: Enabled (Zero based)
 Heap Region Size: 2M
 Heap Min Capacity: 8M
 Heap Initial Capacity: 254M
 Heap Max Capacity: 4042M
 Pre-touch: Disabled
 Parallel Workers: 8
 Concurrent Workers: 2
 Concurrent Refinement Workers: 8
 Periodic GC: Disabled

Heap:
 garbage-first heap   total 260096K, used 12288K [0x0000000703600000, 0x0000000800000000)
  region size 2048K, 5 young (10240K), 0 survivors (0K)
 Metaspace       used 2760K, committed 2816K, reserved 1114112K
  class space    used 166K, committed 192K, reserved 1048576K

Heap Regions: E=young(eden), S=young(survivor), O=old, HS=humongous(starts), HC=humongous(continues), CS=collection set, F=free, TAMS=top-at-mark-start, PB=parsable bottom
|   0|0x0000000703600000, 0x0000000703800000, 0x0000000703800000|100%|HS|  |TAMS 0x0000000703600000| PB 0x0000000703600000| Complete 
|   1|0x0000000703800000, 0x0000000703a00000, 0x0000000703a00000|100%|HC|  |TAMS 0x0000000703800000| PB 0x0000000703800000| Complete 
|   2|0x0000000703a00000, 0x0000000703a00000, 0x0000000703c00000|  0%| F|  |TAMS 0x0000000703a00000| PB 0x0000000703a00000| Untracked 
|   3|0x0000000703c00000, 0x0000000703c00000, 0x0000000703e00000|  0%| F|  |TAMS 0x0000000703c00000| PB 0x0000000703c00000| Untracked 
|   4|0x0000000703e00000, 0x0000000703e00000, 0x0000000704000000|  0%| F|  |TAMS 0x0000000703e00000| PB 0x0000000703e00000| Untracked 
|   5|0x0000000704000000, 0x0000000704000000, 0x0000000704200000|  0%| F|  |TAMS 0x0000000704000000| PB 0x0000000704000000| Untracked 
|   6|0x0000000704200000, 0x0000000704200000, 0x0000000704400000|  0%| F|  |TAMS 0x0000000704200000| PB 0x0000000704200000| Untracked 
|   7|0x0000000704400000, 0x0000000704400000, 0x0000000704600000|  0%| F|  |TAMS 0x0000000704400000| PB 0x0000000704400000| Untracked 
|   8|0x0000000704600000, 0x0000000704600000, 0x0000000704800000|  0%| F|  |TAMS 0x0000000704600000| PB 0x0000000704600000| Untracked 
|   9|0x0000000704800000, 0x0000000704800000, 0x0000000704a00000|  0%| F|  |TAMS 0x0000000704800000| PB 0x0000000704800000| Untracked 
|  10|0x0000000704a00000, 0x0000000704a00000, 0x0000000704c00000|  0%| F|  |TAMS 0x0000000704a00000| PB 0x0000000704a00000| Untracked 
|  11|0x0000000704c00000, 0x0000000704c00000, 0x0000000704e00000|  0%| F|  |TAMS 0x0000000704c00000| PB 0x0000000704c00000| Untracked 
|  12|0x0000000704e00000, 0x0000000704e00000, 0x0000000705000000|  0%| F|  |TAMS 0x0000000704e00000| PB 0x0000000704e00000| Untracked 
|  13|0x0000000705000000, 0x0000000705000000, 0x0000000705200000|  0%| F|  |TAMS 0x0000000705000000| PB 0x0000000705000000| Untracked 
|  14|0x0000000705200000, 0x0000000705200000, 0x0000000705400000|  0%| F|  |TAMS 0x0000000705200000| PB 0x0000000705200000| Untracked 
|  15|0x0000000705400000, 0x0000000705400000, 0x0000000705600000|  0%| F|  |TAMS 0x0000000705400000| PB 0x0000000705400000| Untracked 
|  16|0x0000000705600000, 0x0000000705600000, 0x0000000705800000|  0%| F|  |TAMS 0x0000000705600000| PB 0x0000000705600000| Untracked 
|  17|0x0000000705800000, 0x0000000705800000, 0x0000000705a00000|  0%| F|  |TAMS 0x0000000705800000| PB 0x0000000705800000| Untracked 
|  18|0x0000000705a00000, 0x0000000705a00000, 0x0000000705c00000|  0%| F|  |TAMS 0x0000000705a00000| PB 0x0000000705a00000| Untracked 
|  19|0x0000000705c00000, 0x0000000705c00000, 0x0000000705e00000|  0%| F|  |TAMS 0x0000000705c00000| PB 0x0000000705c00000| Untracked 
|  20|0x0000000705e00000, 0x0000000705e00000, 0x0000000706000000|  0%| F|  |TAMS 0x0000000705e00000| PB 0x0000000705e00000| Untracked 
|  21|0x0000000706000000, 0x0000000706000000, 0x0000000706200000|  0%| F|  |TAMS 0x0000000706000000| PB 0x0000000706000000| Untracked 
|  22|0x0000000706200000, 0x0000000706200000, 0x0000000706400000|  0%| F|  |TAMS 0x0000000706200000| PB 0x0000000706200000| Untracked 
|  23|0x0000000706400000, 0x0000000706400000, 0x0000000706600000|  0%| F|  |TAMS 0x0000000706400000| PB 0x0000000706400000| Untracked 
|  24|0x0000000706600000, 0x0000000706600000, 0x0000000706800000|  0%| F|  |TAMS 0x0000000706600000| PB 0x0000000706600000| Untracked 
|  25|0x0000000706800000, 0x0000000706800000, 0x0000000706a00000|  0%| F|  |TAMS 0x0000000706800000| PB 0x0000000706800000| Untracked 
|  26|0x0000000706a00000, 0x0000000706a00000, 0x0000000706c00000|  0%| F|  |TAMS 0x0000000706a00000| PB 0x0000000706a00000| Untracked 
|  27|0x0000000706c00000, 0x0000000706c00000, 0x0000000706e00000|  0%| F|  |TAMS 0x0000000706c00000| PB 0x0000000706c00000| Untracked 
|  28|0x0000000706e00000, 0x0000000706e00000, 0x0000000707000000|  0%| F|  |TAMS 0x0000000706e00000| PB 0x0000000706e00000| Untracked 
|  29|0x0000000707000000, 0x0000000707000000, 0x0000000707200000|  0%| F|  |TAMS 0x0000000707000000| PB 0x0000000707000000| Untracked 
|  30|0x0000000707200000, 0x0000000707200000, 0x0000000707400000|  0%| F|  |TAMS 0x0000000707200000| PB 0x0000000707200000| Untracked 
|  31|0x0000000707400000, 0x0000000707400000, 0x0000000707600000|  0%| F|  |TAMS 0x0000000707400000| PB 0x0000000707400000| Untracked 
|  32|0x0000000707600000, 0x0000000707600000, 0x0000000707800000|  0%| F|  |TAMS 0x0000000707600000| PB 0x0000000707600000| Untracked 
|  33|0x0000000707800000, 0x0000000707800000, 0x0000000707a00000|  0%| F|  |TAMS 0x0000000707800000| PB 0x0000000707800000| Untracked 
|  34|0x0000000707a00000, 0x0000000707a00000, 0x0000000707c00000|  0%| F|  |TAMS 0x0000000707a00000| PB 0x0000000707a00000| Untracked 
|  35|0x0000000707c00000, 0x0000000707c00000, 0x0000000707e00000|  0%| F|  |TAMS 0x0000000707c00000| PB 0x0000000707c00000| Untracked 
|  36|0x0000000707e00000, 0x0000000707e00000, 0x0000000708000000|  0%| F|  |TAMS 0x0000000707e00000| PB 0x0000000707e00000| Untracked 
|  37|0x0000000708000000, 0x0000000708000000, 0x0000000708200000|  0%| F|  |TAMS 0x0000000708000000| PB 0x0000000708000000| Untracked 
|  38|0x0000000708200000, 0x0000000708200000, 0x0000000708400000|  0%| F|  |TAMS 0x0000000708200000| PB 0x0000000708200000| Untracked 
|  39|0x0000000708400000, 0x0000000708400000, 0x0000000708600000|  0%| F|  |TAMS 0x0000000708400000| PB 0x0000000708400000| Untracked 
|  40|0x0000000708600000, 0x0000000708600000, 0x0000000708800000|  0%| F|  |TAMS 0x0000000708600000| PB 0x0000000708600000| Untracked 
|  41|0x0000000708800000, 0x0000000708800000, 0x0000000708a00000|  0%| F|  |TAMS 0x0000000708800000| PB 0x0000000708800000| Untracked 
|  42|0x0000000708a00000, 0x0000000708a00000, 0x0000000708c00000|  0%| F|  |TAMS 0x0000000708a00000| PB 0x0000000708a00000| Untracked 
|  43|0x0000000708c00000, 0x0000000708c00000, 0x0000000708e00000|  0%| F|  |TAMS 0x0000000708c00000| PB 0x0000000708c00000| Untracked 
|  44|0x0000000708e00000, 0x0000000708e00000, 0x0000000709000000|  0%| F|  |TAMS 0x0000000708e00000| PB 0x0000000708e00000| Untracked 
|  45|0x0000000709000000, 0x0000000709000000, 0x0000000709200000|  0%| F|  |TAMS 0x0000000709000000| PB 0x0000000709000000| Untracked 
|  46|0x0000000709200000, 0x0000000709200000, 0x0000000709400000|  0%| F|  |TAMS 0x0000000709200000| PB 0x0000000709200000| Untracked 
|  47|0x0000000709400000, 0x0000000709400000, 0x0000000709600000|  0%| F|  |TAMS 0x0000000709400000| PB 0x0000000709400000| Untracked 
|  48|0x0000000709600000, 0x0000000709600000, 0x0000000709800000|  0%| F|  |TAMS 0x0000000709600000| PB 0x0000000709600000| Untracked 
|  49|0x0000000709800000, 0x0000000709800000, 0x0000000709a00000|  0%| F|  |TAMS 0x0000000709800000| PB 0x0000000709800000| Untracked 
|  50|0x0000000709a00000, 0x0000000709a00000, 0x0000000709c00000|  0%| F|  |TAMS 0x0000000709a00000| PB 0x0000000709a00000| Untracked 
|  51|0x0000000709c00000, 0x0000000709c00000, 0x0000000709e00000|  0%| F|  |TAMS 0x0000000709c00000| PB 0x0000000709c00000| Untracked 
|  52|0x0000000709e00000, 0x0000000709e00000, 0x000000070a000000|  0%| F|  |TAMS 0x0000000709e00000| PB 0x0000000709e00000| Untracked 
|  53|0x000000070a000000, 0x000000070a000000, 0x000000070a200000|  0%| F|  |TAMS 0x000000070a000000| PB 0x000000070a000000| Untracked 
|  54|0x000000070a200000, 0x000000070a200000, 0x000000070a400000|  0%| F|  |TAMS 0x000000070a200000| PB 0x000000070a200000| Untracked 
|  55|0x000000070a400000, 0x000000070a400000, 0x000000070a600000|  0%| F|  |TAMS 0x000000070a400000| PB 0x000000070a400000| Untracked 
|  56|0x000000070a600000, 0x000000070a600000, 0x000000070a800000|  0%| F|  |TAMS 0x000000070a600000| PB 0x000000070a600000| Untracked 
|  57|0x000000070a800000, 0x000000070a800000, 0x000000070aa00000|  0%| F|  |TAMS 0x000000070a800000| PB 0x000000070a800000| Untracked 
|  58|0x000000070aa00000, 0x000000070aa00000, 0x000000070ac00000|  0%| F|  |TAMS 0x000000070aa00000| PB 0x000000070aa00000| Untracked 
|  59|0x000000070ac00000, 0x000000070ac00000, 0x000000070ae00000|  0%| F|  |TAMS 0x000000070ac00000| PB 0x000000070ac00000| Untracked 
|  60|0x000000070ae00000, 0x000000070ae00000, 0x000000070b000000|  0%| F|  |TAMS 0x000000070ae00000| PB 0x000000070ae00000| Untracked 
|  61|0x000000070b000000, 0x000000070b000000, 0x000000070b200000|  0%| F|  |TAMS 0x000000070b000000| PB 0x000000070b000000| Untracked 
|  62|0x000000070b200000, 0x000000070b200000, 0x000000070b400000|  0%| F|  |TAMS 0x000000070b200000| PB 0x000000070b200000| Untracked 
|  63|0x000000070b400000, 0x000000070b400000, 0x000000070b600000|  0%| F|  |TAMS 0x000000070b400000| PB 0x000000070b400000| Untracked 
|  64|0x000000070b600000, 0x000000070b600000, 0x000000070b800000|  0%| F|  |TAMS 0x000000070b600000| PB 0x000000070b600000| Untracked 
|  65|0x000000070b800000, 0x000000070b800000, 0x000000070ba00000|  0%| F|  |TAMS 0x000000070b800000| PB 0x000000070b800000| Untracked 
|  66|0x000000070ba00000, 0x000000070ba00000, 0x000000070bc00000|  0%| F|  |TAMS 0x000000070ba00000| PB 0x000000070ba00000| Untracked 
|  67|0x000000070bc00000, 0x000000070bc00000, 0x000000070be00000|  0%| F|  |TAMS 0x000000070bc00000| PB 0x000000070bc00000| Untracked 
|  68|0x000000070be00000, 0x000000070be00000, 0x000000070c000000|  0%| F|  |TAMS 0x000000070be00000| PB 0x000000070be00000| Untracked 
|  69|0x000000070c000000, 0x000000070c000000, 0x000000070c200000|  0%| F|  |TAMS 0x000000070c000000| PB 0x000000070c000000| Untracked 
|  70|0x000000070c200000, 0x000000070c200000, 0x000000070c400000|  0%| F|  |TAMS 0x000000070c200000| PB 0x000000070c200000| Untracked 
|  71|0x000000070c400000, 0x000000070c400000, 0x000000070c600000|  0%| F|  |TAMS 0x000000070c400000| PB 0x000000070c400000| Untracked 
|  72|0x000000070c600000, 0x000000070c600000, 0x000000070c800000|  0%| F|  |TAMS 0x000000070c600000| PB 0x000000070c600000| Untracked 
|  73|0x000000070c800000, 0x000000070c800000, 0x000000070ca00000|  0%| F|  |TAMS 0x000000070c800000| PB 0x000000070c800000| Untracked 
|  74|0x000000070ca00000, 0x000000070ca00000, 0x000000070cc00000|  0%| F|  |TAMS 0x000000070ca00000| PB 0x000000070ca00000| Untracked 
|  75|0x000000070cc00000, 0x000000070cc00000, 0x000000070ce00000|  0%| F|  |TAMS 0x000000070cc00000| PB 0x000000070cc00000| Untracked 
|  76|0x000000070ce00000, 0x000000070ce00000, 0x000000070d000000|  0%| F|  |TAMS 0x000000070ce00000| PB 0x000000070ce00000| Untracked 
|  77|0x000000070d000000, 0x000000070d000000, 0x000000070d200000|  0%| F|  |TAMS 0x000000070d000000| PB 0x000000070d000000| Untracked 
|  78|0x000000070d200000, 0x000000070d200000, 0x000000070d400000|  0%| F|  |TAMS 0x000000070d200000| PB 0x000000070d200000| Untracked 
|  79|0x000000070d400000, 0x000000070d400000, 0x000000070d600000|  0%| F|  |TAMS 0x000000070d400000| PB 0x000000070d400000| Untracked 
|  80|0x000000070d600000, 0x000000070d600000, 0x000000070d800000|  0%| F|  |TAMS 0x000000070d600000| PB 0x000000070d600000| Untracked 
|  81|0x000000070d800000, 0x000000070d800000, 0x000000070da00000|  0%| F|  |TAMS 0x000000070d800000| PB 0x000000070d800000| Untracked 
|  82|0x000000070da00000, 0x000000070da00000, 0x000000070dc00000|  0%| F|  |TAMS 0x000000070da00000| PB 0x000000070da00000| Untracked 
|  83|0x000000070dc00000, 0x000000070dc00000, 0x000000070de00000|  0%| F|  |TAMS 0x000000070dc00000| PB 0x000000070dc00000| Untracked 
|  84|0x000000070de00000, 0x000000070de00000, 0x000000070e000000|  0%| F|  |TAMS 0x000000070de00000| PB 0x000000070de00000| Untracked 
|  85|0x000000070e000000, 0x000000070e000000, 0x000000070e200000|  0%| F|  |TAMS 0x000000070e000000| PB 0x000000070e000000| Untracked 
|  86|0x000000070e200000, 0x000000070e200000, 0x000000070e400000|  0%| F|  |TAMS 0x000000070e200000| PB 0x000000070e200000| Untracked 
|  87|0x000000070e400000, 0x000000070e400000, 0x000000070e600000|  0%| F|  |TAMS 0x000000070e400000| PB 0x000000070e400000| Untracked 
|  88|0x000000070e600000, 0x000000070e600000, 0x000000070e800000|  0%| F|  |TAMS 0x000000070e600000| PB 0x000000070e600000| Untracked 
|  89|0x000000070e800000, 0x000000070e800000, 0x000000070ea00000|  0%| F|  |TAMS 0x000000070e800000| PB 0x000000070e800000| Untracked 
|  90|0x000000070ea00000, 0x000000070ea00000, 0x000000070ec00000|  0%| F|  |TAMS 0x000000070ea00000| PB 0x000000070ea00000| Untracked 
|  91|0x000000070ec00000, 0x000000070ec00000, 0x000000070ee00000|  0%| F|  |TAMS 0x000000070ec00000| PB 0x000000070ec00000| Untracked 
|  92|0x000000070ee00000, 0x000000070ee00000, 0x000000070f000000|  0%| F|  |TAMS 0x000000070ee00000| PB 0x000000070ee00000| Untracked 
|  93|0x000000070f000000, 0x000000070f000000, 0x000000070f200000|  0%| F|  |TAMS 0x000000070f000000| PB 0x000000070f000000| Untracked 
|  94|0x000000070f200000, 0x000000070f200000, 0x000000070f400000|  0%| F|  |TAMS 0x000000070f200000| PB 0x000000070f200000| Untracked 
|  95|0x000000070f400000, 0x000000070f400000, 0x000000070f600000|  0%| F|  |TAMS 0x000000070f400000| PB 0x000000070f400000| Untracked 
|  96|0x000000070f600000, 0x000000070f600000, 0x000000070f800000|  0%| F|  |TAMS 0x000000070f600000| PB 0x000000070f600000| Untracked 
|  97|0x000000070f800000, 0x000000070f800000, 0x000000070fa00000|  0%| F|  |TAMS 0x000000070f800000| PB 0x000000070f800000| Untracked 
|  98|0x000000070fa00000, 0x000000070fa00000, 0x000000070fc00000|  0%| F|  |TAMS 0x000000070fa00000| PB 0x000000070fa00000| Untracked 
|  99|0x000000070fc00000, 0x000000070fc00000, 0x000000070fe00000|  0%| F|  |TAMS 0x000000070fc00000| PB 0x000000070fc00000| Untracked 
| 100|0x000000070fe00000, 0x000000070fe00000, 0x0000000710000000|  0%| F|  |TAMS 0x000000070fe00000| PB 0x000000070fe00000| Untracked 
| 101|0x0000000710000000, 0x0000000710000000, 0x0000000710200000|  0%| F|  |TAMS 0x0000000710000000| PB 0x0000000710000000| Untracked 
| 102|0x0000000710200000, 0x0000000710200000, 0x0000000710400000|  0%| F|  |TAMS 0x0000000710200000| PB 0x0000000710200000| Untracked 
| 103|0x0000000710400000, 0x0000000710400000, 0x0000000710600000|  0%| F|  |TAMS 0x0000000710400000| PB 0x0000000710400000| Untracked 
| 104|0x0000000710600000, 0x0000000710600000, 0x0000000710800000|  0%| F|  |TAMS 0x0000000710600000| PB 0x0000000710600000| Untracked 
| 105|0x0000000710800000, 0x0000000710800000, 0x0000000710a00000|  0%| F|  |TAMS 0x0000000710800000| PB 0x0000000710800000| Untracked 
| 106|0x0000000710a00000, 0x0000000710a00000, 0x0000000710c00000|  0%| F|  |TAMS 0x0000000710a00000| PB 0x0000000710a00000| Untracked 
| 107|0x0000000710c00000, 0x0000000710c00000, 0x0000000710e00000|  0%| F|  |TAMS 0x0000000710c00000| PB 0x0000000710c00000| Untracked 
| 108|0x0000000710e00000, 0x0000000710e00000, 0x0000000711000000|  0%| F|  |TAMS 0x0000000710e00000| PB 0x0000000710e00000| Untracked 
| 109|0x0000000711000000, 0x0000000711000000, 0x0000000711200000|  0%| F|  |TAMS 0x0000000711000000| PB 0x0000000711000000| Untracked 
| 110|0x0000000711200000, 0x0000000711200000, 0x0000000711400000|  0%| F|  |TAMS 0x0000000711200000| PB 0x0000000711200000| Untracked 
| 111|0x0000000711400000, 0x0000000711400000, 0x0000000711600000|  0%| F|  |TAMS 0x0000000711400000| PB 0x0000000711400000| Untracked 
| 112|0x0000000711600000, 0x0000000711600000, 0x0000000711800000|  0%| F|  |TAMS 0x0000000711600000| PB 0x0000000711600000| Untracked 
| 113|0x0000000711800000, 0x0000000711800000, 0x0000000711a00000|  0%| F|  |TAMS 0x0000000711800000| PB 0x0000000711800000| Untracked 
| 114|0x0000000711a00000, 0x0000000711a00000, 0x0000000711c00000|  0%| F|  |TAMS 0x0000000711a00000| PB 0x0000000711a00000| Untracked 
| 115|0x0000000711c00000, 0x0000000711c00000, 0x0000000711e00000|  0%| F|  |TAMS 0x0000000711c00000| PB 0x0000000711c00000| Untracked 
| 116|0x0000000711e00000, 0x0000000711e00000, 0x0000000712000000|  0%| F|  |TAMS 0x0000000711e00000| PB 0x0000000711e00000| Untracked 
| 117|0x0000000712000000, 0x0000000712000000, 0x0000000712200000|  0%| F|  |TAMS 0x0000000712000000| PB 0x0000000712000000| Untracked 
| 118|0x0000000712200000, 0x0000000712200000, 0x0000000712400000|  0%| F|  |TAMS 0x0000000712200000| PB 0x0000000712200000| Untracked 
| 119|0x0000000712400000, 0x0000000712400000, 0x0000000712600000|  0%| F|  |TAMS 0x0000000712400000| PB 0x0000000712400000| Untracked 
| 120|0x0000000712600000, 0x0000000712600000, 0x0000000712800000|  0%| F|  |TAMS 0x0000000712600000| PB 0x0000000712600000| Untracked 
| 121|0x0000000712800000, 0x0000000712800000, 0x0000000712a00000|  0%| F|  |TAMS 0x0000000712800000| PB 0x0000000712800000| Untracked 
| 122|0x0000000712a00000, 0x0000000712c00000, 0x0000000712c00000|100%| E|  |TAMS 0x0000000712a00000| PB 0x0000000712a00000| Complete 
| 123|0x0000000712c00000, 0x0000000712e00000, 0x0000000712e00000|100%| E|CS|TAMS 0x0000000712c00000| PB 0x0000000712c00000| Complete 
| 124|0x0000000712e00000, 0x0000000713000000, 0x0000000713000000|100%| E|CS|TAMS 0x0000000712e00000| PB 0x0000000712e00000| Complete 
| 125|0x0000000713000000, 0x0000000713200000, 0x0000000713200000|100%| E|CS|TAMS 0x0000000713000000| PB 0x0000000713000000| Complete 
| 126|0x0000000713200000, 0x0000000713400000, 0x0000000713400000|100%| E|CS|TAMS 0x0000000713200000| PB 0x0000000713200000| Complete 

Card table byte_map: [0x000001b69d270000,0x000001b69da60000] _byte_map_base: 0x000001b699a55000

Marking Bits: (CMBitMap*) 0x000001b68a5d8cd0
 Bits: [0x000001b69da60000, 0x000001b6a1988000)

Polling page: 0x000001b689ca0000

Metaspace:

Usage:
  Non-class:      2.53 MB used.
      Class:    166.29 KB used.
       Both:      2.70 MB used.

Virtual space:
  Non-class space:       64.00 MB reserved,       2.56 MB (  4%) committed,  1 nodes.
      Class space:        1.00 GB reserved,     192.00 KB ( <1%) committed,  1 nodes.
             Both:        1.06 GB reserved,       2.75 MB ( <1%) committed. 

Chunk freelists:
   Non-Class:  10.11 MB
       Class:  15.64 MB
        Both:  25.75 MB

MaxMetaspaceSize: unlimited
CompressedClassSpaceSize: 1.00 GB
Initial GC threshold: 21.00 MB
Current GC threshold: 21.00 MB
CDS: on
 - commit_granule_bytes: 65536.
 - commit_granule_words: 8192.
 - virtual_space_node_default_size: 8388608.
 - enlarge_chunks_in_place: 1.
 - use_allocation_guard: 0.


Internal statistics:

num_allocs_failed_limit: 0.
num_arena_births: 12.
num_arena_deaths: 0.
num_vsnodes_births: 2.
num_vsnodes_deaths: 0.
num_space_committed: 44.
num_space_uncommitted: 0.
num_chunks_returned_to_freelist: 0.
num_chunks_taken_from_freelist: 92.
num_chunk_merges: 0.
num_chunk_splits: 73.
num_chunks_enlarged: 64.
num_inconsistent_stats: 0.

CodeHeap 'non-profiled nmethods': size=120000Kb used=137Kb max_used=137Kb free=119862Kb
 bounds [0x000001b695220000, 0x000001b695490000, 0x000001b69c750000]
CodeHeap 'profiled nmethods': size=120000Kb used=488Kb max_used=488Kb free=119511Kb
 bounds [0x000001b68d750000, 0x000001b68d9c0000, 0x000001b694c80000]
CodeHeap 'non-nmethods': size=5760Kb used=1436Kb max_used=1450Kb free=4323Kb
 bounds [0x000001b694c80000, 0x000001b694ef0000, 0x000001b695220000]
 total_blobs=813 nmethods=387 adapters=331
 compilation: enabled
              stopped_count=0, restarted_count=0
 full_count=0

Compilation events (20 events):
Event: 6.474 Thread 0x000001b6a440a020 nmethod 369 0x000001b68d7c3e90 code [0x000001b68d7c4040, 0x000001b68d7c42e8]
Event: 6.474 Thread 0x000001b6a440a020  366       3       jdk.internal.org.objectweb.asm.SymbolTable$Entry::<init> (17 bytes)
Event: 6.474 Thread 0x000001b6a440a020 nmethod 366 0x000001b68d7c4410 code [0x000001b68d7c45c0, 0x000001b68d7c4740]
Event: 6.474 Thread 0x000001b6a440a020  372       3       java.lang.invoke.MethodType::parameterType (7 bytes)
Event: 6.474 Thread 0x000001b6a440a020 nmethod 372 0x000001b68d7c4810 code [0x000001b68d7c49a0, 0x000001b68d7c4ae0]
Event: 6.474 Thread 0x000001b6a440a020  374       3       java.lang.invoke.MethodType::parameterCount (6 bytes)
Event: 6.474 Thread 0x000001b6a440a020 nmethod 374 0x000001b68d7c4b90 code [0x000001b68d7c4d20, 0x000001b68d7c4e38]
Event: 6.474 Thread 0x000001b6a440a020  375       1       java.lang.invoke.MethodHandle::type (5 bytes)
Event: 6.474 Thread 0x000001b6a440a020 nmethod 375 0x000001b695240d10 code [0x000001b695240ea0, 0x000001b695240f70]
Event: 6.475 Thread 0x000001b6a440a020  377       3       jdk.internal.org.objectweb.asm.SymbolTable::put (150 bytes)
Event: 6.475 Thread 0x000001b6a440a020 nmethod 377 0x000001b68d7c4f10 code [0x000001b68d7c5100, 0x000001b68d7c5998]
Event: 6.475 Thread 0x000001b6a440a020  378       3       java.util.ArrayList::add (25 bytes)
Event: 6.475 Thread 0x000001b6a440a020 nmethod 378 0x000001b68d7c5c90 code [0x000001b68d7c5e60, 0x000001b68d7c6290]
Event: 6.475 Thread 0x000001b6a440a020  379       3       java.util.ArrayList::add (23 bytes)
Event: 6.475 Thread 0x000001b6a440a020 nmethod 379 0x000001b68d7c6490 code [0x000001b68d7c6660, 0x000001b68d7c6a10]
Event: 6.475 Thread 0x000001b6a440a020  381   !   3       java.util.concurrent.ConcurrentHashMap::computeIfAbsent (576 bytes)
Event: 6.476 Thread 0x000001b6a4405520  386       4       jdk.internal.org.objectweb.asm.SymbolTable::get (13 bytes)
Event: 7.483 Thread 0x000001b6a440a020 nmethod 381 0x000001b68d7c6b90 code [0x000001b68d7c6fe0, 0x000001b68d7c92f0]
Event: 7.498 Thread 0x000001b6a440a020  384       3       jdk.internal.org.objectweb.asm.Frame::execute (2305 bytes)
Event: 7.499 Thread 0x000001b6a4405520 nmethod 386 0x000001b695241490 code [0x000001b695241620, 0x000001b695241728]

GC Heap History (0 events):
No events

Dll operation events (6 events):
Event: 0.011 Loaded shared library C:\Users\Raul C\.vscode\extensions\redhat.java-1.42.0-win32-x64\jre\21.0.7-win32-x86_64\bin\java.dll
Event: 0.196 Loaded shared library C:\Users\Raul C\.vscode\extensions\redhat.java-1.42.0-win32-x64\jre\21.0.7-win32-x86_64\bin\zip.dll
Event: 0.201 Loaded shared library C:\Users\Raul C\.vscode\extensions\redhat.java-1.42.0-win32-x64\jre\21.0.7-win32-x86_64\bin\net.dll
Event: 0.203 Loaded shared library C:\Users\Raul C\.vscode\extensions\redhat.java-1.42.0-win32-x64\jre\21.0.7-win32-x86_64\bin\nio.dll
Event: 0.229 Loaded shared library C:\Users\Raul C\.vscode\extensions\redhat.java-1.42.0-win32-x64\jre\21.0.7-win32-x86_64\bin\zip.dll
Event: 1.269 Loaded shared library C:\Users\Raul C\.vscode\extensions\redhat.java-1.42.0-win32-x64\jre\21.0.7-win32-x86_64\bin\jimage.dll

Deoptimization events (20 events):
Event: 0.221 Thread 0x000001b688194980 DEOPT PACKING pc=0x000001b68d76ba49 sp=0x00000001005fdb40
Event: 0.221 Thread 0x000001b688194980 DEOPT UNPACKING pc=0x000001b694cd88e2 sp=0x00000001005fcfb0 mode 0
Event: 0.221 Thread 0x000001b688194980 DEOPT PACKING pc=0x000001b68d76ba49 sp=0x00000001005fdb40
Event: 0.221 Thread 0x000001b688194980 DEOPT UNPACKING pc=0x000001b694cd88e2 sp=0x00000001005fcfb0 mode 0
Event: 0.221 Thread 0x000001b688194980 DEOPT PACKING pc=0x000001b68d76ba49 sp=0x00000001005fdb40
Event: 0.221 Thread 0x000001b688194980 DEOPT UNPACKING pc=0x000001b694cd88e2 sp=0x00000001005fcfb0 mode 0
Event: 0.221 Thread 0x000001b688194980 DEOPT PACKING pc=0x000001b68d76ba49 sp=0x00000001005fdb40
Event: 0.221 Thread 0x000001b688194980 DEOPT UNPACKING pc=0x000001b694cd88e2 sp=0x00000001005fcfb0 mode 0
Event: 1.283 Thread 0x000001b688194980 Uncommon trap: trap_request=0xffffff45 fr.pc=0x000001b695229344 relative=0x0000000000000a64
Event: 1.283 Thread 0x000001b688194980 Uncommon trap: reason=unstable_if action=reinterpret pc=0x000001b695229344 method=java.util.zip.ZipFile$Source.checkAndAddEntry(II)I @ 50 c2
Event: 1.283 Thread 0x000001b688194980 DEOPT PACKING pc=0x000001b695229344 sp=0x00000001005fe8b0
Event: 1.283 Thread 0x000001b688194980 DEOPT UNPACKING pc=0x000001b694cd7da2 sp=0x00000001005fe820 mode 2
Event: 1.301 Thread 0x000001b688194980 Uncommon trap: trap_request=0xffffff45 fr.pc=0x000001b69522cb24 relative=0x00000000000002c4
Event: 1.301 Thread 0x000001b688194980 Uncommon trap: reason=unstable_if action=reinterpret pc=0x000001b69522cb24 method=java.lang.StringLatin1.hashCode([B)I @ 2 c2
Event: 1.301 Thread 0x000001b688194980 DEOPT PACKING pc=0x000001b69522cb24 sp=0x00000001005fc2d0
Event: 1.301 Thread 0x000001b688194980 DEOPT UNPACKING pc=0x000001b694cd7da2 sp=0x00000001005fc208 mode 2
Event: 2.357 Thread 0x000001b688194980 DEOPT PACKING pc=0x000001b68d76874c sp=0x00000001005fe600
Event: 2.357 Thread 0x000001b688194980 DEOPT UNPACKING pc=0x000001b694cd88e2 sp=0x00000001005fda20 mode 0
Event: 2.357 Thread 0x000001b688194980 DEOPT PACKING pc=0x000001b68d766bcc sp=0x00000001005fe590
Event: 2.357 Thread 0x000001b688194980 DEOPT UNPACKING pc=0x000001b694cd88e2 sp=0x00000001005fda18 mode 0

Classes loaded (20 events):
Event: 6.471 Loading class java/lang/reflect/Proxy$ProxyBuilder$ProxyClassContext
Event: 6.471 Loading class java/lang/reflect/Proxy$ProxyBuilder$ProxyClassContext done
Event: 6.471 Loading class java/lang/reflect/ProxyGenerator
Event: 6.471 Loading class java/lang/reflect/ProxyGenerator done
Event: 6.471 Loading class java/lang/reflect/ProxyGenerator$ProxyMethod
Event: 6.472 Loading class java/lang/reflect/ProxyGenerator$ProxyMethod done
Event: 6.472 Loading class java/lang/InterruptedException
Event: 6.472 Loading class java/lang/InterruptedException done
Event: 6.473 Loading class java/lang/reflect/ProxyGenerator$PrimitiveTypeInfo
Event: 6.473 Loading class java/lang/reflect/ProxyGenerator$PrimitiveTypeInfo done
Event: 6.473 Loading class jdk/internal/org/objectweb/asm/Edge
Event: 6.473 Loading class jdk/internal/org/objectweb/asm/Edge done
Event: 6.474 Loading class java/lang/reflect/Proxy$ProxyBuilder$1
Event: 6.474 Loading class java/lang/reflect/Proxy$ProxyBuilder$1 done
Event: 6.475 Loading class java/lang/annotation/Target
Event: 6.475 Loading class java/lang/annotation/Target done
Event: 7.498 Loading class java/lang/IllegalAccessException
Event: 7.498 Loading class java/lang/IllegalAccessException done
Event: 7.498 Loading class java/lang/reflect/UndeclaredThrowableException
Event: 7.498 Loading class java/lang/reflect/UndeclaredThrowableException done

Classes unloaded (0 events):
No events

Classes redefined (0 events):
No events

Internal exceptions (0 events):
No events

ZGC Phase Switch (0 events):
No events

VM Operations (12 events):
Event: 0.229 Executing VM operation: HandshakeAllThreads (Deoptimize)
Event: 1.243 Executing VM operation: HandshakeAllThreads (Deoptimize) done
Event: 1.243 Executing VM operation: Cleanup
Event: 1.243 Executing VM operation: Cleanup done
Event: 2.247 Executing VM operation: Cleanup
Event: 2.357 Executing VM operation: Cleanup done
Event: 6.383 Executing VM operation: Cleanup
Event: 6.445 Executing VM operation: Cleanup done
Event: 7.450 Executing VM operation: Cleanup
Event: 7.498 Executing VM operation: Cleanup done
Event: 8.510 Executing VM operation: Cleanup
Event: 8.511 Executing VM operation: Cleanup done

Memory protections (0 events):
No events

Nmethod flushes (0 events):
No events

Events (15 events):
Event: 0.109 Thread 0x000001b688194980 Thread added: 0x000001b688194980
Event: 0.124 Thread 0x000001b688194980 Thread added: 0x000001b6a43ebb70
Event: 0.124 Thread 0x000001b688194980 Thread added: 0x000001b6a43ef140
Event: 0.124 Thread 0x000001b688194980 Thread added: 0x000001b6a43f0960
Event: 0.124 Thread 0x000001b688194980 Thread added: 0x000001b6a43f4500
Event: 0.124 Thread 0x000001b688194980 Thread added: 0x000001b6a43fe8c0
Event: 0.124 Thread 0x000001b688194980 Thread added: 0x000001b6a4401430
Event: 0.124 Thread 0x000001b688194980 Thread added: 0x000001b6a4405520
Event: 0.124 Thread 0x000001b688194980 Thread added: 0x000001b6a440a020
Event: 0.195 Thread 0x000001b688194980 Thread added: 0x000001b6a4401ac0
Event: 0.198 Thread 0x000001b688194980 Thread added: 0x000001b6a4400710
Event: 1.230 Thread 0x000001b6a4405520 Thread added: 0x000001b6a45ca9a0
Event: 1.230 Thread 0x000001b6a4405520 Thread added: 0x000001b6a45d06d0
Event: 2.357 Thread 0x000001b6a45d06d0 Thread exited: 0x000001b6a45d06d0
Event: 5.401 Thread 0x000001b6a45ca9a0 Thread exited: 0x000001b6a45ca9a0


Dynamic libraries:
0x00007ff6edf70000 - 0x00007ff6edf7e000 	C:\Users\Raul C\.vscode\extensions\redhat.java-1.42.0-win32-x64\jre\21.0.7-win32-x86_64\bin\java.exe
0x00007ffeb1d80000 - 0x00007ffeb1fe6000 	C:\WINDOWS\SYSTEM32\ntdll.dll
0x00007ffeb1310000 - 0x00007ffeb13d9000 	C:\WINDOWS\System32\KERNEL32.DLL
0x00007ffeaf330000 - 0x00007ffeaf6fc000 	C:\WINDOWS\System32\KERNELBASE.dll
0x00007ffea91a0000 - 0x00007ffea923e000 	C:\WINDOWS\SYSTEM32\apphelp.dll
0x00007ffeaf150000 - 0x00007ffeaf29b000 	C:\WINDOWS\System32\ucrtbase.dll
0x00007ffe97450000 - 0x00007ffe97468000 	C:\Users\Raul C\.vscode\extensions\redhat.java-1.42.0-win32-x64\jre\21.0.7-win32-x86_64\bin\jli.dll
0x00007ffe970c0000 - 0x00007ffe970de000 	C:\Users\Raul C\.vscode\extensions\redhat.java-1.42.0-win32-x64\jre\21.0.7-win32-x86_64\bin\VCRUNTIME140.dll
0x00007ffeb0910000 - 0x00007ffeb0ada000 	C:\WINDOWS\System32\USER32.dll
0x00007ffeafa60000 - 0x00007ffeafa87000 	C:\WINDOWS\System32\win32u.dll
0x00007ffeb0830000 - 0x00007ffeb085b000 	C:\WINDOWS\System32\GDI32.dll
0x00007ffe86b90000 - 0x00007ffe86e2a000 	C:\WINDOWS\WinSxS\amd64_microsoft.windows.common-controls_6595b64144ccf1df_6.0.26100.3912_none_3e07963ce335137e\COMCTL32.dll
0x00007ffeaf700000 - 0x00007ffeaf832000 	C:\WINDOWS\System32\gdi32full.dll
0x00007ffeb0860000 - 0x00007ffeb0909000 	C:\WINDOWS\System32\msvcrt.dll
0x00007ffeafa90000 - 0x00007ffeafb33000 	C:\WINDOWS\System32\msvcp_win.dll
0x00007ffeb1870000 - 0x00007ffeb18a0000 	C:\WINDOWS\System32\IMM32.DLL
0x00007ffea53e0000 - 0x00007ffea53ec000 	C:\Users\Raul C\.vscode\extensions\redhat.java-1.42.0-win32-x64\jre\21.0.7-win32-x86_64\bin\vcruntime140_1.dll
0x00007ffe95cd0000 - 0x00007ffe95d5d000 	C:\Users\Raul C\.vscode\extensions\redhat.java-1.42.0-win32-x64\jre\21.0.7-win32-x86_64\bin\msvcp140.dll
0x00007ffe26f90000 - 0x00007ffe27d20000 	C:\Users\Raul C\.vscode\extensions\redhat.java-1.42.0-win32-x64\jre\21.0.7-win32-x86_64\bin\server\jvm.dll
0x00007ffeb0ae0000 - 0x00007ffeb0b92000 	C:\WINDOWS\System32\ADVAPI32.dll
0x00007ffeb1c00000 - 0x00007ffeb1ca6000 	C:\WINDOWS\System32\sechost.dll
0x00007ffeb03b0000 - 0x00007ffeb04c6000 	C:\WINDOWS\System32\RPCRT4.dll
0x00007ffeb07b0000 - 0x00007ffeb0824000 	C:\WINDOWS\System32\WS2_32.dll
0x00007ffeae730000 - 0x00007ffeae78e000 	C:\WINDOWS\SYSTEM32\POWRPROF.dll
0x00007ffea2b80000 - 0x00007ffea2bb6000 	C:\WINDOWS\SYSTEM32\WINMM.dll
0x00007ffe9d640000 - 0x00007ffe9d64b000 	C:\WINDOWS\SYSTEM32\VERSION.dll
0x00007ffeae710000 - 0x00007ffeae724000 	C:\WINDOWS\SYSTEM32\UMPDC.dll
0x00007ffeadc90000 - 0x00007ffeadcaa000 	C:\WINDOWS\SYSTEM32\kernel.appcore.dll
0x00007ffe9dd60000 - 0x00007ffe9dd6a000 	C:\Users\Raul C\.vscode\extensions\redhat.java-1.42.0-win32-x64\jre\21.0.7-win32-x86_64\bin\jimage.dll
0x00007ffeac530000 - 0x00007ffeac771000 	C:\WINDOWS\SYSTEM32\DBGHELP.DLL
0x00007ffeaff60000 - 0x00007ffeb02e4000 	C:\WINDOWS\System32\combase.dll
0x00007ffeb18b0000 - 0x00007ffeb1990000 	C:\WINDOWS\System32\OLEAUT32.dll
0x00007ffe88110000 - 0x00007ffe88149000 	C:\WINDOWS\SYSTEM32\dbgcore.DLL
0x00007ffeaf840000 - 0x00007ffeaf8d9000 	C:\WINDOWS\System32\bcryptPrimitives.dll
0x00007ffe970a0000 - 0x00007ffe970bf000 	C:\Users\Raul C\.vscode\extensions\redhat.java-1.42.0-win32-x64\jre\21.0.7-win32-x86_64\bin\java.dll
0x00007ffeb0be0000 - 0x00007ffeb130d000 	C:\WINDOWS\System32\SHELL32.dll
0x00007ffeaf8e0000 - 0x00007ffeafa54000 	C:\WINDOWS\System32\wintypes.dll
0x00007ffeacb40000 - 0x00007ffead396000 	C:\WINDOWS\SYSTEM32\windows.storage.dll
0x00007ffeafe60000 - 0x00007ffeaff4f000 	C:\WINDOWS\System32\SHCORE.dll
0x00007ffeb1b80000 - 0x00007ffeb1be9000 	C:\WINDOWS\System32\shlwapi.dll
0x00007ffeaee20000 - 0x00007ffeaee4f000 	C:\WINDOWS\SYSTEM32\profapi.dll
0x00007ffe97080000 - 0x00007ffe97098000 	C:\Users\Raul C\.vscode\extensions\redhat.java-1.42.0-win32-x64\jre\21.0.7-win32-x86_64\bin\zip.dll
0x00007ffe9dba0000 - 0x00007ffe9dbb0000 	C:\Users\Raul C\.vscode\extensions\redhat.java-1.42.0-win32-x64\jre\21.0.7-win32-x86_64\bin\net.dll
0x00007ffea2bc0000 - 0x00007ffea2cde000 	C:\WINDOWS\SYSTEM32\WINHTTP.dll
0x00007ffeae1e0000 - 0x00007ffeae24a000 	C:\WINDOWS\system32\mswsock.dll
0x00007ffe96ee0000 - 0x00007ffe96ef6000 	C:\Users\Raul C\.vscode\extensions\redhat.java-1.42.0-win32-x64\jre\21.0.7-win32-x86_64\bin\nio.dll

dbghelp: loaded successfully - version: 4.0.5 - missing functions: none
symbol engine: initialized successfully - sym options: 0x614 - pdb path: .;C:\Users\Raul C\.vscode\extensions\redhat.java-1.42.0-win32-x64\jre\21.0.7-win32-x86_64\bin;C:\WINDOWS\SYSTEM32;C:\WINDOWS\WinSxS\amd64_microsoft.windows.common-controls_6595b64144ccf1df_6.0.26100.3912_none_3e07963ce335137e;C:\Users\Raul C\.vscode\extensions\redhat.java-1.42.0-win32-x64\jre\21.0.7-win32-x86_64\bin\server

VM Arguments:
java_command: org.jetbrains.kotlin.cli.jvm.K2JVMCompiler @D:\a.programming\react-native-javascriptMastery\node_modules\expo-modules-autolinking\android\expo-gradle-plugin\expo-autolinking-plugin-shared\build\20250518_8149267385545463044.compiler.options
java_class_path (initial): C:\Users\Raul C\.gradle\caches\modules-2\files-2.1\org.jetbrains.kotlin\kotlin-compiler-embeddable\1.9.24\78dab849090e6c5e2eadb6e59a11cdc28fb67a08\kotlin-compiler-embeddable-1.9.24.jar;C:\Users\Raul C\.gradle\caches\modules-2\files-2.1\org.jetbrains.kotlin\kotlin-stdlib\1.9.24\9928532f12c66ad816a625b3f9984f8368ca6d2b\kotlin-stdlib-1.9.24.jar;C:\Users\Raul C\.gradle\caches\modules-2\files-2.1\org.jetbrains.kotlin\kotlin-script-runtime\1.9.24\96771497da90fbc5af1c90fce148db2595a62502\kotlin-script-runtime-1.9.24.jar;C:\Users\Raul C\.gradle\caches\modules-2\files-2.1\org.jetbrains.kotlin\kotlin-reflect\1.6.10\1cbe9c92c12a94eea200d23c2bbaedaf3daf5132\kotlin-reflect-1.6.10.jar;C:\Users\Raul C\.gradle\caches\modules-2\files-2.1\org.jetbrains.kotlin\kotlin-daemon-embeddable\1.9.24\86685b9c5e8d170925bd9ddbdc263374a6a73281\kotlin-daemon-embeddable-1.9.24.jar;C:\Users\Raul C\.gradle\caches\modules-2\files-2.1\org.jetbrains.intellij.deps\trove4j\1.0.20200330\3afb14d5f9ceb459d724e907a21145e8ff394f02\trove4j-1.0.20200330.jar;C:\Users\Raul C\.gradle\caches\modules-2\files-2.1\org.jetbrains\annotations\13.0\919f0dfe192fb4e063e7dacadee7f8bb9a2672a9\annotations-13.0.jar
Launcher Type: SUN_STANDARD

[Global flags]
     intx CICompilerCount                          = 4                                         {product} {ergonomic}
     uint ConcGCThreads                            = 2                                         {product} {ergonomic}
     uint G1ConcRefinementThreads                  = 8                                         {product} {ergonomic}
   size_t G1HeapRegionSize                         = 2097152                                   {product} {ergonomic}
    uintx GCDrainStackTargetSize                   = 64                                        {product} {ergonomic}
   size_t InitialHeapSize                          = 266338304                                 {product} {ergonomic}
   size_t MarkStackSize                            = 4194304                                   {product} {ergonomic}
   size_t MaxHeapSize                              = 4238344192                                {product} {ergonomic}
   size_t MaxNewSize                               = 2541748224                                {product} {ergonomic}
   size_t MinHeapDeltaBytes                        = 2097152                                   {product} {ergonomic}
   size_t MinHeapSize                              = 8388608                                   {product} {ergonomic}
    uintx NonNMethodCodeHeapSize                   = 5839372                                {pd product} {ergonomic}
    uintx NonProfiledCodeHeapSize                  = 122909434                              {pd product} {ergonomic}
    uintx ProfiledCodeHeapSize                     = 122909434                              {pd product} {ergonomic}
    uintx ReservedCodeCacheSize                    = 251658240                              {pd product} {ergonomic}
     bool SegmentedCodeCache                       = true                                      {product} {ergonomic}
   size_t SoftMaxHeapSize                          = 4238344192                             {manageable} {ergonomic}
     bool UseCompressedOops                        = true                           {product lp64_product} {ergonomic}
     bool UseG1GC                                  = true                                      {product} {ergonomic}
     bool UseLargePagesIndividualAllocation        = false                                  {pd product} {ergonomic}

Logging:
Log output configuration:
 #0: stdout all=warning uptime,level,tags foldmultilines=false
 #1: stderr all=off uptime,level,tags foldmultilines=false

Environment Variables:
JAVA_HOME=D:\java
PATH=C:\Program Files\Microsoft SDKs\Azure\CLI2\wbin;C:\Program Files\Common Files\Oracle\Java\javapath;C:\Python311\Scripts\;C:\Python311\;C:\WINDOWS\system32;C:\WINDOWS;C:\WINDOWS\System32\Wbem;C:\WINDOWS\System32\WindowsPowerShell\v1.0\;C:\WINDOWS\System32\OpenSSH\;C:\MinGW\bin;C:\Program Files\dotnet\;C:\Autodesk\MinGW\bin;D:\Git\cmd;C:\ProgramData\chocolatey\bin;C:\Program Files (x86)\NVIDIA Corporation\PhysX\Common;C:\Program Files\Microsoft SQL Server\150\Tools\Binn\;C:\WINDOWS\system32;C:\WINDOWS;C:\WINDOWS\System32\Wbem;C:\WINDOWS\System32\WindowsPowerShell\v1.0\;C:\WINDOWS\System32\OpenSSH\;C:\Program Files\MATLAB\R2023b\bin;C:\Program Files\Microsoft SQL Server\Client SDK\ODBC\170\Tools\Binn\;C:\Program Files (x86)\Windows Kits\10\Windows Performance Toolkit\;C:\Program Files (x86)\Microsoft SQL Server\160\Tools\Binn\;C:\Program Files\Microsoft SQL Server\160\Tools\Binn\;C:\Program Files\Microsoft SQL Server\160\DTS\Binn\;D:\android-studio\kotlinc\bin;C:\Users\Raul C\AppData\Roaming\nvm;C:\Program Files\nodejs;D:\mongo\bin;D:\a.programming\php;C:\Program Files\nodejs\;C:\Program Files\MySQL\MySQL Server 8.0\bin;C:\Program Files\NVIDIA Corporation\NVIDIA app\NvDLISR;D:\java\bin;D:\java\bin;D:\apache-maven-3.9.9-bin\apache-maven-3.9.9\bin;C:\Program Files (x86)\Microsoft SQL Server\160\DTS\Binn\;D:\aws\;C:\Program Files\MySQL\MySQL Shell 8.0\bin\;C:\Users\Raul C\.config\herd\bin;D:\orcad\OpenAccess\bin\win32\opt;D:\orcad\tools\pcb\bin;D:\orcad\tools\fet\bin;D:\orcad\tools\Capture;D:\orcad\tools\PSpice;D:\orcad\tools\specctra\bin;D:\orcad\tools\bin;C:\Users\Raul C\AppData\Local\Microsoft\WindowsApps;C:\Users\Raul C\AppData\Local\Programs\Hyper\resources\bin;C:\Users\Raul C\.dotnet\tools;C:\Users\Raul C\AppData\Local\GitHubDesktop\bin;C:\Users\Raul C\.dotnet\tools;C:\Users\Raul C\AppData\Local\Programs\Azure Data Studio\bin;C:\Users\Raul C\AppData\Roaming\nvm;C:\Program Files\nodejs;D:\;C:\Users\Raul C\AppData\Local\Microsoft\WindowsApps;C:\Users\Raul C\AppData\Roaming\npm;D:\IntelliJ IDEA 2024.3.2.2\bin;;C:\Users\Raul C\AppData\Local\Programs\Microsoft VS Code\bin
USERNAME=Raul C
OS=Windows_NT
PROCESSOR_IDENTIFIER=Intel64 Family 6 Model 140 Stepping 1, GenuineIntel
TMP=C:\Users\RAULC~1\AppData\Local\Temp
TEMP=C:\Users\RAULC~1\AppData\Local\Temp




Periodic native trim disabled

---------------  S Y S T E M  ---------------

OS:
 Windows 11 , 64 bit Build 26100 (10.0.26100.3912)
OS uptime: 1 days 4:00 hours
Hyper-V role detected

CPU: total 8 (initial active 8) (4 cores per cpu, 2 threads per core) family 6 model 140 stepping 1 microcode 0x86, cx8, cmov, fxsr, ht, mmx, 3dnowpref, sse, sse2, sse3, ssse3, sse4.1, sse4.2, popcnt, lzcnt, tsc, tscinvbit, avx, avx2, aes, erms, clmul, bmi1, bmi2, adx, avx512f, avx512dq, avx512cd, avx512bw, avx512vl, sha, fma, vzeroupper, avx512_vpopcntdq, avx512_vpclmulqdq, avx512_vaes, avx512_vnni, clflush, clflushopt, clwb, avx512_vbmi2, avx512_vbmi, hv, rdtscp, rdpid, fsrm, gfni, avx512_bitalg, f16c, cet_ibt, cet_ss, avx512_ifma
Processor Information for the first 8 processors :
  Max Mhz: 3110, Current Mhz: 3110, Mhz Limit: 3110

Memory: 4k page, system-wide physical 16167M (3467M free)
TotalPageFile size 18215M (AvailPageFile size 0M)
current process WorkingSet (physical memory assigned to process): 56M, peak: 56M
current process commit charge ("private bytes"): 342M, peak: 342M

vm_info: OpenJDK 64-Bit Server VM (21.0.7+6-LTS) for windows-amd64 JRE (21.0.7+6-LTS), built on 2025-04-15T00:00:00Z by "admin" with MS VC++ 17.7 (VS2022)

END.
