#
# There is insufficient memory for the Java Runtime Environment to continue.
# Native memory allocation (malloc) failed to allocate 35456 bytes. Error detail: Chunk::new
# Possible reasons:
#   The system is out of physical RAM or swap space
#   This process is running with CompressedOops enabled, and the Java Heap may be blocking the growth of the native heap
# Possible solutions:
#   Reduce memory load on the system
#   Increase physical memory or swap space
#   Check if swap backing store is full
#   Decrease Java heap size (-Xmx/-Xms)
#   Decrease number of Java threads
#   Decrease Java thread stack sizes (-Xss)
#   Set larger code cache with -XX:ReservedCodeCacheSize=
#   JVM is running with Unscaled Compressed Oops mode in which the Java heap is
#     placed in the first 4GB address space. The Java Heap base address is the
#     maximum limit for the native heap growth. Please use -XX:HeapBaseMinAddress
#     to set the Java Heap base and to place the Java Heap above 4GB virtual address.
# This output file may be truncated or incomplete.
#
#  Out of Memory Error (arena.cpp:168), pid=3984, tid=2576
#
# JRE version: OpenJDK Runtime Environment Temurin-21.0.7+6 (21.0.7+6) (build 21.0.7+6-LTS)
# Java VM: OpenJDK 64-Bit Server VM Temurin-21.0.7+6 (21.0.7+6-LTS, mixed mode, sharing, tiered, compressed oops, compressed class ptrs, parallel gc, windows-amd64)
# No core dump will be written. Minidumps are not enabled by default on client versions of Windows
#

---------------  S U M M A R Y ------------

Command Line: --add-modules=ALL-SYSTEM --add-opens=java.base/java.util=ALL-UNNAMED --add-opens=java.base/java.lang=ALL-UNNAMED --add-opens=java.base/sun.nio.fs=ALL-UNNAMED -Declipse.application=org.eclipse.jdt.ls.core.id1 -Dosgi.bundles.defaultStartLevel=4 -Declipse.product=org.eclipse.jdt.ls.core.product -Djava.import.generatesMetadataFilesAtProjectRoot=false -DDetectVMInstallationsJob.disabled=true -Dfile.encoding=utf8 -XX:+UseParallelGC -XX:GCTimeRatio=4 -XX:AdaptiveSizePolicyWeight=90 -Dsun.zip.disableMemoryMapping=true -Xmx1G -Xms100m -Xlog:disable -javaagent:c:\Users\Raul C\.vscode\extensions\redhat.java-1.42.0-win32-x64\lombok\lombok-1.18.36.jar -XX:+HeapDumpOnOutOfMemoryError -XX:HeapDumpPath=c:\Users\Raul C\AppData\Roaming\Code\User\workspaceStorage\6e53fea4b70537cba1629f41aa9e64fc\redhat.java -Daether.dependencyCollector.impl=bf c:\Users\Raul C\.vscode\extensions\redhat.java-1.42.0-win32-x64\server\plugins\org.eclipse.equinox.launcher_1.7.0.v20250424-1814.jar -configuration c:\Users\Raul C\AppData\Roaming\Code\User\globalStorage\redhat.java\1.42.0\config_win -data c:\Users\Raul C\AppData\Roaming\Code\User\workspaceStorage\6e53fea4b70537cba1629f41aa9e64fc\redhat.java\jdt_ws --pipe=\\.\pipe\lsp-b3219f8c30d42c505b0368d906a739aa-sock

Host: 11th Gen Intel(R) Core(TM) i5-11300H @ 3.10GHz, 8 cores, 15G,  Windows 11 , 64 bit Build 26100 (10.0.26100.3912)
Time: Sun May 18 17:52:28 2025 GTB Daylight Time elapsed time: 44.013234 seconds (0d 0h 0m 44s)

---------------  T H R E A D  ---------------

Current thread (0x000001b7e01c12c0):  JavaThread "C2 CompilerThread0" daemon [_thread_in_native, id=2576, stack(0x000000423c300000,0x000000423c400000) (1024K)]


Current CompileTask:
C2:44013 7765       4       com.google.gson.stream.JsonWriter::string (169 bytes)

Stack: [0x000000423c300000,0x000000423c400000]
Native frames: (J=compiled Java code, j=interpreted, Vv=VM code, C=native code)
V  [jvm.dll+0x6ce119]
V  [jvm.dll+0x8a84a1]
V  [jvm.dll+0x8aa9ce]
V  [jvm.dll+0x8ab0b3]
V  [jvm.dll+0x27f8a6]
V  [jvm.dll+0xc507d]
V  [jvm.dll+0xc55b3]
V  [jvm.dll+0x1448a1]
V  [jvm.dll+0x143e0c]
V  [jvm.dll+0x6d363c]
V  [jvm.dll+0x247ebd]
V  [jvm.dll+0x2470cf]
V  [jvm.dll+0x1c760e]
V  [jvm.dll+0x25695a]
V  [jvm.dll+0x254efa]
V  [jvm.dll+0x3f03f6]
V  [jvm.dll+0x851f6b]
V  [jvm.dll+0x6cc7dd]
C  [ucrtbase.dll+0x37b0]
C  [KERNEL32.DLL+0x2e8d7]
C  [ntdll.dll+0x9c5dc]


---------------  P R O C E S S  ---------------

Threads class SMR info:
_java_thread_list=0x000001b7eae53140, length=51, elements={
0x000001b7cb63fa20, 0x000001b7cb6fc4c0, 0x000001b7cb6fe530, 0x000001b7e01b7ef0,
0x000001b7e01b8dc0, 0x000001b7e01b9a10, 0x000001b7e01bc470, 0x000001b7e01c12c0,
0x000001b7e1bc6230, 0x000001b7e1c3ee50, 0x000001b7e1ea09f0, 0x000001b7e6c2d6d0,
0x000001b7e68c3b20, 0x000001b7e692afb0, 0x000001b7e6977e40, 0x000001b7e6ce0fd0,
0x000001b7e6bdd330, 0x000001b7e6a5f830, 0x000001b7e6a60550, 0x000001b7e6a5eb10,
0x000001b7e6a5ddf0, 0x000001b7e6a5d0d0, 0x000001b7e6a5e480, 0x000001b7e6a5d760,
0x000001b7e8ed8b70, 0x000001b7e8ed6410, 0x000001b7e8ed7130, 0x000001b7e8ed77c0,
0x000001b7e8ed9200, 0x000001b7e8ed9890, 0x000001b7e8ed7e50, 0x000001b7e8ed84e0,
0x000001b7e8ed9f20, 0x000001b7e8ed6aa0, 0x000001b7e8edd3a0, 0x000001b7e8edcd10,
0x000001b7e8edbff0, 0x000001b7e8edc680, 0x000001b7e8edda30, 0x000001b7e8edac40,
0x000001b7eaebc7b0, 0x000001b7eaebc120, 0x000001b7eaebb400, 0x000001b7eaeb9330,
0x000001b7eaeb99c0, 0x000001b7eaebce40, 0x000001b7eaebd4d0, 0x000001b7eaebdb60,
0x000001b7eaeba6e0, 0x000001b7eaebe1f0, 0x000001b7eaebad70
}

Java Threads: ( => current thread )
  0x000001b7cb63fa20 JavaThread "main"                              [_thread_blocked, id=13680, stack(0x000000423b900000,0x000000423ba00000) (1024K)]
  0x000001b7cb6fc4c0 JavaThread "Reference Handler"          daemon [_thread_blocked, id=21844, stack(0x000000423bd00000,0x000000423be00000) (1024K)]
  0x000001b7cb6fe530 JavaThread "Finalizer"                  daemon [_thread_blocked, id=17936, stack(0x000000423be00000,0x000000423bf00000) (1024K)]
  0x000001b7e01b7ef0 JavaThread "Signal Dispatcher"          daemon [_thread_blocked, id=17232, stack(0x000000423bf00000,0x000000423c000000) (1024K)]
  0x000001b7e01b8dc0 JavaThread "Attach Listener"            daemon [_thread_blocked, id=11820, stack(0x000000423c000000,0x000000423c100000) (1024K)]
  0x000001b7e01b9a10 JavaThread "Service Thread"             daemon [_thread_blocked, id=17832, stack(0x000000423c100000,0x000000423c200000) (1024K)]
  0x000001b7e01bc470 JavaThread "Monitor Deflation Thread"   daemon [_thread_blocked, id=10484, stack(0x000000423c200000,0x000000423c300000) (1024K)]
=>0x000001b7e01c12c0 JavaThread "C2 CompilerThread0"         daemon [_thread_in_native, id=2576, stack(0x000000423c300000,0x000000423c400000) (1024K)]
  0x000001b7e1bc6230 JavaThread "C1 CompilerThread0"         daemon [_thread_blocked, id=14940, stack(0x000000423c400000,0x000000423c500000) (1024K)]
  0x000001b7e1c3ee50 JavaThread "Common-Cleaner"             daemon [_thread_blocked, id=18840, stack(0x000000423c500000,0x000000423c600000) (1024K)]
  0x000001b7e1ea09f0 JavaThread "Notification Thread"        daemon [_thread_blocked, id=1728, stack(0x000000423c600000,0x000000423c700000) (1024K)]
  0x000001b7e6c2d6d0 JavaThread "Active Thread: Equinox Container: f28d6c33-eee0-4a1d-b762-06511c0a8319"        [_thread_blocked, id=22368, stack(0x000000423cf00000,0x000000423d000000) (1024K)]
  0x000001b7e68c3b20 JavaThread "Refresh Thread: Equinox Container: f28d6c33-eee0-4a1d-b762-06511c0a8319" daemon [_thread_blocked, id=18916, stack(0x000000423d000000,0x000000423d100000) (1024K)]
  0x000001b7e692afb0 JavaThread "Framework Event Dispatcher: Equinox Container: f28d6c33-eee0-4a1d-b762-06511c0a8319" daemon [_thread_blocked, id=18900, stack(0x000000423d200000,0x000000423d300000) (1024K)]
  0x000001b7e6977e40 JavaThread "Start Level: Equinox Container: f28d6c33-eee0-4a1d-b762-06511c0a8319" daemon [_thread_blocked, id=14996, stack(0x000000423d300000,0x000000423d400000) (1024K)]
  0x000001b7e6ce0fd0 JavaThread "Bundle File Closer"         daemon [_thread_blocked, id=14128, stack(0x000000423d400000,0x000000423d500000) (1024K)]
  0x000001b7e6bdd330 JavaThread "SCR Component Actor"        daemon [_thread_blocked, id=16676, stack(0x000000423c800000,0x000000423c900000) (1024K)]
  0x000001b7e6a5f830 JavaThread "Worker-JM"                         [_thread_blocked, id=17844, stack(0x000000423d600000,0x000000423d700000) (1024K)]
  0x000001b7e6a60550 JavaThread "JNA Cleaner"                daemon [_thread_blocked, id=12304, stack(0x000000423d700000,0x000000423d800000) (1024K)]
  0x000001b7e6a5eb10 JavaThread "Worker-0"                          [_thread_blocked, id=21588, stack(0x000000423d800000,0x000000423d900000) (1024K)]
  0x000001b7e6a5ddf0 JavaThread "Worker-1"                          [_thread_blocked, id=20892, stack(0x000000423d900000,0x000000423da00000) (1024K)]
  0x000001b7e6a5d0d0 JavaThread "Java indexing"              daemon [_thread_blocked, id=19208, stack(0x000000423da00000,0x000000423db00000) (1024K)]
  0x000001b7e6a5e480 JavaThread "Worker-2"                          [_thread_blocked, id=17840, stack(0x000000423df00000,0x000000423e000000) (1024K)]
  0x000001b7e6a5d760 JavaThread "Worker-3"                          [_thread_blocked, id=5232, stack(0x000000423e000000,0x000000423e100000) (1024K)]
  0x000001b7e8ed8b70 JavaThread "Thread-2"                   daemon [_thread_in_native, id=13724, stack(0x000000423e100000,0x000000423e200000) (1024K)]
  0x000001b7e8ed6410 JavaThread "Thread-3"                   daemon [_thread_in_native, id=21532, stack(0x000000423e200000,0x000000423e300000) (1024K)]
  0x000001b7e8ed7130 JavaThread "Thread-4"                   daemon [_thread_in_native, id=18960, stack(0x000000423e300000,0x000000423e400000) (1024K)]
  0x000001b7e8ed77c0 JavaThread "Thread-5"                   daemon [_thread_in_native, id=8880, stack(0x000000423e400000,0x000000423e500000) (1024K)]
  0x000001b7e8ed9200 JavaThread "Thread-6"                   daemon [_thread_in_native, id=7688, stack(0x000000423e500000,0x000000423e600000) (1024K)]
  0x000001b7e8ed9890 JavaThread "Thread-7"                   daemon [_thread_in_native, id=12580, stack(0x000000423e600000,0x000000423e700000) (1024K)]
  0x000001b7e8ed7e50 JavaThread "Thread-8"                   daemon [_thread_in_native, id=6320, stack(0x000000423e700000,0x000000423e800000) (1024K)]
  0x000001b7e8ed84e0 JavaThread "Thread-9"                   daemon [_thread_in_native, id=10260, stack(0x000000423e800000,0x000000423e900000) (1024K)]
  0x000001b7e8ed9f20 JavaThread "Thread-10"                  daemon [_thread_in_native, id=17072, stack(0x000000423e900000,0x000000423ea00000) (1024K)]
  0x000001b7e8ed6aa0 JavaThread "pool-2-thread-1"                   [_thread_blocked, id=13172, stack(0x000000423ea00000,0x000000423eb00000) (1024K)]
  0x000001b7e8edd3a0 JavaThread "Timer-0"                           [_thread_blocked, id=18344, stack(0x000000423eb00000,0x000000423ec00000) (1024K)]
  0x000001b7e8edcd10 JavaThread "Timer-1"                           [_thread_blocked, id=10380, stack(0x000000423ec00000,0x000000423ed00000) (1024K)]
  0x000001b7e8edbff0 JavaThread "Worker-4"                          [_thread_blocked, id=19376, stack(0x000000423ed00000,0x000000423ee00000) (1024K)]
  0x000001b7e8edc680 JavaThread "WorkspaceEventsHandler"            [_thread_blocked, id=7864, stack(0x000000423ee00000,0x000000423ef00000) (1024K)]
  0x000001b7e8edda30 JavaThread "pool-1-thread-1"                   [_thread_blocked, id=18392, stack(0x000000423ef00000,0x000000423f000000) (1024K)]
  0x000001b7e8edac40 JavaThread "Worker-5: Initialize workspace"        [_thread_blocked, id=11368, stack(0x000000423f000000,0x000000423f100000) (1024K)]
  0x000001b7eaebc7b0 JavaThread "Timer-2"                           [_thread_blocked, id=6004, stack(0x000000423f100000,0x000000423f200000) (1024K)]
  0x000001b7eaebc120 JavaThread "Timer-3"                           [_thread_blocked, id=972, stack(0x000000423f200000,0x000000423f300000) (1024K)]
  0x000001b7eaebb400 JavaThread "Timer-4"                           [_thread_blocked, id=21880, stack(0x000000423f300000,0x000000423f400000) (1024K)]
  0x000001b7eaeb9330 JavaThread "Timer-5"                           [_thread_blocked, id=19052, stack(0x000000423d500000,0x000000423d600000) (1024K)]
  0x000001b7eaeb99c0 JavaThread "Timer-6"                           [_thread_blocked, id=13600, stack(0x000000423db00000,0x000000423dc00000) (1024K)]
  0x000001b7eaebce40 JavaThread "Timer-7"                           [_thread_blocked, id=20204, stack(0x000000423f400000,0x000000423f500000) (1024K)]
  0x000001b7eaebd4d0 JavaThread "Timer-8"                           [_thread_blocked, id=17288, stack(0x000000423f500000,0x000000423f600000) (1024K)]
  0x000001b7eaebdb60 JavaThread "Timer-9"                           [_thread_blocked, id=1588, stack(0x000000423f700000,0x000000423f800000) (1024K)]
  0x000001b7eaeba6e0 JavaThread "Timer-10"                          [_thread_blocked, id=2924, stack(0x000000423c700000,0x000000423c800000) (1024K)]
  0x000001b7eaebe1f0 JavaThread "Timer-11"                          [_thread_blocked, id=4436, stack(0x000000423f600000,0x000000423f700000) (1024K)]
  0x000001b7eaebad70 JavaThread "Timer-12"                          [_thread_blocked, id=4180, stack(0x000000423b600000,0x000000423b700000) (1024K)]
Total: 51

Other Threads:
  0x000001b7e01b25e0 VMThread "VM Thread"                           [id=7528, stack(0x000000423bc00000,0x000000423bd00000) (1024K)]
  0x000001b7cb6ab880 WatcherThread "VM Periodic Task Thread"        [id=20692, stack(0x000000423bb00000,0x000000423bc00000) (1024K)]
  0x000001b7cb65e230 WorkerThread "GC Thread#0"                     [id=1076, stack(0x000000423ba00000,0x000000423bb00000) (1024K)]
  0x000001b7e63e0790 WorkerThread "GC Thread#1"                     [id=9712, stack(0x000000423c900000,0x000000423ca00000) (1024K)]
  0x000001b7e63e0b30 WorkerThread "GC Thread#2"                     [id=15508, stack(0x000000423ca00000,0x000000423cb00000) (1024K)]
  0x000001b7e63e0ed0 WorkerThread "GC Thread#3"                     [id=4580, stack(0x000000423cb00000,0x000000423cc00000) (1024K)]
  0x000001b7e63e1270 WorkerThread "GC Thread#4"                     [id=11676, stack(0x000000423cc00000,0x000000423cd00000) (1024K)]
  0x000001b7e63e1610 WorkerThread "GC Thread#5"                     [id=21352, stack(0x000000423cd00000,0x000000423ce00000) (1024K)]
  0x000001b7e6751910 WorkerThread "GC Thread#6"                     [id=10956, stack(0x000000423ce00000,0x000000423cf00000) (1024K)]
  0x000001b7e64fe470 WorkerThread "GC Thread#7"                     [id=14588, stack(0x000000423d100000,0x000000423d200000) (1024K)]
Total: 10

Threads with active compile tasks:
C2 CompilerThread0  44025 7765       4       com.google.gson.stream.JsonWriter::string (169 bytes)
Total: 1

VM state: not at safepoint (normal execution)

VM Mutex/Monitor currently owned by a thread: None

OutOfMemory and StackOverflow Exception counts:
OutOfMemoryError java_heap_errors=1
LinkageErrors=134

Heap address: 0x00000000c0000000, size: 1024 MB, Compressed Oops mode: 32-bit

CDS archive(s) mapped at: [0x000001b780000000-0x000001b780ba0000-0x000001b780ba0000), size 12189696, SharedBaseAddress: 0x000001b780000000, ArchiveRelocationMode: 1.
Compressed class space mapped at: 0x000001b781000000-0x000001b7c1000000, reserved size: 1073741824
Narrow klass base: 0x000001b780000000, Narrow klass shift: 0, Narrow klass range: 0x100000000

GC Precious Log:
 CardTable entry size: 512
 CPUs: 8 total, 8 available
 Memory: 16167M
 Large Page Support: Disabled
 NUMA Support: Disabled
 Compressed Oops: Enabled (32-bit)
 Alignments: Space 512K, Generation 512K, Heap 2M
 Heap Min Capacity: 100M
 Heap Initial Capacity: 100M
 Heap Max Capacity: 1G
 Pre-touch: Disabled
 Parallel Workers: 8

Heap:
 PSYoungGen      total 18432K, used 15633K [0x00000000eab00000, 0x00000000ebf00000, 0x0000000100000000)
  eden space 17920K, 85% used [0x00000000eab00000,0x00000000eba045d8,0x00000000ebc80000)
  from space 512K, 50% used [0x00000000ebe80000,0x00000000ebec0000,0x00000000ebf00000)
  to   space 512K, 0% used [0x00000000ebe00000,0x00000000ebe00000,0x00000000ebe80000)
 ParOldGen       total 68608K, used 38614K [0x00000000c0000000, 0x00000000c4300000, 0x00000000eab00000)
  object space 68608K, 56% used [0x00000000c0000000,0x00000000c25b58e0,0x00000000c4300000)
 Metaspace       used 62478K, committed 63936K, reserved 1114112K
  class space    used 7744K, committed 8384K, reserved 1048576K

Card table byte_map: [0x000001b7dda80000,0x000001b7ddc90000] _byte_map_base: 0x000001b7dd480000

Marking Bits: (ParMarkBitMap*) 0x00007ffe27c431f0
 Begin Bits: [0x000001b7dddf0000, 0x000001b7dedf0000)
 End Bits:   [0x000001b7dedf0000, 0x000001b7dfdf0000)

Polling page: 0x000001b7c9e30000

Metaspace:

Usage:
  Non-class:     53.45 MB used.
      Class:      7.56 MB used.
       Both:     61.01 MB used.

Virtual space:
  Non-class space:       64.00 MB reserved,      54.25 MB ( 85%) committed,  1 nodes.
      Class space:        1.00 GB reserved,       8.19 MB ( <1%) committed,  1 nodes.
             Both:        1.06 GB reserved,      62.44 MB (  6%) committed. 

Chunk freelists:
   Non-Class:  8.88 MB
       Class:  7.62 MB
        Both:  16.50 MB

MaxMetaspaceSize: unlimited
CompressedClassSpaceSize: 1.00 GB
Initial GC threshold: 21.00 MB
Current GC threshold: 97.31 MB
CDS: on
 - commit_granule_bytes: 65536.
 - commit_granule_words: 8192.
 - virtual_space_node_default_size: 8388608.
 - enlarge_chunks_in_place: 1.
 - use_allocation_guard: 0.


Internal statistics:

num_allocs_failed_limit: 9.
num_arena_births: 1156.
num_arena_deaths: 14.
num_vsnodes_births: 2.
num_vsnodes_deaths: 0.
num_space_committed: 999.
num_space_uncommitted: 0.
num_chunks_returned_to_freelist: 23.
num_chunks_taken_from_freelist: 3981.
num_chunk_merges: 15.
num_chunk_splits: 2536.
num_chunks_enlarged: 1483.
num_inconsistent_stats: 0.

CodeHeap 'non-profiled nmethods': size=120000Kb used=4975Kb max_used=4975Kb free=115024Kb
 bounds [0x000001b7d6370000, 0x000001b7d6850000, 0x000001b7dd8a0000]
CodeHeap 'profiled nmethods': size=120000Kb used=14008Kb max_used=14008Kb free=105991Kb
 bounds [0x000001b7ce8a0000, 0x000001b7cf650000, 0x000001b7d5dd0000]
CodeHeap 'non-nmethods': size=5760Kb used=1427Kb max_used=1464Kb free=4332Kb
 bounds [0x000001b7d5dd0000, 0x000001b7d6040000, 0x000001b7d6370000]
 total_blobs=7728 nmethods=7032 adapters=600
 compilation: enabled
              stopped_count=0, restarted_count=0
 full_count=0

Compilation events (20 events):
Event: 39.948 Thread 0x000001b7e01c12c0 7765       4       com.google.gson.stream.JsonWriter::string (169 bytes)
Event: 39.950 Thread 0x000001b7e1bc6230 nmethod 7760 0x000001b7cf640d90 code [0x000001b7cf641680, 0x000001b7cf647888]
Event: 39.950 Thread 0x000001b7e1bc6230 7761       3       java.util.Calendar::getDisplayName (165 bytes)
Event: 39.951 Thread 0x000001b7e1bc6230 nmethod 7761 0x000001b7cf649c90 code [0x000001b7cf649f60, 0x000001b7cf64adb8]
Event: 39.951 Thread 0x000001b7e1bc6230 7764       3       java.util.IdentityHashMap::init (11 bytes)
Event: 39.951 Thread 0x000001b7e1bc6230 nmethod 7764 0x000001b7cf64b310 code [0x000001b7cf64b4a0, 0x000001b7cf64b660]
Event: 39.951 Thread 0x000001b7e1bc6230 7762   !   3       com.google.gson.internal.bind.ReflectiveTypeAdapterFactory$2::write (140 bytes)
Event: 39.952 Thread 0x000001b7e1bc6230 nmethod 7762 0x000001b7cf64b710 code [0x000001b7cf64bb00, 0x000001b7cf64d110]
Event: 39.952 Thread 0x000001b7e1bc6230 7763       1       org.eclipse.core.internal.dtree.DeltaDataTree::getRootNode (5 bytes)
Event: 39.952 Thread 0x000001b7e1bc6230 nmethod 7763 0x000001b7d684af90 code [0x000001b7d684b120, 0x000001b7d684b1e8]
Event: 40.052 Thread 0x000001b7e1bc6230 7767       1       org.eclipse.core.internal.jobs.InternalJob::setNext (6 bytes)
Event: 40.052 Thread 0x000001b7e1bc6230 nmethod 7767 0x000001b7d684b290 code [0x000001b7d684b420, 0x000001b7d684b500]
Event: 40.052 Thread 0x000001b7e1bc6230 7768       1       org.eclipse.jdt.ls.core.internal.preferences.PreferenceManager::getClientPreferences (5 bytes)
Event: 40.052 Thread 0x000001b7e1bc6230 nmethod 7768 0x000001b7d684b590 code [0x000001b7d684b720, 0x000001b7d684b7e8]
Event: 40.052 Thread 0x000001b7e1bc6230 7769   !   3       java.util.concurrent.locks.AbstractQueuedSynchronizer::tryInitializeHead (66 bytes)
Event: 40.053 Thread 0x000001b7e1bc6230 nmethod 7769 0x000001b7cf64da90 code [0x000001b7cf64dc80, 0x000001b7cf64e1a8]
Event: 40.053 Thread 0x000001b7e1bc6230 7770       1       org.eclipse.core.internal.resources.Workspace::getMarkerManager (5 bytes)
Event: 40.053 Thread 0x000001b7e1bc6230 nmethod 7770 0x000001b7d684b890 code [0x000001b7d684ba20, 0x000001b7d684bae8]
Event: 40.053 Thread 0x000001b7e1bc6230 7771       1       org.eclipse.core.internal.jobs.JobManager::isActive (5 bytes)
Event: 40.053 Thread 0x000001b7e1bc6230 nmethod 7771 0x000001b7d684bb90 code [0x000001b7d684bd20, 0x000001b7d684bdf0]

GC Heap History (20 events):
Event: 9.557 GC heap before
{Heap before GC invocations=42 (full 2):
 PSYoungGen      total 19456K, used 18347K [0x00000000eab00000, 0x00000000ec080000, 0x0000000100000000)
  eden space 17920K, 100% used [0x00000000eab00000,0x00000000ebc80000,0x00000000ebc80000)
  from space 1536K, 27% used [0x00000000ebe00000,0x00000000ebe6aef0,0x00000000ebf80000)
  to   space 1024K, 0% used [0x00000000ebf80000,0x00000000ebf80000,0x00000000ec080000)
 ParOldGen       total 68608K, used 41266K [0x00000000c0000000, 0x00000000c4300000, 0x00000000eab00000)
  object space 68608K, 60% used [0x00000000c0000000,0x00000000c284cb78,0x00000000c4300000)
 Metaspace       used 56780K, committed 58112K, reserved 1114112K
  class space    used 7016K, committed 7552K, reserved 1048576K
}
Event: 9.558 GC heap after
{Heap after GC invocations=42 (full 2):
 PSYoungGen      total 18944K, used 1016K [0x00000000eab00000, 0x00000000ec080000, 0x0000000100000000)
  eden space 17920K, 0% used [0x00000000eab00000,0x00000000eab00000,0x00000000ebc80000)
  from space 1024K, 99% used [0x00000000ebf80000,0x00000000ec07e398,0x00000000ec080000)
  to   space 1536K, 0% used [0x00000000ebd80000,0x00000000ebd80000,0x00000000ebf00000)
 ParOldGen       total 68608K, used 41388K [0x00000000c0000000, 0x00000000c4300000, 0x00000000eab00000)
  object space 68608K, 60% used [0x00000000c0000000,0x00000000c286b140,0x00000000c4300000)
 Metaspace       used 56780K, committed 58112K, reserved 1114112K
  class space    used 7016K, committed 7552K, reserved 1048576K
}
Event: 9.620 GC heap before
{Heap before GC invocations=43 (full 2):
 PSYoungGen      total 18944K, used 18936K [0x00000000eab00000, 0x00000000ec080000, 0x0000000100000000)
  eden space 17920K, 100% used [0x00000000eab00000,0x00000000ebc80000,0x00000000ebc80000)
  from space 1024K, 99% used [0x00000000ebf80000,0x00000000ec07e398,0x00000000ec080000)
  to   space 1536K, 0% used [0x00000000ebd80000,0x00000000ebd80000,0x00000000ebf00000)
 ParOldGen       total 68608K, used 41388K [0x00000000c0000000, 0x00000000c4300000, 0x00000000eab00000)
  object space 68608K, 60% used [0x00000000c0000000,0x00000000c286b140,0x00000000c4300000)
 Metaspace       used 56780K, committed 58112K, reserved 1114112K
  class space    used 7016K, committed 7552K, reserved 1048576K
}
Event: 9.621 GC heap after
{Heap after GC invocations=43 (full 2):
 PSYoungGen      total 19456K, used 898K [0x00000000eab00000, 0x00000000ec000000, 0x0000000100000000)
  eden space 17920K, 0% used [0x00000000eab00000,0x00000000eab00000,0x00000000ebc80000)
  from space 1536K, 58% used [0x00000000ebd80000,0x00000000ebe60bb0,0x00000000ebf00000)
  to   space 1024K, 0% used [0x00000000ebf00000,0x00000000ebf00000,0x00000000ec000000)
 ParOldGen       total 68608K, used 41452K [0x00000000c0000000, 0x00000000c4300000, 0x00000000eab00000)
  object space 68608K, 60% used [0x00000000c0000000,0x00000000c287b140,0x00000000c4300000)
 Metaspace       used 56780K, committed 58112K, reserved 1114112K
  class space    used 7016K, committed 7552K, reserved 1048576K
}
Event: 9.688 GC heap before
{Heap before GC invocations=44 (full 2):
 PSYoungGen      total 19456K, used 18818K [0x00000000eab00000, 0x00000000ec000000, 0x0000000100000000)
  eden space 17920K, 100% used [0x00000000eab00000,0x00000000ebc80000,0x00000000ebc80000)
  from space 1536K, 58% used [0x00000000ebd80000,0x00000000ebe60bb0,0x00000000ebf00000)
  to   space 1024K, 0% used [0x00000000ebf00000,0x00000000ebf00000,0x00000000ec000000)
 ParOldGen       total 68608K, used 41452K [0x00000000c0000000, 0x00000000c4300000, 0x00000000eab00000)
  object space 68608K, 60% used [0x00000000c0000000,0x00000000c287b140,0x00000000c4300000)
 Metaspace       used 56810K, committed 58112K, reserved 1114112K
  class space    used 7020K, committed 7552K, reserved 1048576K
}
Event: 9.688 GC heap after
{Heap after GC invocations=44 (full 2):
 PSYoungGen      total 18432K, used 256K [0x00000000eab00000, 0x00000000ebf80000, 0x0000000100000000)
  eden space 17920K, 0% used [0x00000000eab00000,0x00000000eab00000,0x00000000ebc80000)
  from space 512K, 50% used [0x00000000ebf00000,0x00000000ebf40000,0x00000000ebf80000)
  to   space 512K, 0% used [0x00000000ebe80000,0x00000000ebe80000,0x00000000ebf00000)
 ParOldGen       total 68608K, used 41500K [0x00000000c0000000, 0x00000000c4300000, 0x00000000eab00000)
  object space 68608K, 60% used [0x00000000c0000000,0x00000000c2887150,0x00000000c4300000)
 Metaspace       used 56810K, committed 58112K, reserved 1114112K
  class space    used 7020K, committed 7552K, reserved 1048576K
}
Event: 9.844 GC heap before
{Heap before GC invocations=45 (full 2):
 PSYoungGen      total 18432K, used 13880K [0x00000000eab00000, 0x00000000ebf80000, 0x0000000100000000)
  eden space 17920K, 76% used [0x00000000eab00000,0x00000000eb84e2b0,0x00000000ebc80000)
  from space 512K, 50% used [0x00000000ebf00000,0x00000000ebf40000,0x00000000ebf80000)
  to   space 512K, 0% used [0x00000000ebe80000,0x00000000ebe80000,0x00000000ebf00000)
 ParOldGen       total 68608K, used 41500K [0x00000000c0000000, 0x00000000c4300000, 0x00000000eab00000)
  object space 68608K, 60% used [0x00000000c0000000,0x00000000c2887150,0x00000000c4300000)
 Metaspace       used 58409K, committed 59776K, reserved 1114112K
  class space    used 7257K, committed 7872K, reserved 1048576K
}
Event: 9.845 GC heap after
{Heap after GC invocations=45 (full 2):
 PSYoungGen      total 18432K, used 512K [0x00000000eab00000, 0x00000000ebf80000, 0x0000000100000000)
  eden space 17920K, 0% used [0x00000000eab00000,0x00000000eab00000,0x00000000ebc80000)
  from space 512K, 100% used [0x00000000ebe80000,0x00000000ebf00000,0x00000000ebf00000)
  to   space 512K, 0% used [0x00000000ebf00000,0x00000000ebf00000,0x00000000ebf80000)
 ParOldGen       total 68608K, used 41596K [0x00000000c0000000, 0x00000000c4300000, 0x00000000eab00000)
  object space 68608K, 60% used [0x00000000c0000000,0x00000000c289f150,0x00000000c4300000)
 Metaspace       used 58409K, committed 59776K, reserved 1114112K
  class space    used 7257K, committed 7872K, reserved 1048576K
}
Event: 9.845 GC heap before
{Heap before GC invocations=46 (full 3):
 PSYoungGen      total 18432K, used 512K [0x00000000eab00000, 0x00000000ebf80000, 0x0000000100000000)
  eden space 17920K, 0% used [0x00000000eab00000,0x00000000eab00000,0x00000000ebc80000)
  from space 512K, 100% used [0x00000000ebe80000,0x00000000ebf00000,0x00000000ebf00000)
  to   space 512K, 0% used [0x00000000ebf00000,0x00000000ebf00000,0x00000000ebf80000)
 ParOldGen       total 68608K, used 41596K [0x00000000c0000000, 0x00000000c4300000, 0x00000000eab00000)
  object space 68608K, 60% used [0x00000000c0000000,0x00000000c289f150,0x00000000c4300000)
 Metaspace       used 58409K, committed 59776K, reserved 1114112K
  class space    used 7257K, committed 7872K, reserved 1048576K
}
Event: 9.884 GC heap after
{Heap after GC invocations=46 (full 3):
 PSYoungGen      total 18432K, used 0K [0x00000000eab00000, 0x00000000ebf80000, 0x0000000100000000)
  eden space 17920K, 0% used [0x00000000eab00000,0x00000000eab00000,0x00000000ebc80000)
  from space 512K, 0% used [0x00000000ebe80000,0x00000000ebe80000,0x00000000ebf00000)
  to   space 512K, 0% used [0x00000000ebf00000,0x00000000ebf00000,0x00000000ebf80000)
 ParOldGen       total 68608K, used 37103K [0x00000000c0000000, 0x00000000c4300000, 0x00000000eab00000)
  object space 68608K, 54% used [0x00000000c0000000,0x00000000c243bc48,0x00000000c4300000)
 Metaspace       used 58409K, committed 59776K, reserved 1114112K
  class space    used 7257K, committed 7872K, reserved 1048576K
}
Event: 19.714 GC heap before
{Heap before GC invocations=47 (full 3):
 PSYoungGen      total 18432K, used 17920K [0x00000000eab00000, 0x00000000ebf80000, 0x0000000100000000)
  eden space 17920K, 100% used [0x00000000eab00000,0x00000000ebc80000,0x00000000ebc80000)
  from space 512K, 0% used [0x00000000ebe80000,0x00000000ebe80000,0x00000000ebf00000)
  to   space 512K, 0% used [0x00000000ebf00000,0x00000000ebf00000,0x00000000ebf80000)
 ParOldGen       total 68608K, used 37103K [0x00000000c0000000, 0x00000000c4300000, 0x00000000eab00000)
  object space 68608K, 54% used [0x00000000c0000000,0x00000000c243bc48,0x00000000c4300000)
 Metaspace       used 59901K, committed 61248K, reserved 1114112K
  class space    used 7495K, committed 8128K, reserved 1048576K
}
Event: 19.715 GC heap after
{Heap after GC invocations=47 (full 3):
 PSYoungGen      total 18432K, used 480K [0x00000000eab00000, 0x00000000ebf80000, 0x0000000100000000)
  eden space 17920K, 0% used [0x00000000eab00000,0x00000000eab00000,0x00000000ebc80000)
  from space 512K, 93% used [0x00000000ebf00000,0x00000000ebf78000,0x00000000ebf80000)
  to   space 1024K, 0% used [0x00000000ebd80000,0x00000000ebd80000,0x00000000ebe80000)
 ParOldGen       total 68608K, used 37111K [0x00000000c0000000, 0x00000000c4300000, 0x00000000eab00000)
  object space 68608K, 54% used [0x00000000c0000000,0x00000000c243dc48,0x00000000c4300000)
 Metaspace       used 59901K, committed 61248K, reserved 1114112K
  class space    used 7495K, committed 8128K, reserved 1048576K
}
Event: 23.078 GC heap before
{Heap before GC invocations=48 (full 3):
 PSYoungGen      total 18432K, used 18399K [0x00000000eab00000, 0x00000000ebf80000, 0x0000000100000000)
  eden space 17920K, 99% used [0x00000000eab00000,0x00000000ebc7fff0,0x00000000ebc80000)
  from space 512K, 93% used [0x00000000ebf00000,0x00000000ebf78000,0x00000000ebf80000)
  to   space 1024K, 0% used [0x00000000ebd80000,0x00000000ebd80000,0x00000000ebe80000)
 ParOldGen       total 68608K, used 37111K [0x00000000c0000000, 0x00000000c4300000, 0x00000000eab00000)
  object space 68608K, 54% used [0x00000000c0000000,0x00000000c243dc48,0x00000000c4300000)
 Metaspace       used 61210K, committed 62592K, reserved 1114112K
  class space    used 7634K, committed 8256K, reserved 1048576K
}
Event: 23.079 GC heap after
{Heap after GC invocations=48 (full 3):
 PSYoungGen      total 18944K, used 944K [0x00000000eab00000, 0x00000000ebf80000, 0x0000000100000000)
  eden space 17920K, 0% used [0x00000000eab00000,0x00000000eab00000,0x00000000ebc80000)
  from space 1024K, 92% used [0x00000000ebd80000,0x00000000ebe6c020,0x00000000ebe80000)
  to   space 1024K, 0% used [0x00000000ebe80000,0x00000000ebe80000,0x00000000ebf80000)
 ParOldGen       total 68608K, used 37457K [0x00000000c0000000, 0x00000000c4300000, 0x00000000eab00000)
  object space 68608K, 54% used [0x00000000c0000000,0x00000000c2494550,0x00000000c4300000)
 Metaspace       used 61210K, committed 62592K, reserved 1114112K
  class space    used 7634K, committed 8256K, reserved 1048576K
}
Event: 24.257 GC heap before
{Heap before GC invocations=49 (full 3):
 PSYoungGen      total 18944K, used 18864K [0x00000000eab00000, 0x00000000ebf80000, 0x0000000100000000)
  eden space 17920K, 100% used [0x00000000eab00000,0x00000000ebc80000,0x00000000ebc80000)
  from space 1024K, 92% used [0x00000000ebd80000,0x00000000ebe6c020,0x00000000ebe80000)
  to   space 1024K, 0% used [0x00000000ebe80000,0x00000000ebe80000,0x00000000ebf80000)
 ParOldGen       total 68608K, used 37457K [0x00000000c0000000, 0x00000000c4300000, 0x00000000eab00000)
  object space 68608K, 54% used [0x00000000c0000000,0x00000000c2494550,0x00000000c4300000)
 Metaspace       used 61439K, committed 62784K, reserved 1114112K
  class space    used 7655K, committed 8256K, reserved 1048576K
}
Event: 24.258 GC heap after
{Heap after GC invocations=49 (full 3):
 PSYoungGen      total 18432K, used 320K [0x00000000eab00000, 0x00000000ebf00000, 0x0000000100000000)
  eden space 17920K, 0% used [0x00000000eab00000,0x00000000eab00000,0x00000000ebc80000)
  from space 512K, 62% used [0x00000000ebe80000,0x00000000ebed0000,0x00000000ebf00000)
  to   space 1024K, 0% used [0x00000000ebd00000,0x00000000ebd00000,0x00000000ebe00000)
 ParOldGen       total 68608K, used 38243K [0x00000000c0000000, 0x00000000c4300000, 0x00000000eab00000)
  object space 68608K, 55% used [0x00000000c0000000,0x00000000c2558fb0,0x00000000c4300000)
 Metaspace       used 61439K, committed 62784K, reserved 1114112K
  class space    used 7655K, committed 8256K, reserved 1048576K
}
Event: 26.641 GC heap before
{Heap before GC invocations=50 (full 3):
 PSYoungGen      total 18432K, used 18240K [0x00000000eab00000, 0x00000000ebf00000, 0x0000000100000000)
  eden space 17920K, 100% used [0x00000000eab00000,0x00000000ebc80000,0x00000000ebc80000)
  from space 512K, 62% used [0x00000000ebe80000,0x00000000ebed0000,0x00000000ebf00000)
  to   space 1024K, 0% used [0x00000000ebd00000,0x00000000ebd00000,0x00000000ebe00000)
 ParOldGen       total 68608K, used 38243K [0x00000000c0000000, 0x00000000c4300000, 0x00000000eab00000)
  object space 68608K, 55% used [0x00000000c0000000,0x00000000c2558fb0,0x00000000c4300000)
 Metaspace       used 61651K, committed 63040K, reserved 1114112K
  class space    used 7672K, committed 8256K, reserved 1048576K
}
Event: 26.641 GC heap after
{Heap after GC invocations=50 (full 3):
 PSYoungGen      total 18944K, used 352K [0x00000000eab00000, 0x00000000ebf00000, 0x0000000100000000)
  eden space 17920K, 0% used [0x00000000eab00000,0x00000000eab00000,0x00000000ebc80000)
  from space 1024K, 34% used [0x00000000ebd00000,0x00000000ebd58000,0x00000000ebe00000)
  to   space 512K, 0% used [0x00000000ebe80000,0x00000000ebe80000,0x00000000ebf00000)
 ParOldGen       total 68608K, used 38443K [0x00000000c0000000, 0x00000000c4300000, 0x00000000eab00000)
  object space 68608K, 56% used [0x00000000c0000000,0x00000000c258afd0,0x00000000c4300000)
 Metaspace       used 61651K, committed 63040K, reserved 1114112K
  class space    used 7672K, committed 8256K, reserved 1048576K
}
Event: 29.741 GC heap before
{Heap before GC invocations=51 (full 3):
 PSYoungGen      total 18944K, used 18272K [0x00000000eab00000, 0x00000000ebf00000, 0x0000000100000000)
  eden space 17920K, 100% used [0x00000000eab00000,0x00000000ebc80000,0x00000000ebc80000)
  from space 1024K, 34% used [0x00000000ebd00000,0x00000000ebd58000,0x00000000ebe00000)
  to   space 512K, 0% used [0x00000000ebe80000,0x00000000ebe80000,0x00000000ebf00000)
 ParOldGen       total 68608K, used 38443K [0x00000000c0000000, 0x00000000c4300000, 0x00000000eab00000)
  object space 68608K, 56% used [0x00000000c0000000,0x00000000c258afd0,0x00000000c4300000)
 Metaspace       used 61681K, committed 63104K, reserved 1114112K
  class space    used 7673K, committed 8256K, reserved 1048576K
}
Event: 29.741 GC heap after
{Heap after GC invocations=51 (full 3):
 PSYoungGen      total 18432K, used 256K [0x00000000eab00000, 0x00000000ebf00000, 0x0000000100000000)
  eden space 17920K, 0% used [0x00000000eab00000,0x00000000eab00000,0x00000000ebc80000)
  from space 512K, 50% used [0x00000000ebe80000,0x00000000ebec0000,0x00000000ebf00000)
  to   space 512K, 0% used [0x00000000ebe00000,0x00000000ebe00000,0x00000000ebe80000)
 ParOldGen       total 68608K, used 38614K [0x00000000c0000000, 0x00000000c4300000, 0x00000000eab00000)
  object space 68608K, 56% used [0x00000000c0000000,0x00000000c25b58e0,0x00000000c4300000)
 Metaspace       used 61681K, committed 63104K, reserved 1114112K
  class space    used 7673K, committed 8256K, reserved 1048576K
}

Dll operation events (14 events):
Event: 0.012 Loaded shared library c:\Users\Raul C\.vscode\extensions\redhat.java-1.42.0-win32-x64\jre\21.0.7-win32-x86_64\bin\java.dll
Event: 0.109 Loaded shared library c:\Users\Raul C\.vscode\extensions\redhat.java-1.42.0-win32-x64\jre\21.0.7-win32-x86_64\bin\zip.dll
Event: 0.129 Loaded shared library C:\Users\Raul C\.vscode\extensions\redhat.java-1.42.0-win32-x64\jre\21.0.7-win32-x86_64\bin\instrument.dll
Event: 0.134 Loaded shared library C:\Users\Raul C\.vscode\extensions\redhat.java-1.42.0-win32-x64\jre\21.0.7-win32-x86_64\bin\net.dll
Event: 0.136 Loaded shared library C:\Users\Raul C\.vscode\extensions\redhat.java-1.42.0-win32-x64\jre\21.0.7-win32-x86_64\bin\nio.dll
Event: 0.139 Loaded shared library C:\Users\Raul C\.vscode\extensions\redhat.java-1.42.0-win32-x64\jre\21.0.7-win32-x86_64\bin\zip.dll
Event: 0.163 Loaded shared library C:\Users\Raul C\.vscode\extensions\redhat.java-1.42.0-win32-x64\jre\21.0.7-win32-x86_64\bin\jimage.dll
Event: 0.426 Loaded shared library c:\Users\Raul C\.vscode\extensions\redhat.java-1.42.0-win32-x64\jre\21.0.7-win32-x86_64\bin\verify.dll
Event: 2.282 Loaded shared library C:\Users\Raul C\AppData\Roaming\Code\User\globalStorage\redhat.java\1.42.0\config_win\org.eclipse.equinox.launcher\org.eclipse.equinox.launcher.win32.win32.x86_64_1.2.1300.v20250331-1702\eclipse_11911.dll
Event: 4.398 Loaded shared library C:\Users\Raul C\AppData\Local\Temp\jna--1854204983\jna6242100134775489465.dll
Event: 6.617 Loaded shared library C:\Users\Raul C\.gradle\native\1def1411415f61bf3af743bc5b6707747c0891f09f0c88961ee8f79bc544acac\windows-amd64\native-platform.dll
Event: 7.846 Loaded shared library C:\Users\Raul C\.vscode\extensions\redhat.java-1.42.0-win32-x64\jre\21.0.7-win32-x86_64\bin\management.dll
Event: 7.849 Loaded shared library C:\Users\Raul C\.vscode\extensions\redhat.java-1.42.0-win32-x64\jre\21.0.7-win32-x86_64\bin\management_ext.dll
Event: 9.733 Loaded shared library C:\Users\Raul C\.vscode\extensions\redhat.java-1.42.0-win32-x64\jre\21.0.7-win32-x86_64\bin\extnet.dll

Deoptimization events (20 events):
Event: 36.833 Thread 0x000001b7e8edda30 Uncommon trap: trap_request=0xffffffc6 fr.pc=0x000001b7d63e6098 relative=0x0000000000000638
Event: 36.833 Thread 0x000001b7e8edda30 Uncommon trap: reason=bimorphic_or_optimized_type_check action=maybe_recompile pc=0x000001b7d63e6098 method=java.util.Comparator.lambda$thenComparing$36697e65$1(Ljava/util/Comparator;Ljava/lang/Object;Ljava/lang/Object;)I @ 3 c2
Event: 36.833 Thread 0x000001b7e8edda30 DEOPT PACKING pc=0x000001b7d63e6098 sp=0x000000423effe170
Event: 36.833 Thread 0x000001b7e8edda30 DEOPT UNPACKING pc=0x000001b7d5e26da2 sp=0x000000423effe098 mode 2
Event: 36.840 Thread 0x000001b7e8edda30 Uncommon trap: trap_request=0xffffffc6 fr.pc=0x000001b7d6845d14 relative=0x0000000000000334
Event: 36.840 Thread 0x000001b7e8edda30 Uncommon trap: reason=bimorphic_or_optimized_type_check action=maybe_recompile pc=0x000001b7d6845d14 method=java.util.Comparator.lambda$thenComparing$36697e65$1(Ljava/util/Comparator;Ljava/lang/Object;Ljava/lang/Object;)I @ 23 c2
Event: 36.840 Thread 0x000001b7e8edda30 DEOPT PACKING pc=0x000001b7d6845d14 sp=0x000000423effe090
Event: 36.840 Thread 0x000001b7e8edda30 DEOPT UNPACKING pc=0x000001b7d5e26da2 sp=0x000000423effdf98 mode 2
Event: 36.840 Thread 0x000001b7e8edda30 Uncommon trap: trap_request=0xffffffc6 fr.pc=0x000001b7d6845d14 relative=0x0000000000000334
Event: 36.840 Thread 0x000001b7e8edda30 Uncommon trap: reason=bimorphic_or_optimized_type_check action=maybe_recompile pc=0x000001b7d6845d14 method=java.util.Comparator.lambda$thenComparing$36697e65$1(Ljava/util/Comparator;Ljava/lang/Object;Ljava/lang/Object;)I @ 23 c2
Event: 36.840 Thread 0x000001b7e8edda30 DEOPT PACKING pc=0x000001b7d6845d14 sp=0x000000423effe090
Event: 36.840 Thread 0x000001b7e8edda30 DEOPT UNPACKING pc=0x000001b7d5e26da2 sp=0x000000423effdf98 mode 2
Event: 39.946 Thread 0x000001b7e6a5ddf0 Uncommon trap: trap_request=0xffffffde fr.pc=0x000001b7d6838728 relative=0x00000000000004c8
Event: 39.946 Thread 0x000001b7e6a5ddf0 Uncommon trap: reason=class_check action=maybe_recompile pc=0x000001b7d6838728 method=java.util.AbstractMap.hashCode()I @ 3 c2
Event: 39.946 Thread 0x000001b7e6a5ddf0 DEOPT PACKING pc=0x000001b7d6838728 sp=0x000000423d9fee60
Event: 39.946 Thread 0x000001b7e6a5ddf0 DEOPT UNPACKING pc=0x000001b7d5e26da2 sp=0x000000423d9fee08 mode 2
Event: 39.949 Thread 0x000001b7e6a5ddf0 Uncommon trap: trap_request=0xffffffde fr.pc=0x000001b7d6838728 relative=0x00000000000004c8
Event: 39.949 Thread 0x000001b7e6a5ddf0 Uncommon trap: reason=class_check action=maybe_recompile pc=0x000001b7d6838728 method=java.util.AbstractMap.hashCode()I @ 3 c2
Event: 39.949 Thread 0x000001b7e6a5ddf0 DEOPT PACKING pc=0x000001b7d6838728 sp=0x000000423d9feea0
Event: 39.949 Thread 0x000001b7e6a5ddf0 DEOPT UNPACKING pc=0x000001b7d5e26da2 sp=0x000000423d9fee48 mode 2

Classes loaded (20 events):
Event: 32.172 Loading class sun/util/cldr/CLDRTimeZoneNameProviderImpl
Event: 32.173 Loading class sun/util/locale/provider/TimeZoneNameProviderImpl
Event: 32.173 Loading class sun/util/locale/provider/TimeZoneNameProviderImpl done
Event: 32.173 Loading class sun/util/cldr/CLDRTimeZoneNameProviderImpl done
Event: 32.177 Loading class sun/util/resources/cldr/TimeZoneNames
Event: 33.202 Loading class sun/util/resources/TimeZoneNamesBundle
Event: 33.202 Loading class sun/util/resources/OpenListResourceBundle
Event: 33.203 Loading class sun/util/resources/OpenListResourceBundle done
Event: 33.203 Loading class sun/util/resources/TimeZoneNamesBundle done
Event: 33.203 Loading class sun/util/resources/cldr/TimeZoneNames done
Event: 34.117 Loading class sun/util/resources/cldr/TimeZoneNames_en
Event: 34.125 Loading class sun/util/resources/cldr/TimeZoneNames_en done
Event: 34.126 Loading class sun/util/resources/cldr/TimeZoneNames_en_US
Event: 34.126 Loading class sun/util/resources/cldr/TimeZoneNames_en_US done
Event: 34.128 Loading class sun/util/cldr/CLDRBaseLocaleDataMetaInfo$TZCanonicalIDMapHolder
Event: 34.129 Loading class sun/util/cldr/CLDRBaseLocaleDataMetaInfo$TZCanonicalIDMapHolder done
Event: 34.131 Loading class sun/util/resources/TimeZoneNames
Event: 34.134 Loading class sun/util/resources/TimeZoneNames done
Event: 34.134 Loading class sun/util/resources/TimeZoneNames_en
Event: 34.134 Loading class sun/util/resources/TimeZoneNames_en done

Classes unloaded (7 events):
Event: 4.884 Thread 0x000001b7e01b25e0 Unloading class 0x000001b7811a4400 'java/lang/invoke/LambdaForm$MH+0x000001b7811a4400'
Event: 4.884 Thread 0x000001b7e01b25e0 Unloading class 0x000001b7811a4000 'java/lang/invoke/LambdaForm$MH+0x000001b7811a4000'
Event: 4.884 Thread 0x000001b7e01b25e0 Unloading class 0x000001b7811a3c00 'java/lang/invoke/LambdaForm$MH+0x000001b7811a3c00'
Event: 4.884 Thread 0x000001b7e01b25e0 Unloading class 0x000001b7811a3800 'java/lang/invoke/LambdaForm$MH+0x000001b7811a3800'
Event: 4.884 Thread 0x000001b7e01b25e0 Unloading class 0x000001b7811a3400 'java/lang/invoke/LambdaForm$BMH+0x000001b7811a3400'
Event: 4.884 Thread 0x000001b7e01b25e0 Unloading class 0x000001b7811a3000 'java/lang/invoke/LambdaForm$DMH+0x000001b7811a3000'
Event: 4.884 Thread 0x000001b7e01b25e0 Unloading class 0x000001b7811a1c00 'java/lang/invoke/LambdaForm$DMH+0x000001b7811a1c00'

Classes redefined (0 events):
No events

Internal exceptions (20 events):
Event: 29.702 Thread 0x000001b7e8edbff0 Exception <a 'sun/nio/fs/WindowsException'{0x00000000eb949f00}> (0x00000000eb949f00) 
thrown [s\src\hotspot\share\prims\jni.cpp, line 520]
Event: 29.702 Thread 0x000001b7e8edbff0 Exception <a 'sun/nio/fs/WindowsException'{0x00000000eb94dbf8}> (0x00000000eb94dbf8) 
thrown [s\src\hotspot\share\prims\jni.cpp, line 520]
Event: 29.702 Thread 0x000001b7e8edbff0 Exception <a 'sun/nio/fs/WindowsException'{0x00000000eb951388}> (0x00000000eb951388) 
thrown [s\src\hotspot\share\prims\jni.cpp, line 520]
Event: 29.702 Thread 0x000001b7e8edbff0 Exception <a 'sun/nio/fs/WindowsException'{0x00000000eb954da0}> (0x00000000eb954da0) 
thrown [s\src\hotspot\share\prims\jni.cpp, line 520]
Event: 29.702 Thread 0x000001b7e8edbff0 Exception <a 'sun/nio/fs/WindowsException'{0x00000000eb959cd8}> (0x00000000eb959cd8) 
thrown [s\src\hotspot\share\prims\jni.cpp, line 520]
Event: 29.702 Thread 0x000001b7e8edbff0 Exception <a 'sun/nio/fs/WindowsException'{0x00000000eb95e008}> (0x00000000eb95e008) 
thrown [s\src\hotspot\share\prims\jni.cpp, line 520]
Event: 29.703 Thread 0x000001b7e8edbff0 Exception <a 'sun/nio/fs/WindowsException'{0x00000000eb961b00}> (0x00000000eb961b00) 
thrown [s\src\hotspot\share\prims\jni.cpp, line 520]
Event: 29.703 Thread 0x000001b7e8edbff0 Exception <a 'sun/nio/fs/WindowsException'{0x00000000eb966fc0}> (0x00000000eb966fc0) 
thrown [s\src\hotspot\share\prims\jni.cpp, line 520]
Event: 29.703 Thread 0x000001b7e8edbff0 Exception <a 'sun/nio/fs/WindowsException'{0x00000000eb96ad58}> (0x00000000eb96ad58) 
thrown [s\src\hotspot\share\prims\jni.cpp, line 520]
Event: 29.805 Thread 0x000001b7e8edbff0 Exception <a 'sun/nio/fs/WindowsException'{0x00000000eafe5718}> (0x00000000eafe5718) 
thrown [s\src\hotspot\share\prims\jni.cpp, line 520]
Event: 29.805 Thread 0x000001b7e8edbff0 Exception <a 'sun/nio/fs/WindowsException'{0x00000000eafe9178}> (0x00000000eafe9178) 
thrown [s\src\hotspot\share\prims\jni.cpp, line 520]
Event: 36.827 Thread 0x000001b7e8edda30 Exception <a 'sun/nio/fs/WindowsException'{0x00000000eb61fde8}> (0x00000000eb61fde8) 
thrown [s\src\hotspot\share\prims\jni.cpp, line 520]
Event: 36.827 Thread 0x000001b7e8edda30 Exception <a 'sun/nio/fs/WindowsException'{0x00000000eb6202d0}> (0x00000000eb6202d0) 
thrown [s\src\hotspot\share\prims\jni.cpp, line 520]
Event: 36.828 Thread 0x000001b7e8edda30 Exception <a 'sun/nio/fs/WindowsException'{0x00000000eb623188}> (0x00000000eb623188) 
thrown [s\src\hotspot\share\prims\jni.cpp, line 520]
Event: 36.828 Thread 0x000001b7e8edda30 Exception <a 'sun/nio/fs/WindowsException'{0x00000000eb623670}> (0x00000000eb623670) 
thrown [s\src\hotspot\share\prims\jni.cpp, line 520]
Event: 37.871 Thread 0x000001b7e8edda30 Exception <a 'sun/nio/fs/WindowsException'{0x00000000eb787f80}> (0x00000000eb787f80) 
thrown [s\src\hotspot\share\prims\jni.cpp, line 520]
Event: 37.871 Thread 0x000001b7e8edda30 Exception <a 'sun/nio/fs/WindowsException'{0x00000000eb788a88}> (0x00000000eb788a88) 
thrown [s\src\hotspot\share\prims\jni.cpp, line 520]
Event: 37.872 Thread 0x000001b7e8edda30 Exception <a 'sun/nio/fs/WindowsException'{0x00000000eb7b0b88}> (0x00000000eb7b0b88) 
thrown [s\src\hotspot\share\prims\jni.cpp, line 520]
Event: 37.872 Thread 0x000001b7e8edda30 Exception <a 'sun/nio/fs/WindowsException'{0x00000000eb7b1320}> (0x00000000eb7b1320) 
thrown [s\src\hotspot\share\prims\jni.cpp, line 520]
Event: 39.943 Thread 0x000001b7eaebf5a0 Exception <a 'java/lang/OutOfMemoryError'{0x00000000eb98e468}: unable to create native thread: possibly out of memory or process/resource limits reached> (0x00000000eb98e468) 
thrown [s\src\hotspot\share\prims\jvm.cpp, line 3013]

ZGC Phase Switch (0 events):
No events

VM Operations (20 events):
Event: 29.741 Executing VM operation: ParallelGCFailedAllocation (Allocation Failure)
Event: 29.741 Executing VM operation: ParallelGCFailedAllocation (Allocation Failure) done
Event: 29.897 Executing VM operation: HandshakeAllThreads (Deoptimize)
Event: 29.897 Executing VM operation: HandshakeAllThreads (Deoptimize) done
Event: 29.898 Executing VM operation: HandshakeAllThreads (Deoptimize)
Event: 29.898 Executing VM operation: HandshakeAllThreads (Deoptimize) done
Event: 30.898 Executing VM operation: Cleanup
Event: 30.898 Executing VM operation: Cleanup done
Event: 32.921 Executing VM operation: Cleanup
Event: 33.202 Executing VM operation: Cleanup done
Event: 34.213 Executing VM operation: Cleanup
Event: 34.213 Executing VM operation: Cleanup done
Event: 37.246 Executing VM operation: Cleanup
Event: 37.868 Executing VM operation: Cleanup done
Event: 38.882 Executing VM operation: Cleanup
Event: 38.884 Executing VM operation: Cleanup done
Event: 39.895 Executing VM operation: Cleanup
Event: 39.943 Executing VM operation: Cleanup done
Event: 40.945 Executing VM operation: Cleanup
Event: 40.945 Executing VM operation: Cleanup done

Memory protections (0 events):
No events

Nmethod flushes (20 events):
Event: 9.861 Thread 0x000001b7e01b25e0 flushing  nmethod 0x000001b7cf117a90
Event: 9.861 Thread 0x000001b7e01b25e0 flushing  nmethod 0x000001b7cf11bb10
Event: 9.861 Thread 0x000001b7e01b25e0 flushing  nmethod 0x000001b7cf11da90
Event: 9.861 Thread 0x000001b7e01b25e0 flushing  nmethod 0x000001b7cf11e090
Event: 9.861 Thread 0x000001b7e01b25e0 flushing  nmethod 0x000001b7cf11e910
Event: 9.861 Thread 0x000001b7e01b25e0 flushing  nmethod 0x000001b7cf123d10
Event: 9.861 Thread 0x000001b7e01b25e0 flushing  nmethod 0x000001b7cf124e10
Event: 9.861 Thread 0x000001b7e01b25e0 flushing  nmethod 0x000001b7cf12d090
Event: 9.861 Thread 0x000001b7e01b25e0 flushing  nmethod 0x000001b7cf144110
Event: 9.861 Thread 0x000001b7e01b25e0 flushing  nmethod 0x000001b7cf14a510
Event: 9.861 Thread 0x000001b7e01b25e0 flushing  nmethod 0x000001b7cf160c10
Event: 9.861 Thread 0x000001b7e01b25e0 flushing  nmethod 0x000001b7cf16ff90
Event: 9.861 Thread 0x000001b7e01b25e0 flushing  nmethod 0x000001b7cf170490
Event: 9.861 Thread 0x000001b7e01b25e0 flushing  nmethod 0x000001b7cf185590
Event: 9.861 Thread 0x000001b7e01b25e0 flushing  nmethod 0x000001b7cf187090
Event: 9.861 Thread 0x000001b7e01b25e0 flushing  nmethod 0x000001b7cf191a90
Event: 9.861 Thread 0x000001b7e01b25e0 flushing  nmethod 0x000001b7cf192210
Event: 9.861 Thread 0x000001b7e01b25e0 flushing  nmethod 0x000001b7cf192d90
Event: 9.861 Thread 0x000001b7e01b25e0 flushing  nmethod 0x000001b7cf193110
Event: 9.861 Thread 0x000001b7e01b25e0 flushing  nmethod 0x000001b7cf1d2c90

Events (20 events):
Event: 26.588 Thread 0x000001b7eaebad70 Thread added: 0x000001b7eaebe880
Event: 26.648 Thread 0x000001b7eaebad70 Thread added: 0x000001b7eaec02c0
Event: 26.651 Thread 0x000001b7eaec02c0 Thread added: 0x000001b7eaebfc30
Event: 26.651 Thread 0x000001b7eaec02c0 Thread added: 0x000001b7eaebf5a0
Event: 26.651 Thread 0x000001b7eaebfc30 Thread exited: 0x000001b7eaebfc30
Event: 26.880 Thread 0x000001b7ec59b7f0 Thread exited: 0x000001b7ec59b7f0
Event: 26.880 Thread 0x000001b7e9058010 Thread exited: 0x000001b7e9058010
Event: 29.525 Thread 0x000001b7eaec02c0 Thread exited: 0x000001b7eaec02c0
Event: 29.525 Thread 0x000001b7eaebf5a0 Thread exited: 0x000001b7eaebf5a0
Event: 29.526 Thread 0x000001b7eaebe880 Thread exited: 0x000001b7eaebe880
Event: 29.526 Thread 0x000001b7eaebad70 Thread exited: 0x000001b7eaebad70
Event: 32.124 Thread 0x000001b7e1bc6230 Thread added: 0x000001b7e9058010
Event: 32.138 Thread 0x000001b7e1bc6230 Thread added: 0x000001b7ec59b7f0
Event: 36.819 Thread 0x000001b7ec59b7f0 Thread exited: 0x000001b7ec59b7f0
Event: 36.819 Thread 0x000001b7e9058010 Thread exited: 0x000001b7e9058010
Event: 37.874 Thread 0x000001b7e6a5ddf0 Thread added: 0x000001b7eaebad70
Event: 38.883 Thread 0x000001b7e6a5ddf0 Thread added: 0x000001b7eaebe880
Event: 38.902 Thread 0x000001b7e6a5ddf0 Thread added: 0x000001b7eaebf5a0
Event: 39.944 Thread 0x000001b7eaebf5a0 Thread exited: 0x000001b7eaebf5a0
Event: 39.944 Thread 0x000001b7eaebe880 Thread exited: 0x000001b7eaebe880


Dynamic libraries:
0x00007ff6edf70000 - 0x00007ff6edf7e000 	c:\Users\Raul C\.vscode\extensions\redhat.java-1.42.0-win32-x64\jre\21.0.7-win32-x86_64\bin\java.exe
0x00007ffeb1d80000 - 0x00007ffeb1fe6000 	C:\WINDOWS\SYSTEM32\ntdll.dll
0x00007ffeb1310000 - 0x00007ffeb13d9000 	C:\WINDOWS\System32\KERNEL32.DLL
0x00007ffeaf330000 - 0x00007ffeaf6fc000 	C:\WINDOWS\System32\KERNELBASE.dll
0x00007ffeaf150000 - 0x00007ffeaf29b000 	C:\WINDOWS\System32\ucrtbase.dll
0x00007ffe97450000 - 0x00007ffe97468000 	c:\Users\Raul C\.vscode\extensions\redhat.java-1.42.0-win32-x64\jre\21.0.7-win32-x86_64\bin\jli.dll
0x00007ffeb0910000 - 0x00007ffeb0ada000 	C:\WINDOWS\System32\USER32.dll
0x00007ffe970c0000 - 0x00007ffe970de000 	c:\Users\Raul C\.vscode\extensions\redhat.java-1.42.0-win32-x64\jre\21.0.7-win32-x86_64\bin\VCRUNTIME140.dll
0x00007ffeafa60000 - 0x00007ffeafa87000 	C:\WINDOWS\System32\win32u.dll
0x00007ffeb0830000 - 0x00007ffeb085b000 	C:\WINDOWS\System32\GDI32.dll
0x00007ffeaf700000 - 0x00007ffeaf832000 	C:\WINDOWS\System32\gdi32full.dll
0x00007ffe86b90000 - 0x00007ffe86e2a000 	C:\WINDOWS\WinSxS\amd64_microsoft.windows.common-controls_6595b64144ccf1df_6.0.26100.3912_none_3e07963ce335137e\COMCTL32.dll
0x00007ffeafa90000 - 0x00007ffeafb33000 	C:\WINDOWS\System32\msvcp_win.dll
0x00007ffeb0860000 - 0x00007ffeb0909000 	C:\WINDOWS\System32\msvcrt.dll
0x00007ffeb1870000 - 0x00007ffeb18a0000 	C:\WINDOWS\System32\IMM32.DLL
0x00007ffea53e0000 - 0x00007ffea53ec000 	c:\Users\Raul C\.vscode\extensions\redhat.java-1.42.0-win32-x64\jre\21.0.7-win32-x86_64\bin\vcruntime140_1.dll
0x00007ffe95cd0000 - 0x00007ffe95d5d000 	c:\Users\Raul C\.vscode\extensions\redhat.java-1.42.0-win32-x64\jre\21.0.7-win32-x86_64\bin\msvcp140.dll
0x00007ffe26f90000 - 0x00007ffe27d20000 	c:\Users\Raul C\.vscode\extensions\redhat.java-1.42.0-win32-x64\jre\21.0.7-win32-x86_64\bin\server\jvm.dll
0x00007ffeb0ae0000 - 0x00007ffeb0b92000 	C:\WINDOWS\System32\ADVAPI32.dll
0x00007ffeb1c00000 - 0x00007ffeb1ca6000 	C:\WINDOWS\System32\sechost.dll
0x00007ffeb03b0000 - 0x00007ffeb04c6000 	C:\WINDOWS\System32\RPCRT4.dll
0x00007ffeb07b0000 - 0x00007ffeb0824000 	C:\WINDOWS\System32\WS2_32.dll
0x00007ffeae730000 - 0x00007ffeae78e000 	C:\WINDOWS\SYSTEM32\POWRPROF.dll
0x00007ffea2b80000 - 0x00007ffea2bb6000 	C:\WINDOWS\SYSTEM32\WINMM.dll
0x00007ffe9d640000 - 0x00007ffe9d64b000 	C:\WINDOWS\SYSTEM32\VERSION.dll
0x00007ffeae710000 - 0x00007ffeae724000 	C:\WINDOWS\SYSTEM32\UMPDC.dll
0x00007ffeadc90000 - 0x00007ffeadcaa000 	C:\WINDOWS\SYSTEM32\kernel.appcore.dll
0x00007ffe9dd60000 - 0x00007ffe9dd6a000 	c:\Users\Raul C\.vscode\extensions\redhat.java-1.42.0-win32-x64\jre\21.0.7-win32-x86_64\bin\jimage.dll
0x00007ffeac530000 - 0x00007ffeac771000 	C:\WINDOWS\SYSTEM32\DBGHELP.DLL
0x00007ffeaff60000 - 0x00007ffeb02e4000 	C:\WINDOWS\System32\combase.dll
0x00007ffeb18b0000 - 0x00007ffeb1990000 	C:\WINDOWS\System32\OLEAUT32.dll
0x00007ffe88110000 - 0x00007ffe88149000 	C:\WINDOWS\SYSTEM32\dbgcore.DLL
0x00007ffeaf840000 - 0x00007ffeaf8d9000 	C:\WINDOWS\System32\bcryptPrimitives.dll
0x00007ffea70c0000 - 0x00007ffea70cf000 	c:\Users\Raul C\.vscode\extensions\redhat.java-1.42.0-win32-x64\jre\21.0.7-win32-x86_64\bin\instrument.dll
0x00007ffe970a0000 - 0x00007ffe970bf000 	c:\Users\Raul C\.vscode\extensions\redhat.java-1.42.0-win32-x64\jre\21.0.7-win32-x86_64\bin\java.dll
0x00007ffeb0be0000 - 0x00007ffeb130d000 	C:\WINDOWS\System32\SHELL32.dll
0x00007ffeaf8e0000 - 0x00007ffeafa54000 	C:\WINDOWS\System32\wintypes.dll
0x00007ffeacb40000 - 0x00007ffead396000 	C:\WINDOWS\SYSTEM32\windows.storage.dll
0x00007ffeafe60000 - 0x00007ffeaff4f000 	C:\WINDOWS\System32\SHCORE.dll
0x00007ffeb1b80000 - 0x00007ffeb1be9000 	C:\WINDOWS\System32\shlwapi.dll
0x00007ffeaee20000 - 0x00007ffeaee4f000 	C:\WINDOWS\SYSTEM32\profapi.dll
0x00007ffe97080000 - 0x00007ffe97098000 	c:\Users\Raul C\.vscode\extensions\redhat.java-1.42.0-win32-x64\jre\21.0.7-win32-x86_64\bin\zip.dll
0x00007ffe9dba0000 - 0x00007ffe9dbb0000 	C:\Users\Raul C\.vscode\extensions\redhat.java-1.42.0-win32-x64\jre\21.0.7-win32-x86_64\bin\net.dll
0x00007ffea2bc0000 - 0x00007ffea2cde000 	C:\WINDOWS\SYSTEM32\WINHTTP.dll
0x00007ffeae1e0000 - 0x00007ffeae24a000 	C:\WINDOWS\system32\mswsock.dll
0x00007ffe96ee0000 - 0x00007ffe96ef6000 	C:\Users\Raul C\.vscode\extensions\redhat.java-1.42.0-win32-x64\jre\21.0.7-win32-x86_64\bin\nio.dll
0x00007ffe9d9b0000 - 0x00007ffe9d9c0000 	c:\Users\Raul C\.vscode\extensions\redhat.java-1.42.0-win32-x64\jre\21.0.7-win32-x86_64\bin\verify.dll
0x00007ffe96e90000 - 0x00007ffe96ed5000 	C:\Users\Raul C\AppData\Roaming\Code\User\globalStorage\redhat.java\1.42.0\config_win\org.eclipse.equinox.launcher\org.eclipse.equinox.launcher.win32.win32.x86_64_1.2.1300.v20250331-1702\eclipse_11911.dll
0x00007ffeb0600000 - 0x00007ffeb079f000 	C:\WINDOWS\System32\ole32.dll
0x00007ffeae5a0000 - 0x00007ffeae5bc000 	C:\WINDOWS\SYSTEM32\CRYPTSP.dll
0x00007ffeadbf0000 - 0x00007ffeadc2a000 	C:\WINDOWS\system32\rsaenh.dll
0x00007ffeae280000 - 0x00007ffeae2ab000 	C:\WINDOWS\SYSTEM32\USERENV.dll
0x00007ffeaedf0000 - 0x00007ffeaee16000 	C:\WINDOWS\SYSTEM32\bcrypt.dll
0x00007ffeae410000 - 0x00007ffeae41c000 	C:\WINDOWS\SYSTEM32\CRYPTBASE.dll
0x00007ffead6a0000 - 0x00007ffead6d3000 	C:\WINDOWS\SYSTEM32\IPHLPAPI.DLL
0x00007ffeafe50000 - 0x00007ffeafe5a000 	C:\WINDOWS\System32\NSI.dll
0x00007ffe9c460000 - 0x00007ffe9c4a9000 	C:\Users\Raul C\AppData\Local\Temp\jna--1854204983\jna6242100134775489465.dll
0x00007ffeb03a0000 - 0x00007ffeb03a8000 	C:\WINDOWS\System32\PSAPI.DLL
0x00007ffea4e10000 - 0x00007ffea4e2f000 	C:\WINDOWS\SYSTEM32\dhcpcsvc6.DLL
0x00007ffea4710000 - 0x00007ffea4735000 	C:\WINDOWS\SYSTEM32\dhcpcsvc.DLL
0x00007ffe9c430000 - 0x00007ffe9c457000 	C:\Users\Raul C\.gradle\native\1def1411415f61bf3af743bc5b6707747c0891f09f0c88961ee8f79bc544acac\windows-amd64\native-platform.dll
0x00007ffe9c5b0000 - 0x00007ffe9c5ba000 	C:\Users\Raul C\.vscode\extensions\redhat.java-1.42.0-win32-x64\jre\21.0.7-win32-x86_64\bin\management.dll
0x00007ffe9c520000 - 0x00007ffe9c52b000 	C:\Users\Raul C\.vscode\extensions\redhat.java-1.42.0-win32-x64\jre\21.0.7-win32-x86_64\bin\management_ext.dll
0x00007ffe99220000 - 0x00007ffe99229000 	C:\Users\Raul C\.vscode\extensions\redhat.java-1.42.0-win32-x64\jre\21.0.7-win32-x86_64\bin\extnet.dll

dbghelp: loaded successfully - version: 4.0.5 - missing functions: none
symbol engine: initialized successfully - sym options: 0x614 - pdb path: .;c:\Users\Raul C\.vscode\extensions\redhat.java-1.42.0-win32-x64\jre\21.0.7-win32-x86_64\bin;C:\WINDOWS\SYSTEM32;C:\WINDOWS\WinSxS\amd64_microsoft.windows.common-controls_6595b64144ccf1df_6.0.26100.3912_none_3e07963ce335137e;c:\Users\Raul C\.vscode\extensions\redhat.java-1.42.0-win32-x64\jre\21.0.7-win32-x86_64\bin\server;C:\Users\Raul C\AppData\Roaming\Code\User\globalStorage\redhat.java\1.42.0\config_win\org.eclipse.equinox.launcher\org.eclipse.equinox.launcher.win32.win32.x86_64_1.2.1300.v20250331-1702;C:\Users\Raul C\AppData\Local\Temp\jna--1854204983;C:\Users\Raul C\.gradle\native\1def1411415f61bf3af743bc5b6707747c0891f09f0c88961ee8f79bc544acac\windows-amd64

VM Arguments:
jvm_args: --add-modules=ALL-SYSTEM --add-opens=java.base/java.util=ALL-UNNAMED --add-opens=java.base/java.lang=ALL-UNNAMED --add-opens=java.base/sun.nio.fs=ALL-UNNAMED -Declipse.application=org.eclipse.jdt.ls.core.id1 -Dosgi.bundles.defaultStartLevel=4 -Declipse.product=org.eclipse.jdt.ls.core.product -Djava.import.generatesMetadataFilesAtProjectRoot=false -DDetectVMInstallationsJob.disabled=true -Dfile.encoding=utf8 -XX:+UseParallelGC -XX:GCTimeRatio=4 -XX:AdaptiveSizePolicyWeight=90 -Dsun.zip.disableMemoryMapping=true -Xmx1G -Xms100m -Xlog:disable -javaagent:c:\Users\Raul C\.vscode\extensions\redhat.java-1.42.0-win32-x64\lombok\lombok-1.18.36.jar -XX:+HeapDumpOnOutOfMemoryError -XX:HeapDumpPath=c:\Users\Raul C\AppData\Roaming\Code\User\workspaceStorage\6e53fea4b70537cba1629f41aa9e64fc\redhat.java -Daether.dependencyCollector.impl=bf 
java_command: c:\Users\Raul C\.vscode\extensions\redhat.java-1.42.0-win32-x64\server\plugins\org.eclipse.equinox.launcher_1.7.0.v20250424-1814.jar -configuration c:\Users\Raul C\AppData\Roaming\Code\User\globalStorage\redhat.java\1.42.0\config_win -data c:\Users\Raul C\AppData\Roaming\Code\User\workspaceStorage\6e53fea4b70537cba1629f41aa9e64fc\redhat.java\jdt_ws --pipe=\\.\pipe\lsp-b3219f8c30d42c505b0368d906a739aa-sock
java_class_path (initial): c:\Users\Raul C\.vscode\extensions\redhat.java-1.42.0-win32-x64\server\plugins\org.eclipse.equinox.launcher_1.7.0.v20250424-1814.jar
Launcher Type: SUN_STANDARD

[Global flags]
    uintx AdaptiveSizePolicyWeight                 = 90                                        {product} {command line}
     intx CICompilerCount                          = 4                                         {product} {ergonomic}
    uintx GCTimeRatio                              = 4                                         {product} {command line}
     bool HeapDumpOnOutOfMemoryError               = true                                   {manageable} {command line}
    ccstr HeapDumpPath                             = c:\Users\Raul C\AppData\Roaming\Code\User\workspaceStorage\6e53fea4b70537cba1629f41aa9e64fc\redhat.java         {manageable} {command line}
   size_t InitialHeapSize                          = 104857600                                 {product} {command line}
   size_t MaxHeapSize                              = 1073741824                                {product} {command line}
   size_t MaxNewSize                               = 357564416                                 {product} {ergonomic}
   size_t MinHeapDeltaBytes                        = 524288                                    {product} {ergonomic}
   size_t MinHeapSize                              = 104857600                                 {product} {command line}
   size_t NewSize                                  = 34603008                                  {product} {ergonomic}
    uintx NonNMethodCodeHeapSize                   = 5839372                                {pd product} {ergonomic}
    uintx NonProfiledCodeHeapSize                  = 122909434                              {pd product} {ergonomic}
   size_t OldSize                                  = 70254592                                  {product} {ergonomic}
    uintx ProfiledCodeHeapSize                     = 122909434                              {pd product} {ergonomic}
    uintx ReservedCodeCacheSize                    = 251658240                              {pd product} {ergonomic}
     bool SegmentedCodeCache                       = true                                      {product} {ergonomic}
   size_t SoftMaxHeapSize                          = 1073741824                             {manageable} {ergonomic}
     bool UseCompressedOops                        = true                           {product lp64_product} {ergonomic}
     bool UseLargePagesIndividualAllocation        = false                                  {pd product} {ergonomic}
     bool UseParallelGC                            = true                                      {product} {command line}

Logging:
Log output configuration:
 #0: stdout all=off uptime,level,tags foldmultilines=false
 #1: stderr all=off uptime,level,tags foldmultilines=false

Environment Variables:
JAVA_HOME=D:\java
PATH=C:\Program Files\Microsoft SDKs\Azure\CLI2\wbin;C:\Program Files\Common Files\Oracle\Java\javapath;C:\Python311\Scripts\;C:\Python311\;C:\WINDOWS\system32;C:\WINDOWS;C:\WINDOWS\System32\Wbem;C:\WINDOWS\System32\WindowsPowerShell\v1.0\;C:\WINDOWS\System32\OpenSSH\;C:\MinGW\bin;C:\Program Files\dotnet\;C:\Autodesk\MinGW\bin;D:\Git\cmd;C:\ProgramData\chocolatey\bin;C:\Program Files (x86)\NVIDIA Corporation\PhysX\Common;C:\Program Files\Microsoft SQL Server\150\Tools\Binn\;C:\WINDOWS\system32;C:\WINDOWS;C:\WINDOWS\System32\Wbem;C:\WINDOWS\System32\WindowsPowerShell\v1.0\;C:\WINDOWS\System32\OpenSSH\;C:\Program Files\MATLAB\R2023b\bin;C:\Program Files\Microsoft SQL Server\Client SDK\ODBC\170\Tools\Binn\;C:\Program Files (x86)\Windows Kits\10\Windows Performance Toolkit\;C:\Program Files (x86)\Microsoft SQL Server\160\Tools\Binn\;C:\Program Files\Microsoft SQL Server\160\Tools\Binn\;C:\Program Files\Microsoft SQL Server\160\DTS\Binn\;D:\android-studio\kotlinc\bin;C:\Users\Raul C\AppData\Roaming\nvm;C:\Program Files\nodejs;D:\mongo\bin;D:\a.programming\php;C:\Program Files\nodejs\;C:\Program Files\MySQL\MySQL Server 8.0\bin;C:\Program Files\NVIDIA Corporation\NVIDIA app\NvDLISR;D:\java\bin;D:\java\bin;D:\apache-maven-3.9.9-bin\apache-maven-3.9.9\bin;C:\Program Files (x86)\Microsoft SQL Server\160\DTS\Binn\;D:\aws\;C:\Program Files\MySQL\MySQL Shell 8.0\bin\;C:\Users\Raul C\.config\herd\bin;D:\orcad\OpenAccess\bin\win32\opt;D:\orcad\tools\pcb\bin;D:\orcad\tools\fet\bin;D:\orcad\tools\Capture;D:\orcad\tools\PSpice;D:\orcad\tools\specctra\bin;D:\orcad\tools\bin;C:\Users\Raul C\AppData\Local\Microsoft\WindowsApps;C:\Users\Raul C\AppData\Local\Programs\Hyper\resources\bin;C:\Users\Raul C\.dotnet\tools;C:\Users\Raul C\AppData\Local\GitHubDesktop\bin;C:\Users\Raul C\.dotnet\tools;C:\Users\Raul C\AppData\Local\Programs\Azure Data Studio\bin;C:\Users\Raul C\AppData\Roaming\nvm;C:\Program Files\nodejs;D:\;C:\Users\Raul C\AppData\Local\Microsoft\WindowsApps;C:\Users\Raul C\AppData\Roaming\npm;D:\IntelliJ IDEA 2024.3.2.2\bin;;C:\Users\Raul C\AppData\Local\Programs\Microsoft VS Code\bin
USERNAME=Raul C
OS=Windows_NT
PROCESSOR_IDENTIFIER=Intel64 Family 6 Model 140 Stepping 1, GenuineIntel
TMP=C:\Users\RAULC~1\AppData\Local\Temp
TEMP=C:\Users\RAULC~1\AppData\Local\Temp




Periodic native trim disabled

---------------  S Y S T E M  ---------------

OS:
 Windows 11 , 64 bit Build 26100 (10.0.26100.3912)
OS uptime: 1 days 4:51 hours
Hyper-V role detected

CPU: total 8 (initial active 8) (4 cores per cpu, 2 threads per core) family 6 model 140 stepping 1 microcode 0x86, cx8, cmov, fxsr, ht, mmx, 3dnowpref, sse, sse2, sse3, ssse3, sse4.1, sse4.2, popcnt, lzcnt, tsc, tscinvbit, avx, avx2, aes, erms, clmul, bmi1, bmi2, adx, avx512f, avx512dq, avx512cd, avx512bw, avx512vl, sha, fma, vzeroupper, avx512_vpopcntdq, avx512_vpclmulqdq, avx512_vaes, avx512_vnni, clflush, clflushopt, clwb, avx512_vbmi2, avx512_vbmi, hv, rdtscp, rdpid, fsrm, gfni, avx512_bitalg, f16c, cet_ibt, cet_ss, avx512_ifma
Processor Information for the first 8 processors :
  Max Mhz: 3110, Current Mhz: 3110, Mhz Limit: 3110

Memory: 4k page, system-wide physical 16167M (3776M free)
TotalPageFile size 18215M (AvailPageFile size 3M)
current process WorkingSet (physical memory assigned to process): 249M, peak: 284M
current process commit charge ("private bytes"): 314M, peak: 351M

vm_info: OpenJDK 64-Bit Server VM (21.0.7+6-LTS) for windows-amd64 JRE (21.0.7+6-LTS), built on 2025-04-15T00:00:00Z by "admin" with MS VC++ 17.7 (VS2022)

END.
