#
# There is insufficient memory for the Java Runtime Environment to continue.
# Native memory allocation (malloc) failed to allocate 1480528 bytes. Error detail: Chunk::new
# Possible reasons:
#   The system is out of physical RAM or swap space
#   This process is running with CompressedOops enabled, and the Java Heap may be blocking the growth of the native heap
# Possible solutions:
#   Reduce memory load on the system
#   Increase physical memory or swap space
#   Check if swap backing store is full
#   Decrease Java heap size (-Xmx/-Xms)
#   Decrease number of Java threads
#   Decrease Java thread stack sizes (-Xss)
#   Set larger code cache with -XX:ReservedCodeCacheSize=
#   JVM is running with Zero Based Compressed Oops mode in which the Java heap is
#     placed in the first 32GB address space. The Java Heap base address is the
#     maximum limit for the native heap growth. Please use -XX:HeapBaseMinAddress
#     to set the Java Heap base and to place the Java Heap above 32GB virtual address.
# This output file may be truncated or incomplete.
#
#  Out of Memory Error (arena.cpp:168), pid=3296, tid=18824
#
# JRE version: OpenJDK Runtime Environment Temurin-21.0.7+6 (21.0.7+6) (build 21.0.7+6-LTS)
# Java VM: OpenJDK 64-Bit Server VM Temurin-21.0.7+6 (21.0.7+6-LTS, mixed mode, sharing, tiered, compressed oops, compressed class ptrs, g1 gc, windows-amd64)
# No core dump will be written. Minidumps are not enabled by default on client versions of Windows
#

---------------  S U M M A R Y ------------

Command Line: org.jetbrains.kotlin.cli.jvm.K2JVMCompiler @D:\a.programming\react-native-javascriptMastery\node_modules\expo-modules-autolinking\android\expo-gradle-plugin\expo-autolinking-plugin-shared\build\20250518_7483258731962445865.compiler.options

Host: 11th Gen Intel(R) Core(TM) i5-11300H @ 3.10GHz, 8 cores, 15G,  Windows 11 , 64 bit Build 26100 (10.0.26100.3912)
Time: Sun May 18 17:01:48 2025 GTB Daylight Time elapsed time: 10.804645 seconds (0d 0h 0m 10s)

---------------  T H R E A D  ---------------

Current thread (0x0000022be75fe690):  JavaThread "C2 CompilerThread0" daemon [_thread_in_native, id=18824, stack(0x000000d70f300000,0x000000d70f400000) (1024K)]


Current CompileTask:
C2:10804 4355       4       org.jetbrains.org.objectweb.asm.ClassReader::readMethod (1061 bytes)

Stack: [0x000000d70f300000,0x000000d70f400000]
Native frames: (J=compiled Java code, j=interpreted, Vv=VM code, C=native code)
V  [jvm.dll+0x6ce119]
V  [jvm.dll+0x8a84a1]
V  [jvm.dll+0x8aa9ce]
V  [jvm.dll+0x8ab0b3]
V  [jvm.dll+0x27f8a6]
V  [jvm.dll+0xc507d]
V  [jvm.dll+0xc55b3]
V  [jvm.dll+0x3b692c]
V  [jvm.dll+0x1dfe33]
V  [jvm.dll+0x247c42]
V  [jvm.dll+0x2470cf]
V  [jvm.dll+0x1c760e]
V  [jvm.dll+0x25695a]
V  [jvm.dll+0x254efa]
V  [jvm.dll+0x3f03f6]
V  [jvm.dll+0x851f6b]
V  [jvm.dll+0x6cc7dd]
C  [ucrtbase.dll+0x37b0]
C  [KERNEL32.DLL+0x2e8d7]
C  [ntdll.dll+0x9c5dc]


---------------  P R O C E S S  ---------------

Threads class SMR info:
_java_thread_list=0x0000022bed77c3a0, length=13, elements={
0x0000022bcd781770, 0x0000022be75f26e0, 0x0000022be75f55e0, 0x0000022be75f6730,
0x0000022be75fc670, 0x0000022be75fa620, 0x0000022be75fda20, 0x0000022be75fe690,
0x0000022be75ff2d0, 0x0000022be7749410, 0x0000022be774dc90, 0x0000022becaea030,
0x0000022bed11a860
}

Java Threads: ( => current thread )
  0x0000022bcd781770 JavaThread "main"                              [_thread_in_Java, id=16940, stack(0x000000d70e500000,0x000000d70e600000) (1024K)]
  0x0000022be75f26e0 JavaThread "Reference Handler"          daemon [_thread_blocked, id=22332, stack(0x000000d70ed00000,0x000000d70ee00000) (1024K)]
  0x0000022be75f55e0 JavaThread "Finalizer"                  daemon [_thread_blocked, id=22428, stack(0x000000d70ee00000,0x000000d70ef00000) (1024K)]
  0x0000022be75f6730 JavaThread "Signal Dispatcher"          daemon [_thread_blocked, id=22036, stack(0x000000d70ef00000,0x000000d70f000000) (1024K)]
  0x0000022be75fc670 JavaThread "Attach Listener"            daemon [_thread_blocked, id=21356, stack(0x000000d70f000000,0x000000d70f100000) (1024K)]
  0x0000022be75fa620 JavaThread "Service Thread"             daemon [_thread_blocked, id=4084, stack(0x000000d70f100000,0x000000d70f200000) (1024K)]
  0x0000022be75fda20 JavaThread "Monitor Deflation Thread"   daemon [_thread_blocked, id=4416, stack(0x000000d70f200000,0x000000d70f300000) (1024K)]
=>0x0000022be75fe690 JavaThread "C2 CompilerThread0"         daemon [_thread_in_native, id=18824, stack(0x000000d70f300000,0x000000d70f400000) (1024K)]
  0x0000022be75ff2d0 JavaThread "C1 CompilerThread0"         daemon [_thread_in_vm, id=6272, stack(0x000000d70f400000,0x000000d70f500000) (1024K)]
  0x0000022be7749410 JavaThread "Notification Thread"        daemon [_thread_blocked, id=11884, stack(0x000000d70f500000,0x000000d70f600000) (1024K)]
  0x0000022be774dc90 JavaThread "Common-Cleaner"             daemon [_thread_blocked, id=22172, stack(0x000000d70f600000,0x000000d70f700000) (1024K)]
  0x0000022becaea030 JavaThread "C2 CompilerThread1"         daemon [_thread_in_native, id=18148, stack(0x000000d70fc00000,0x000000d70fd00000) (1024K)]
  0x0000022bed11a860 JavaThread "C2 CompilerThread2"         daemon [_thread_in_vm, id=14072, stack(0x000000d710000000,0x000000d710100000) (1024K)]
Total: 13

Other Threads:
  0x0000022be75ca250 VMThread "VM Thread"                           [id=21836, stack(0x000000d70ec00000,0x000000d70ed00000) (1024K)]
  0x0000022be75ba460 WatcherThread "VM Periodic Task Thread"        [id=17116, stack(0x000000d70eb00000,0x000000d70ec00000) (1024K)]
  0x0000022bcd7e6f00 WorkerThread "GC Thread#0"                     [id=14464, stack(0x000000d70e600000,0x000000d70e700000) (1024K)]
  0x0000022bec3678f0 WorkerThread "GC Thread#1"                     [id=16224, stack(0x000000d70f700000,0x000000d70f800000) (1024K)]
  0x0000022bec367c90 WorkerThread "GC Thread#2"                     [id=21888, stack(0x000000d70f800000,0x000000d70f900000) (1024K)]
  0x0000022bec378040 WorkerThread "GC Thread#3"                     [id=20500, stack(0x000000d70f900000,0x000000d70fa00000) (1024K)]
  0x0000022bec339470 WorkerThread "GC Thread#4"                     [id=18280, stack(0x000000d70fa00000,0x000000d70fb00000) (1024K)]
  0x0000022bec338990 WorkerThread "GC Thread#5"                     [id=10740, stack(0x000000d70fb00000,0x000000d70fc00000) (1024K)]
  0x0000022bec339f50 WorkerThread "GC Thread#6"                     [id=19016, stack(0x000000d70fd00000,0x000000d70fe00000) (1024K)]
  0x0000022bec33a2f0 WorkerThread "GC Thread#7"                     [id=8648, stack(0x000000d70fe00000,0x000000d70ff00000) (1024K)]
  0x0000022bcd7f89f0 ConcurrentGCThread "G1 Main Marker"            [id=17508, stack(0x000000d70e700000,0x000000d70e800000) (1024K)]
  0x0000022bcd7f94f0 WorkerThread "G1 Conc#0"                       [id=7712, stack(0x000000d70e800000,0x000000d70e900000) (1024K)]
  0x0000022bf0a88110 WorkerThread "G1 Conc#1"                       [id=11500, stack(0x000000d70ff00000,0x000000d710000000) (1024K)]
  0x0000022be748d690 ConcurrentGCThread "G1 Refine#0"               [id=22056, stack(0x000000d70e900000,0x000000d70ea00000) (1024K)]
  0x0000022be748dfa0 ConcurrentGCThread "G1 Service"                [id=21828, stack(0x000000d70ea00000,0x000000d70eb00000) (1024K)]
Total: 15

Threads with active compile tasks:
C2 CompilerThread0  10819 4355       4       org.jetbrains.org.objectweb.asm.ClassReader::readMethod (1061 bytes)
C1 CompilerThread0  10820 4489       3       org.jetbrains.kotlin.resolve.calls.inference.model.NewConstraintSystemImpl::lowerBoundIfFlexible (18 bytes)
C2 CompilerThread1  10820 4450       4       org.jetbrains.kotlin.serialization.deserialization.descriptors.DeserializedPackageMemberScope::hasClass (116 bytes)
C2 CompilerThread2  10820 4439       4       org.jetbrains.kotlin.serialization.deserialization.descriptors.DeserializedPackageMemberScope::recordLookup (33 bytes)
Total: 4

VM state: not at safepoint (normal execution)

VM Mutex/Monitor currently owned by a thread: None

Heap address: 0x0000000703600000, size: 4042 MB, Compressed Oops mode: Zero based, Oop shift amount: 3

CDS archive(s) mapped at: [0x0000022b80000000-0x0000022b80ba0000-0x0000022b80ba0000), size 12189696, SharedBaseAddress: 0x0000022b80000000, ArchiveRelocationMode: 1.
Compressed class space mapped at: 0x0000022b81000000-0x0000022bc1000000, reserved size: 1073741824
Narrow klass base: 0x0000022b80000000, Narrow klass shift: 0, Narrow klass range: 0x100000000

GC Precious Log:
 CardTable entry size: 512
 Card Set container configuration: InlinePtr #cards 4 size 8 Array Of Cards #cards 16 size 48 Howl #buckets 8 coarsen threshold 3686 Howl Bitmap #cards 512 size 80 coarsen threshold 460 Card regions per heap region 1 cards per card region 4096
 CPUs: 8 total, 8 available
 Memory: 16167M
 Large Page Support: Disabled
 NUMA Support: Disabled
 Compressed Oops: Enabled (Zero based)
 Heap Region Size: 2M
 Heap Min Capacity: 8M
 Heap Initial Capacity: 254M
 Heap Max Capacity: 4042M
 Pre-touch: Disabled
 Parallel Workers: 8
 Concurrent Workers: 2
 Concurrent Refinement Workers: 8
 Periodic GC: Disabled

Heap:
 garbage-first heap   total 153600K, used 73662K [0x0000000703600000, 0x0000000800000000)
  region size 2048K, 30 young (61440K), 2 survivors (4096K)
 Metaspace       used 42759K, committed 43584K, reserved 1114112K
  class space    used 5219K, committed 5632K, reserved 1048576K

Heap Regions: E=young(eden), S=young(survivor), O=old, HS=humongous(starts), HC=humongous(continues), CS=collection set, F=free, TAMS=top-at-mark-start, PB=parsable bottom
|   0|0x0000000703600000, 0x0000000703800000, 0x0000000703800000|100%|HS|  |TAMS 0x0000000703600000| PB 0x0000000703600000| Complete 
|   1|0x0000000703800000, 0x0000000703a00000, 0x0000000703a00000|100%|HC|  |TAMS 0x0000000703800000| PB 0x0000000703800000| Complete 
|   2|0x0000000703a00000, 0x0000000703c00000, 0x0000000703c00000|100%| O|  |TAMS 0x0000000703a00000| PB 0x0000000703a00000| Untracked 
|   3|0x0000000703c00000, 0x0000000703e00000, 0x0000000703e00000|100%| O|  |TAMS 0x0000000703c00000| PB 0x0000000703c00000| Untracked 
|   4|0x0000000703e00000, 0x0000000704000000, 0x0000000704000000|100%| O|  |TAMS 0x0000000703e00000| PB 0x0000000703e00000| Untracked 
|   5|0x0000000704000000, 0x0000000704200000, 0x0000000704200000|100%| O|  |TAMS 0x0000000704000000| PB 0x0000000704000000| Untracked 
|   6|0x0000000704200000, 0x00000007043ef918, 0x0000000704400000| 96%| O|  |TAMS 0x0000000704200000| PB 0x0000000704200000| Untracked 
|   7|0x0000000704400000, 0x0000000704400000, 0x0000000704600000|  0%| F|  |TAMS 0x0000000704400000| PB 0x0000000704400000| Untracked 
|   8|0x0000000704600000, 0x0000000704800000, 0x0000000704800000|100%| S|CS|TAMS 0x0000000704600000| PB 0x0000000704600000| Complete 
|   9|0x0000000704800000, 0x0000000704a00000, 0x0000000704a00000|100%| S|CS|TAMS 0x0000000704800000| PB 0x0000000704800000| Complete 
|  10|0x0000000704a00000, 0x0000000704a00000, 0x0000000704c00000|  0%| F|  |TAMS 0x0000000704a00000| PB 0x0000000704a00000| Untracked 
|  11|0x0000000704c00000, 0x0000000704c00000, 0x0000000704e00000|  0%| F|  |TAMS 0x0000000704c00000| PB 0x0000000704c00000| Untracked 
|  12|0x0000000704e00000, 0x0000000704e00000, 0x0000000705000000|  0%| F|  |TAMS 0x0000000704e00000| PB 0x0000000704e00000| Untracked 
|  13|0x0000000705000000, 0x0000000705000000, 0x0000000705200000|  0%| F|  |TAMS 0x0000000705000000| PB 0x0000000705000000| Untracked 
|  14|0x0000000705200000, 0x0000000705200000, 0x0000000705400000|  0%| F|  |TAMS 0x0000000705200000| PB 0x0000000705200000| Untracked 
|  15|0x0000000705400000, 0x0000000705400000, 0x0000000705600000|  0%| F|  |TAMS 0x0000000705400000| PB 0x0000000705400000| Untracked 
|  16|0x0000000705600000, 0x0000000705600000, 0x0000000705800000|  0%| F|  |TAMS 0x0000000705600000| PB 0x0000000705600000| Untracked 
|  17|0x0000000705800000, 0x0000000705800000, 0x0000000705a00000|  0%| F|  |TAMS 0x0000000705800000| PB 0x0000000705800000| Untracked 
|  18|0x0000000705a00000, 0x0000000705a00000, 0x0000000705c00000|  0%| F|  |TAMS 0x0000000705a00000| PB 0x0000000705a00000| Untracked 
|  19|0x0000000705c00000, 0x0000000705c00000, 0x0000000705e00000|  0%| F|  |TAMS 0x0000000705c00000| PB 0x0000000705c00000| Untracked 
|  20|0x0000000705e00000, 0x0000000705e00000, 0x0000000706000000|  0%| F|  |TAMS 0x0000000705e00000| PB 0x0000000705e00000| Untracked 
|  21|0x0000000706000000, 0x0000000706000000, 0x0000000706200000|  0%| F|  |TAMS 0x0000000706000000| PB 0x0000000706000000| Untracked 
|  22|0x0000000706200000, 0x0000000706200000, 0x0000000706400000|  0%| F|  |TAMS 0x0000000706200000| PB 0x0000000706200000| Untracked 
|  23|0x0000000706400000, 0x0000000706400000, 0x0000000706600000|  0%| F|  |TAMS 0x0000000706400000| PB 0x0000000706400000| Untracked 
|  24|0x0000000706600000, 0x0000000706600000, 0x0000000706800000|  0%| F|  |TAMS 0x0000000706600000| PB 0x0000000706600000| Untracked 
|  25|0x0000000706800000, 0x0000000706800000, 0x0000000706a00000|  0%| F|  |TAMS 0x0000000706800000| PB 0x0000000706800000| Untracked 
|  26|0x0000000706a00000, 0x0000000706a00000, 0x0000000706c00000|  0%| F|  |TAMS 0x0000000706a00000| PB 0x0000000706a00000| Untracked 
|  27|0x0000000706c00000, 0x0000000706c00000, 0x0000000706e00000|  0%| F|  |TAMS 0x0000000706c00000| PB 0x0000000706c00000| Untracked 
|  28|0x0000000706e00000, 0x0000000706e00000, 0x0000000707000000|  0%| F|  |TAMS 0x0000000706e00000| PB 0x0000000706e00000| Untracked 
|  29|0x0000000707000000, 0x0000000707000000, 0x0000000707200000|  0%| F|  |TAMS 0x0000000707000000| PB 0x0000000707000000| Untracked 
|  30|0x0000000707200000, 0x0000000707200000, 0x0000000707400000|  0%| F|  |TAMS 0x0000000707200000| PB 0x0000000707200000| Untracked 
|  31|0x0000000707400000, 0x0000000707400000, 0x0000000707600000|  0%| F|  |TAMS 0x0000000707400000| PB 0x0000000707400000| Untracked 
|  32|0x0000000707600000, 0x0000000707600000, 0x0000000707800000|  0%| F|  |TAMS 0x0000000707600000| PB 0x0000000707600000| Untracked 
|  33|0x0000000707800000, 0x0000000707800000, 0x0000000707a00000|  0%| F|  |TAMS 0x0000000707800000| PB 0x0000000707800000| Untracked 
|  34|0x0000000707a00000, 0x0000000707a00000, 0x0000000707c00000|  0%| F|  |TAMS 0x0000000707a00000| PB 0x0000000707a00000| Untracked 
|  35|0x0000000707c00000, 0x0000000707c00000, 0x0000000707e00000|  0%| F|  |TAMS 0x0000000707c00000| PB 0x0000000707c00000| Untracked 
|  36|0x0000000707e00000, 0x0000000707e00000, 0x0000000708000000|  0%| F|  |TAMS 0x0000000707e00000| PB 0x0000000707e00000| Untracked 
|  37|0x0000000708000000, 0x0000000708000000, 0x0000000708200000|  0%| F|  |TAMS 0x0000000708000000| PB 0x0000000708000000| Untracked 
|  38|0x0000000708200000, 0x0000000708200000, 0x0000000708400000|  0%| F|  |TAMS 0x0000000708200000| PB 0x0000000708200000| Untracked 
|  39|0x0000000708400000, 0x0000000708400000, 0x0000000708600000|  0%| F|  |TAMS 0x0000000708400000| PB 0x0000000708400000| Untracked 
|  40|0x0000000708600000, 0x0000000708600000, 0x0000000708800000|  0%| F|  |TAMS 0x0000000708600000| PB 0x0000000708600000| Untracked 
|  41|0x0000000708800000, 0x0000000708800000, 0x0000000708a00000|  0%| F|  |TAMS 0x0000000708800000| PB 0x0000000708800000| Untracked 
|  42|0x0000000708a00000, 0x0000000708a00000, 0x0000000708c00000|  0%| F|  |TAMS 0x0000000708a00000| PB 0x0000000708a00000| Untracked 
|  43|0x0000000708c00000, 0x0000000708c00000, 0x0000000708e00000|  0%| F|  |TAMS 0x0000000708c00000| PB 0x0000000708c00000| Untracked 
|  44|0x0000000708e00000, 0x0000000708e00000, 0x0000000709000000|  0%| F|  |TAMS 0x0000000708e00000| PB 0x0000000708e00000| Untracked 
|  45|0x0000000709000000, 0x0000000709000000, 0x0000000709200000|  0%| F|  |TAMS 0x0000000709000000| PB 0x0000000709000000| Untracked 
|  46|0x0000000709200000, 0x0000000709200000, 0x0000000709400000|  0%| F|  |TAMS 0x0000000709200000| PB 0x0000000709200000| Untracked 
|  47|0x0000000709400000, 0x00000007095e8628, 0x0000000709600000| 95%| E|  |TAMS 0x0000000709400000| PB 0x0000000709400000| Complete 
|  48|0x0000000709600000, 0x0000000709800000, 0x0000000709800000|100%| E|CS|TAMS 0x0000000709600000| PB 0x0000000709600000| Complete 
|  49|0x0000000709800000, 0x0000000709a00000, 0x0000000709a00000|100%| E|CS|TAMS 0x0000000709800000| PB 0x0000000709800000| Complete 
|  50|0x0000000709a00000, 0x0000000709c00000, 0x0000000709c00000|100%| E|CS|TAMS 0x0000000709a00000| PB 0x0000000709a00000| Complete 
|  51|0x0000000709c00000, 0x0000000709e00000, 0x0000000709e00000|100%| E|CS|TAMS 0x0000000709c00000| PB 0x0000000709c00000| Complete 
|  52|0x0000000709e00000, 0x000000070a000000, 0x000000070a000000|100%| E|CS|TAMS 0x0000000709e00000| PB 0x0000000709e00000| Complete 
|  53|0x000000070a000000, 0x000000070a200000, 0x000000070a200000|100%| E|CS|TAMS 0x000000070a000000| PB 0x000000070a000000| Complete 
|  54|0x000000070a200000, 0x000000070a400000, 0x000000070a400000|100%| E|CS|TAMS 0x000000070a200000| PB 0x000000070a200000| Complete 
|  55|0x000000070a400000, 0x000000070a600000, 0x000000070a600000|100%| E|CS|TAMS 0x000000070a400000| PB 0x000000070a400000| Complete 
|  56|0x000000070a600000, 0x000000070a800000, 0x000000070a800000|100%| E|CS|TAMS 0x000000070a600000| PB 0x000000070a600000| Complete 
|  57|0x000000070a800000, 0x000000070aa00000, 0x000000070aa00000|100%| E|CS|TAMS 0x000000070a800000| PB 0x000000070a800000| Complete 
|  58|0x000000070aa00000, 0x000000070ac00000, 0x000000070ac00000|100%| E|CS|TAMS 0x000000070aa00000| PB 0x000000070aa00000| Complete 
|  59|0x000000070ac00000, 0x000000070ae00000, 0x000000070ae00000|100%| E|CS|TAMS 0x000000070ac00000| PB 0x000000070ac00000| Complete 
|  60|0x000000070ae00000, 0x000000070b000000, 0x000000070b000000|100%| E|CS|TAMS 0x000000070ae00000| PB 0x000000070ae00000| Complete 
|  61|0x000000070b000000, 0x000000070b200000, 0x000000070b200000|100%| E|CS|TAMS 0x000000070b000000| PB 0x000000070b000000| Complete 
|  62|0x000000070b200000, 0x000000070b400000, 0x000000070b400000|100%| E|CS|TAMS 0x000000070b200000| PB 0x000000070b200000| Complete 
|  63|0x000000070b400000, 0x000000070b600000, 0x000000070b600000|100%| E|CS|TAMS 0x000000070b400000| PB 0x000000070b400000| Complete 
|  64|0x000000070b600000, 0x000000070b800000, 0x000000070b800000|100%| E|CS|TAMS 0x000000070b600000| PB 0x000000070b600000| Complete 
|  65|0x000000070b800000, 0x000000070ba00000, 0x000000070ba00000|100%| E|CS|TAMS 0x000000070b800000| PB 0x000000070b800000| Complete 
|  66|0x000000070ba00000, 0x000000070bc00000, 0x000000070bc00000|100%| E|CS|TAMS 0x000000070ba00000| PB 0x000000070ba00000| Complete 
|  67|0x000000070bc00000, 0x000000070be00000, 0x000000070be00000|100%| E|CS|TAMS 0x000000070bc00000| PB 0x000000070bc00000| Complete 
|  68|0x000000070be00000, 0x000000070c000000, 0x000000070c000000|100%| E|CS|TAMS 0x000000070be00000| PB 0x000000070be00000| Complete 
|  69|0x000000070c000000, 0x000000070c200000, 0x000000070c200000|100%| E|CS|TAMS 0x000000070c000000| PB 0x000000070c000000| Complete 
|  70|0x000000070c200000, 0x000000070c400000, 0x000000070c400000|100%| E|CS|TAMS 0x000000070c200000| PB 0x000000070c200000| Complete 
| 117|0x0000000712000000, 0x0000000712200000, 0x0000000712200000|100%| E|CS|TAMS 0x0000000712000000| PB 0x0000000712000000| Complete 
| 118|0x0000000712200000, 0x0000000712400000, 0x0000000712400000|100%| E|CS|TAMS 0x0000000712200000| PB 0x0000000712200000| Complete 
| 119|0x0000000712400000, 0x0000000712600000, 0x0000000712600000|100%| E|CS|TAMS 0x0000000712400000| PB 0x0000000712400000| Complete 
| 126|0x0000000713200000, 0x0000000713400000, 0x0000000713400000|100%| E|CS|TAMS 0x0000000713200000| PB 0x0000000713200000| Complete 

Card table byte_map: [0x0000022be0480000,0x0000022be0c70000] _byte_map_base: 0x0000022bdcc65000

Marking Bits: (CMBitMap*) 0x0000022bcd7e7600
 Bits: [0x0000022be0c70000, 0x0000022be4b98000)

Polling page: 0x0000022bcce80000

Metaspace:

Usage:
  Non-class:     36.67 MB used.
      Class:      5.10 MB used.
       Both:     41.77 MB used.

Virtual space:
  Non-class space:       64.00 MB reserved,      37.06 MB ( 58%) committed,  1 nodes.
      Class space:        1.00 GB reserved,       5.50 MB ( <1%) committed,  1 nodes.
             Both:        1.06 GB reserved,      42.56 MB (  4%) committed. 

Chunk freelists:
   Non-Class:  10.12 MB
       Class:  10.47 MB
        Both:  20.60 MB

MaxMetaspaceSize: unlimited
CompressedClassSpaceSize: 1.00 GB
Initial GC threshold: 21.00 MB
Current GC threshold: 58.88 MB
CDS: on
 - commit_granule_bytes: 65536.
 - commit_granule_words: 8192.
 - virtual_space_node_default_size: 8388608.
 - enlarge_chunks_in_place: 1.
 - use_allocation_guard: 0.


Internal statistics:

num_allocs_failed_limit: 6.
num_arena_births: 1220.
num_arena_deaths: 0.
num_vsnodes_births: 2.
num_vsnodes_deaths: 0.
num_space_committed: 679.
num_space_uncommitted: 0.
num_chunks_returned_to_freelist: 6.
num_chunks_taken_from_freelist: 2889.
num_chunk_merges: 6.
num_chunk_splits: 2136.
num_chunks_enlarged: 1551.
num_inconsistent_stats: 0.

CodeHeap 'non-profiled nmethods': size=120000Kb used=2424Kb max_used=2424Kb free=117576Kb
 bounds [0x0000022bd8430000, 0x0000022bd86a0000, 0x0000022bdf960000]
CodeHeap 'profiled nmethods': size=120000Kb used=8687Kb max_used=8687Kb free=111312Kb
 bounds [0x0000022bd0960000, 0x0000022bd11e0000, 0x0000022bd7e90000]
CodeHeap 'non-nmethods': size=5760Kb used=1759Kb max_used=1854Kb free=4000Kb
 bounds [0x0000022bd7e90000, 0x0000022bd8100000, 0x0000022bd8430000]
 total_blobs=4925 nmethods=4296 adapters=533
 compilation: enabled
              stopped_count=0, restarted_count=0
 full_count=0

Compilation events (20 events):
Event: 8.744 Thread 0x0000022be75ff2d0 4466       3       org.jetbrains.kotlin.load.kotlin.BinaryClassAnnotationAndConstantLoaderImpl::createConstant (46 bytes)
Event: 9.752 Thread 0x0000022be75ff2d0 nmethod 4466 0x0000022bd11bfe10 code [0x0000022bd11c0060, 0x0000022bd11c07c8]
Event: 9.752 Thread 0x0000022be75ff2d0 4468       3       org.jetbrains.kotlin.load.kotlin.MemberSignature$Companion::fromMethodNameAndDesc (39 bytes)
Event: 9.753 Thread 0x0000022be75ff2d0 nmethod 4468 0x0000022bd11c0b10 code [0x0000022bd11c0e40, 0x0000022bd11c1e30]
Event: 9.753 Thread 0x0000022be75ff2d0 4470       3       org.jetbrains.kotlin.load.kotlin.AbstractBinaryClassAnnotationAndConstantLoader$loadAnnotationsAndInitializers$1::visitMethod (41 bytes)
Event: 9.754 Thread 0x0000022be75ff2d0 nmethod 4470 0x0000022bd11c2410 code [0x0000022bd11c2780, 0x0000022bd11c3918]
Event: 9.754 Thread 0x0000022be75ff2d0 4471       3       org.jetbrains.kotlin.load.kotlin.AbstractBinaryClassAnnotationAndConstantLoader$loadAnnotationsAndInitializers$1$AnnotationVisitorForMethod::<init> (18 bytes)
Event: 9.754 Thread 0x0000022be75ff2d0 nmethod 4471 0x0000022bd11c4010 code [0x0000022bd11c42e0, 0x0000022bd11c51a8]
Event: 9.754 Thread 0x0000022be75ff2d0 4472       3       org.jetbrains.kotlin.load.kotlin.AbstractBinaryClassAnnotationAndConstantLoader$loadAnnotationsAndInitializers$1$MemberAnnotationVisitor::<init> (32 bytes)
Event: 9.754 Thread 0x0000022be75ff2d0 nmethod 4472 0x0000022bd11c5690 code [0x0000022bd11c58e0, 0x0000022bd11c6280]
Event: 9.754 Thread 0x0000022be75ff2d0 4473       3       org.jetbrains.kotlin.load.kotlin.FileBasedKotlinClass$4$2::<init> (38 bytes)
Event: 9.754 Thread 0x0000022be75ff2d0 nmethod 4473 0x0000022bd11c6590 code [0x0000022bd11c6740, 0x0000022bd11c69d0]
Event: 9.754 Thread 0x0000022be75ff2d0 4474       3       org.jetbrains.kotlin.load.kotlin.FileBasedKotlinClass$4$2::visitEnd (10 bytes)
Event: 9.754 Thread 0x0000022be75ff2d0 nmethod 4474 0x0000022bd11c6b10 code [0x0000022bd11c6cc0, 0x0000022bd11c6ec8]
Event: 9.754 Thread 0x0000022be75ff2d0 4475       3       org.jetbrains.kotlin.load.kotlin.AbstractBinaryClassAnnotationAndConstantLoader$loadAnnotationsAndInitializers$1$MemberAnnotationVisitor::visitEnd (48 bytes)
Event: 9.754 Thread 0x0000022be75ff2d0 nmethod 4475 0x0000022bd11c7010 code [0x0000022bd11c71e0, 0x0000022bd11c75a0]
Event: 9.754 Thread 0x0000022be75ff2d0 4467       3       org.jetbrains.kotlin.resolve.constants.ConstantValueFactory::createConstantValue (485 bytes)
Event: 9.783 Thread 0x0000022be75ff2d0 nmethod 4467 0x0000022bd11c7710 code [0x0000022bd11c7e00, 0x0000022bd11cc198]
Event: 9.785 Thread 0x0000022bed11a860 nmethod 4412 0x0000022bd8687890 code [0x0000022bd8687d60, 0x0000022bd868a258]
Event: 9.785 Thread 0x0000022bed11a860 4469       4       java.lang.String::replace (42 bytes)

GC Heap History (16 events):
Event: 3.478 GC heap before
{Heap before GC invocations=0 (full 0):
 garbage-first heap   total 260096K, used 26624K [0x0000000703600000, 0x0000000800000000)
  region size 2048K, 11 young (22528K), 0 survivors (0K)
 Metaspace       used 6368K, committed 6528K, reserved 1114112K
  class space    used 665K, committed 704K, reserved 1048576K
}
Event: 3.481 GC heap after
{Heap after GC invocations=1 (full 0):
 garbage-first heap   total 260096K, used 6997K [0x0000000703600000, 0x0000000800000000)
  region size 2048K, 2 young (4096K), 2 survivors (4096K)
 Metaspace       used 6368K, committed 6528K, reserved 1114112K
  class space    used 665K, committed 704K, reserved 1048576K
}
Event: 4.114 GC heap before
{Heap before GC invocations=1 (full 0):
 garbage-first heap   total 260096K, used 43861K [0x0000000703600000, 0x0000000800000000)
  region size 2048K, 20 young (40960K), 2 survivors (4096K)
 Metaspace       used 18393K, committed 18688K, reserved 1114112K
  class space    used 2370K, committed 2496K, reserved 1048576K
}
Event: 4.119 GC heap after
{Heap after GC invocations=2 (full 0):
 garbage-first heap   total 260096K, used 9144K [0x0000000703600000, 0x0000000800000000)
  region size 2048K, 3 young (6144K), 3 survivors (6144K)
 Metaspace       used 18393K, committed 18688K, reserved 1114112K
  class space    used 2370K, committed 2496K, reserved 1048576K
}
Event: 4.340 GC heap before
{Heap before GC invocations=2 (full 0):
 garbage-first heap   total 260096K, used 21432K [0x0000000703600000, 0x0000000800000000)
  region size 2048K, 10 young (20480K), 3 survivors (6144K)
 Metaspace       used 21212K, committed 21504K, reserved 1114112K
  class space    used 2867K, committed 3008K, reserved 1048576K
}
Event: 4.344 GC heap after
{Heap after GC invocations=3 (full 0):
 garbage-first heap   total 260096K, used 9763K [0x0000000703600000, 0x0000000800000000)
  region size 2048K, 3 young (6144K), 3 survivors (6144K)
 Metaspace       used 21212K, committed 21504K, reserved 1114112K
  class space    used 2867K, committed 3008K, reserved 1048576K
}
Event: 4.720 GC heap before
{Heap before GC invocations=4 (full 0):
 garbage-first heap   total 34816K, used 34339K [0x0000000703600000, 0x0000000800000000)
  region size 2048K, 15 young (30720K), 3 survivors (6144K)
 Metaspace       used 25769K, committed 26048K, reserved 1114112K
  class space    used 3351K, committed 3456K, reserved 1048576K
}
Event: 4.726 GC heap after
{Heap after GC invocations=5 (full 0):
 garbage-first heap   total 45056K, used 12714K [0x0000000703600000, 0x0000000800000000)
  region size 2048K, 5 young (10240K), 5 survivors (10240K)
 Metaspace       used 25769K, committed 26048K, reserved 1114112K
  class space    used 3351K, committed 3456K, reserved 1048576K
}
Event: 4.946 GC heap before
{Heap before GC invocations=5 (full 0):
 garbage-first heap   total 45056K, used 29098K [0x0000000703600000, 0x0000000800000000)
  region size 2048K, 13 young (26624K), 5 survivors (10240K)
 Metaspace       used 29014K, committed 29376K, reserved 1114112K
  class space    used 3625K, committed 3776K, reserved 1048576K
}
Event: 4.954 GC heap after
{Heap after GC invocations=6 (full 0):
 garbage-first heap   total 45056K, used 14594K [0x0000000703600000, 0x0000000800000000)
  region size 2048K, 1 young (2048K), 1 survivors (2048K)
 Metaspace       used 29014K, committed 29376K, reserved 1114112K
  class space    used 3625K, committed 3776K, reserved 1048576K
}
Event: 5.201 GC heap before
{Heap before GC invocations=6 (full 0):
 garbage-first heap   total 45056K, used 35074K [0x0000000703600000, 0x0000000800000000)
  region size 2048K, 11 young (22528K), 1 survivors (2048K)
 Metaspace       used 31900K, committed 32768K, reserved 1114112K
  class space    used 4040K, committed 4480K, reserved 1048576K
}
Event: 5.206 GC heap after
{Heap after GC invocations=7 (full 0):
 garbage-first heap   total 45056K, used 15735K [0x0000000703600000, 0x0000000800000000)
  region size 2048K, 2 young (4096K), 2 survivors (4096K)
 Metaspace       used 31900K, committed 32768K, reserved 1114112K
  class space    used 4040K, committed 4480K, reserved 1048576K
}
Event: 5.502 GC heap before
{Heap before GC invocations=7 (full 0):
 garbage-first heap   total 45056K, used 25975K [0x0000000703600000, 0x0000000800000000)
  region size 2048K, 8 young (16384K), 2 survivors (4096K)
 Metaspace       used 35157K, committed 35968K, reserved 1114112K
  class space    used 4411K, committed 4800K, reserved 1048576K
}
Event: 5.507 GC heap after
{Heap after GC invocations=8 (full 0):
 garbage-first heap   total 45056K, used 16173K [0x0000000703600000, 0x0000000800000000)
  region size 2048K, 1 young (2048K), 1 survivors (2048K)
 Metaspace       used 35157K, committed 35968K, reserved 1114112K
  class space    used 4411K, committed 4800K, reserved 1048576K
}
Event: 5.646 GC heap before
{Heap before GC invocations=9 (full 0):
 garbage-first heap   total 45056K, used 38701K [0x0000000703600000, 0x0000000800000000)
  region size 2048K, 12 young (24576K), 1 survivors (2048K)
 Metaspace       used 35842K, committed 36672K, reserved 1114112K
  class space    used 4485K, committed 4864K, reserved 1048576K
}
Event: 5.651 GC heap after
{Heap after GC invocations=10 (full 0):
 garbage-first heap   total 153600K, used 18366K [0x0000000703600000, 0x0000000800000000)
  region size 2048K, 2 young (4096K), 2 survivors (4096K)
 Metaspace       used 35842K, committed 36672K, reserved 1114112K
  class space    used 4485K, committed 4864K, reserved 1048576K
}

Dll operation events (7 events):
Event: 0.007 Loaded shared library C:\Users\Raul C\.vscode\extensions\redhat.java-1.42.0-win32-x64\jre\21.0.7-win32-x86_64\bin\java.dll
Event: 1.377 Loaded shared library C:\Users\Raul C\.vscode\extensions\redhat.java-1.42.0-win32-x64\jre\21.0.7-win32-x86_64\bin\zip.dll
Event: 1.383 Loaded shared library C:\Users\Raul C\.vscode\extensions\redhat.java-1.42.0-win32-x64\jre\21.0.7-win32-x86_64\bin\net.dll
Event: 1.385 Loaded shared library C:\Users\Raul C\.vscode\extensions\redhat.java-1.42.0-win32-x64\jre\21.0.7-win32-x86_64\bin\nio.dll
Event: 1.413 Loaded shared library C:\Users\Raul C\.vscode\extensions\redhat.java-1.42.0-win32-x64\jre\21.0.7-win32-x86_64\bin\zip.dll
Event: 1.439 Loaded shared library C:\Users\Raul C\.vscode\extensions\redhat.java-1.42.0-win32-x64\jre\21.0.7-win32-x86_64\bin\jimage.dll
Event: 3.762 Loaded shared library C:\Users\Raul C\.vscode\extensions\redhat.java-1.42.0-win32-x64\jre\21.0.7-win32-x86_64\bin\verify.dll

Deoptimization events (20 events):
Event: 7.641 Thread 0x0000022bcd781770 Uncommon trap: trap_request=0xffffffbe fr.pc=0x0000022bd86700d8 relative=0x00000000000025d8
Event: 7.641 Thread 0x0000022bcd781770 Uncommon trap: reason=profile_predicate action=maybe_recompile pc=0x0000022bd86700d8 method=org.jetbrains.kotlin.serialization.deserialization.descriptors.DeserializedPackageMemberScope.hasClass(Lorg/jetbrains/kotlin/name/Name;)Z @ 65 c2
Event: 7.641 Thread 0x0000022bcd781770 DEOPT PACKING pc=0x0000022bd86700d8 sp=0x000000d70e5fba90
Event: 7.641 Thread 0x0000022bcd781770 DEOPT UNPACKING pc=0x0000022bd7ee7da2 sp=0x000000d70e5fb960 mode 2
Event: 7.641 Thread 0x0000022bcd781770 Uncommon trap: trap_request=0xffffffbe fr.pc=0x0000022bd86700d8 relative=0x00000000000025d8
Event: 7.641 Thread 0x0000022bcd781770 Uncommon trap: reason=profile_predicate action=maybe_recompile pc=0x0000022bd86700d8 method=org.jetbrains.kotlin.serialization.deserialization.descriptors.DeserializedPackageMemberScope.hasClass(Lorg/jetbrains/kotlin/name/Name;)Z @ 65 c2
Event: 7.641 Thread 0x0000022bcd781770 DEOPT PACKING pc=0x0000022bd86700d8 sp=0x000000d70e5fba90
Event: 7.641 Thread 0x0000022bcd781770 DEOPT UNPACKING pc=0x0000022bd7ee7da2 sp=0x000000d70e5fb960 mode 2
Event: 7.641 Thread 0x0000022bcd781770 Uncommon trap: trap_request=0xffffffbe fr.pc=0x0000022bd86700d8 relative=0x00000000000025d8
Event: 7.641 Thread 0x0000022bcd781770 Uncommon trap: reason=profile_predicate action=maybe_recompile pc=0x0000022bd86700d8 method=org.jetbrains.kotlin.serialization.deserialization.descriptors.DeserializedPackageMemberScope.hasClass(Lorg/jetbrains/kotlin/name/Name;)Z @ 65 c2
Event: 7.641 Thread 0x0000022bcd781770 DEOPT PACKING pc=0x0000022bd86700d8 sp=0x000000d70e5fba90
Event: 7.641 Thread 0x0000022bcd781770 DEOPT UNPACKING pc=0x0000022bd7ee7da2 sp=0x000000d70e5fb960 mode 2
Event: 7.642 Thread 0x0000022bcd781770 Uncommon trap: trap_request=0xffffffbe fr.pc=0x0000022bd8678904 relative=0x0000000000003904
Event: 7.642 Thread 0x0000022bcd781770 Uncommon trap: reason=profile_predicate action=maybe_recompile pc=0x0000022bd8678904 method=org.jetbrains.kotlin.serialization.deserialization.descriptors.DeserializedPackageMemberScope.hasClass(Lorg/jetbrains/kotlin/name/Name;)Z @ 65 c2
Event: 7.642 Thread 0x0000022bcd781770 DEOPT PACKING pc=0x0000022bd8678904 sp=0x000000d70e5fb9f0
Event: 7.642 Thread 0x0000022bcd781770 DEOPT UNPACKING pc=0x0000022bd7ee7da2 sp=0x000000d70e5fb958 mode 2
Event: 7.691 Thread 0x0000022bcd781770 Uncommon trap: trap_request=0xffffffbe fr.pc=0x0000022bd86806a0 relative=0x0000000000001b40
Event: 7.691 Thread 0x0000022bcd781770 Uncommon trap: reason=profile_predicate action=maybe_recompile pc=0x0000022bd86806a0 method=org.jetbrains.kotlin.serialization.deserialization.descriptors.DeserializedPackageMemberScope.hasClass(Lorg/jetbrains/kotlin/name/Name;)Z @ 65 c2
Event: 7.691 Thread 0x0000022bcd781770 DEOPT PACKING pc=0x0000022bd86806a0 sp=0x000000d70e5fb7a0
Event: 7.692 Thread 0x0000022bcd781770 DEOPT UNPACKING pc=0x0000022bd7ee7da2 sp=0x000000d70e5fb760 mode 2

Classes loaded (20 events):
Event: 5.704 Loading class java/util/stream/IntStream
Event: 5.704 Loading class java/util/stream/IntStream done
Event: 5.704 Loading class java/util/stream/IntPipeline$Head
Event: 5.704 Loading class java/util/stream/IntPipeline
Event: 5.705 Loading class java/util/stream/IntPipeline done
Event: 5.705 Loading class java/util/stream/IntPipeline$Head done
Event: 5.706 Loading class java/util/stream/IntPipeline$1
Event: 5.706 Loading class java/util/stream/IntPipeline$1 done
Event: 5.707 Loading class java/util/stream/IntPipeline$1$1
Event: 5.707 Loading class java/util/stream/Sink$ChainedInt
Event: 5.707 Loading class java/util/stream/Sink$OfInt
Event: 5.707 Loading class java/util/stream/Sink$OfInt done
Event: 5.707 Loading class java/util/stream/Sink$ChainedInt done
Event: 5.707 Loading class java/util/stream/IntPipeline$1$1 done
Event: 5.859 Loading class java/util/RegularEnumSet$EnumSetIterator
Event: 5.859 Loading class java/util/RegularEnumSet$EnumSetIterator done
Event: 6.261 Loading class java/text/StringCharacterIterator
Event: 6.262 Loading class java/text/CharacterIterator
Event: 6.262 Loading class java/text/CharacterIterator done
Event: 6.262 Loading class java/text/StringCharacterIterator done

Classes unloaded (0 events):
No events

Classes redefined (0 events):
No events

Internal exceptions (20 events):
Event: 5.090 Thread 0x0000022bcd781770 Exception <a 'java/lang/NoSuchMethodError'{0x000000070545d158}: 'java.lang.Object java.lang.invoke.DelegatingMethodHandle$Holder.reinvoke_L(java.lang.Object, java.lang.Object, java.lang.Object, java.lang.Object, java.lang.Object, java.lang.Object, java.lang.Object, java.lang.Object, java.lang.Object, java.lang.Object, java.lang.Object, java.lang.Object, java.lang.Object, java.lang.Object, java.lang.Object, java.lang.Object, java.lang.Object, java.lang.Object)'> (0x000000070545d158) 
thrown [s\src\hotspot\s
Event: 5.096 Thread 0x0000022bcd781770 Exception <a 'java/lang/NoSuchMethodError'{0x00000007054e5320}: 'java.lang.Object java.lang.invoke.DirectMethodHandle$Holder.newInvokeSpecial(java.lang.Object, java.lang.Object, java.lang.Object, java.lang.Object, java.lang.Object, java.lang.Object, java.lang.Object, java.lang.Object, java.lang.Object, java.lang.Object, java.lang.Object, java.lang.Object, java.lang.Object, java.lang.Object, java.lang.Object, java.lang.Object, java.lang.Object, java.lang.Object, java.lang.Object, java.lang.Object, java.lang
Event: 5.096 Thread 0x0000022bcd781770 Exception <a 'java/lang/NoSuchMethodError'{0x00000007054ec1d8}: 'java.lang.Object java.lang.invoke.DirectMethodHandle$Holder.invokeSpecial(java.lang.Object, java.lang.Object, java.lang.Object, java.lang.Object, java.lang.Object, java.lang.Object, java.lang.Object, java.lang.Object, java.lang.Object, java.lang.Object, java.lang.Object, java.lang.Object, java.lang.Object, java.lang.Object, java.lang.Object, java.lang.Object, java.lang.Object, java.lang.Object, java.lang.Object, java.lang.Object, java.lang.Ob
Event: 5.096 Thread 0x0000022bcd781770 Exception <a 'java/lang/NoSuchMethodError'{0x00000007054f1b90}: 'java.lang.Object java.lang.invoke.DelegatingMethodHandle$Holder.reinvoke_L(java.lang.Object, java.lang.Object, java.lang.Object, java.lang.Object, java.lang.Object, java.lang.Object, java.lang.Object, java.lang.Object, java.lang.Object, java.lang.Object, java.lang.Object, java.lang.Object, java.lang.Object, java.lang.Object, java.lang.Object, java.lang.Object, java.lang.Object, java.lang.Object, java.lang.Object, java.lang.Object, java.lang.O
Event: 5.101 Thread 0x0000022bcd781770 Exception <a 'java/lang/NoSuchMethodError'{0x00000007055bf970}: 'java.lang.Object java.lang.invoke.DirectMethodHandle$Holder.invokeStatic(java.lang.Object, java.lang.Object, java.lang.Object, java.lang.Object, java.lang.Object, java.lang.Object, java.lang.Object, java.lang.Object, java.lang.Object, java.lang.Object, java.lang.Object, java.lang.Object, java.lang.Object, java.lang.Object, java.lang.Object, java.lang.Object, java.lang.Object, java.lang.Object, java.lang.Object, java.lang.Object, java.lang.Obj
Event: 5.103 Thread 0x0000022bcd781770 Exception <a 'java/lang/NoSuchMethodError'{0x00000007055f21a8}: 'java.lang.Object java.lang.invoke.DirectMethodHandle$Holder.invokeStatic(java.lang.Object, java.lang.Object, java.lang.Object, java.lang.Object, java.lang.Object, java.lang.Object, java.lang.Object, java.lang.Object, java.lang.Object, java.lang.Object, java.lang.Object, java.lang.Object, java.lang.Object, java.lang.Object, java.lang.Object, java.lang.Object, java.lang.Object, java.lang.Object, java.lang.Object, java.lang.Object, java.lang.Obj
Event: 5.110 Thread 0x0000022bcd781770 Exception <a 'java/lang/NoSuchMethodError'{0x000000070525c348}: 'java.lang.Object java.lang.invoke.DirectMethodHandle$Holder.newInvokeSpecial(java.lang.Object, java.lang.Object, java.lang.Object, java.lang.Object, java.lang.Object, java.lang.Object, java.lang.Object, java.lang.Object, java.lang.Object, java.lang.Object, java.lang.Object, java.lang.Object, java.lang.Object)'> (0x000000070525c348) 
thrown [s\src\hotspot\share\interpreter\linkResolver.cpp, line 773]
Event: 5.110 Thread 0x0000022bcd781770 Exception <a 'java/lang/NoSuchMethodError'{0x0000000705261358}: 'java.lang.Object java.lang.invoke.DirectMethodHandle$Holder.invokeSpecial(java.lang.Object, java.lang.Object, java.lang.Object, java.lang.Object, java.lang.Object, java.lang.Object, java.lang.Object, java.lang.Object, java.lang.Object, java.lang.Object, java.lang.Object, java.lang.Object, java.lang.Object, java.lang.Object)'> (0x0000000705261358) 
thrown [s\src\hotspot\share\interpreter\linkResolver.cpp, line 773]
Event: 5.110 Thread 0x0000022bcd781770 Exception <a 'java/lang/NoSuchMethodError'{0x00000007052658a8}: 'java.lang.Object java.lang.invoke.DelegatingMethodHandle$Holder.reinvoke_L(java.lang.Object, java.lang.Object, java.lang.Object, java.lang.Object, java.lang.Object, java.lang.Object, java.lang.Object, java.lang.Object, java.lang.Object, java.lang.Object, java.lang.Object, java.lang.Object, java.lang.Object)'> (0x00000007052658a8) 
thrown [s\src\hotspot\share\interpreter\linkResolver.cpp, line 773]
Event: 5.275 Thread 0x0000022bcd781770 Exception <a 'java/lang/NoSuchMethodError'{0x0000000713335d18}: 'java.lang.Object java.lang.invoke.DirectMethodHandle$Holder.newInvokeSpecial(java.lang.Object, java.lang.Object, int)'> (0x0000000713335d18) 
thrown [s\src\hotspot\share\interpreter\linkResolver.cpp, line 773]
Event: 5.388 Thread 0x0000022bcd781770 Exception <a 'java/lang/NoSuchMethodError'{0x000000071229d370}: 'java.lang.Object java.lang.invoke.DirectMethodHandle$Holder.newInvokeSpecial(java.lang.Object, java.lang.Object, java.lang.Object, int)'> (0x000000071229d370) 
thrown [s\src\hotspot\share\interpreter\linkResolver.cpp, line 773]
Event: 5.388 Thread 0x0000022bcd781770 Exception <a 'java/lang/NoSuchMethodError'{0x00000007122a14f0}: 'java.lang.Object java.lang.invoke.DirectMethodHandle$Holder.invokeSpecial(java.lang.Object, java.lang.Object, java.lang.Object, java.lang.Object, int)'> (0x00000007122a14f0) 
thrown [s\src\hotspot\share\interpreter\linkResolver.cpp, line 773]
Event: 5.388 Thread 0x0000022bcd781770 Exception <a 'java/lang/NoSuchMethodError'{0x00000007122a4c38}: 'java.lang.Object java.lang.invoke.Invokers$Holder.linkToTargetMethod(java.lang.Object, java.lang.Object, int, java.lang.Object)'> (0x00000007122a4c38) 
thrown [s\src\hotspot\share\interpreter\linkResolver.cpp, line 773]
Event: 5.857 Thread 0x0000022bcd781770 Exception <a 'java/lang/NoSuchMethodError'{0x000000070be1bad0}: 'java.lang.Object java.lang.invoke.DirectMethodHandle$Holder.invokeSpecial(java.lang.Object, java.lang.Object, java.lang.Object, java.lang.Object, java.lang.Object, java.lang.Object, int)'> (0x000000070be1bad0) 
thrown [s\src\hotspot\share\interpreter\linkResolver.cpp, line 773]
Event: 6.024 Thread 0x0000022bcd781770 Implicit null exception at 0x0000022bd859111d to 0x0000022bd8591338
Event: 6.222 Thread 0x0000022bcd781770 Implicit null exception at 0x0000022bd855bdda to 0x0000022bd855bee4
Event: 6.223 Thread 0x0000022bcd781770 Implicit null exception at 0x0000022bd859b8c5 to 0x0000022bd859caec
Event: 6.223 Thread 0x0000022bcd781770 Implicit null exception at 0x0000022bd858fc09 to 0x0000022bd85904b4
Event: 7.664 Thread 0x0000022bcd781770 Exception <a 'java/lang/NoSuchMethodError'{0x0000000709405f70}: 'java.lang.Object java.lang.invoke.DirectMethodHandle$Holder.invokeInterface(java.lang.Object, java.lang.Object, java.lang.Object)'> (0x0000000709405f70) 
thrown [s\src\hotspot\share\interpreter\linkResolver.cpp, line 773]
Event: 7.664 Thread 0x0000022bcd781770 Exception <a 'java/lang/IncompatibleClassChangeError'{0x00000007094098c8}: Found class java.lang.Object, but interface was expected> (0x00000007094098c8) 
thrown [s\src\hotspot\share\interpreter\linkResolver.cpp, line 840]

ZGC Phase Switch (0 events):
No events

VM Operations (20 events):
Event: 6.078 Executing VM operation: ICBufferFull
Event: 6.078 Executing VM operation: ICBufferFull done
Event: 6.261 Executing VM operation: HandshakeAllThreads (Deoptimize)
Event: 6.261 Executing VM operation: HandshakeAllThreads (Deoptimize) done
Event: 6.351 Executing VM operation: HandshakeAllThreads (Deoptimize)
Event: 6.351 Executing VM operation: HandshakeAllThreads (Deoptimize) done
Event: 6.386 Executing VM operation: HandshakeAllThreads (Deoptimize)
Event: 6.386 Executing VM operation: HandshakeAllThreads (Deoptimize) done
Event: 6.400 Executing VM operation: ICBufferFull
Event: 6.401 Executing VM operation: ICBufferFull done
Event: 6.477 Executing VM operation: HandshakeAllThreads (Deoptimize)
Event: 6.477 Executing VM operation: HandshakeAllThreads (Deoptimize) done
Event: 7.479 Executing VM operation: Cleanup
Event: 7.603 Executing VM operation: Cleanup done
Event: 7.676 Executing VM operation: HandshakeAllThreads (Deoptimize)
Event: 7.676 Executing VM operation: HandshakeAllThreads (Deoptimize) done
Event: 8.678 Executing VM operation: Cleanup
Event: 8.738 Executing VM operation: Cleanup done
Event: 9.752 Executing VM operation: Cleanup
Event: 9.752 Executing VM operation: Cleanup done

Memory protections (0 events):
No events

Nmethod flushes (20 events):
Event: 5.520 Thread 0x0000022be75ca250 flushing  nmethod 0x0000022bd0a04410
Event: 5.520 Thread 0x0000022be75ca250 flushing  nmethod 0x0000022bd0a04c10
Event: 5.520 Thread 0x0000022be75ca250 flushing  nmethod 0x0000022bd0a1a190
Event: 5.520 Thread 0x0000022be75ca250 flushing  nmethod 0x0000022bd0a31190
Event: 5.520 Thread 0x0000022be75ca250 flushing  nmethod 0x0000022bd0a31c90
Event: 5.520 Thread 0x0000022be75ca250 flushing  nmethod 0x0000022bd0a37790
Event: 5.520 Thread 0x0000022be75ca250 flushing  nmethod 0x0000022bd0a3df10
Event: 5.520 Thread 0x0000022be75ca250 flushing  nmethod 0x0000022bd0a3eb90
Event: 5.520 Thread 0x0000022be75ca250 flushing  nmethod 0x0000022bd0a66310
Event: 5.520 Thread 0x0000022be75ca250 flushing  nmethod 0x0000022bd0a7bd90
Event: 5.520 Thread 0x0000022be75ca250 flushing  nmethod 0x0000022bd0abd990
Event: 5.520 Thread 0x0000022be75ca250 flushing  nmethod 0x0000022bd0abee10
Event: 5.520 Thread 0x0000022be75ca250 flushing  nmethod 0x0000022bd0b00510
Event: 5.520 Thread 0x0000022be75ca250 flushing  nmethod 0x0000022bd0b01410
Event: 5.520 Thread 0x0000022be75ca250 flushing  nmethod 0x0000022bd0b1d510
Event: 5.520 Thread 0x0000022be75ca250 flushing  nmethod 0x0000022bd0b2c590
Event: 5.520 Thread 0x0000022be75ca250 flushing  nmethod 0x0000022bd0b2d290
Event: 5.520 Thread 0x0000022be75ca250 flushing  nmethod 0x0000022bd0b55f10
Event: 5.520 Thread 0x0000022be75ca250 flushing  nmethod 0x0000022bd0b57590
Event: 5.520 Thread 0x0000022be75ca250 flushing  nmethod 0x0000022bd0b6e790

Events (17 events):
Event: 1.340 Thread 0x0000022bcd781770 Thread added: 0x0000022bcd781770
Event: 1.351 Thread 0x0000022bcd781770 Thread added: 0x0000022be75f26e0
Event: 1.351 Thread 0x0000022bcd781770 Thread added: 0x0000022be75f55e0
Event: 1.351 Thread 0x0000022bcd781770 Thread added: 0x0000022be75f6730
Event: 1.351 Thread 0x0000022bcd781770 Thread added: 0x0000022be75fc670
Event: 1.351 Thread 0x0000022bcd781770 Thread added: 0x0000022be75fa620
Event: 1.351 Thread 0x0000022bcd781770 Thread added: 0x0000022be75fda20
Event: 1.351 Thread 0x0000022bcd781770 Thread added: 0x0000022be75fe690
Event: 1.351 Thread 0x0000022bcd781770 Thread added: 0x0000022be75ff2d0
Event: 1.376 Thread 0x0000022bcd781770 Thread added: 0x0000022be7749410
Event: 1.379 Thread 0x0000022bcd781770 Thread added: 0x0000022be774dc90
Event: 1.402 Thread 0x0000022be75fe690 Thread added: 0x0000022be7796b20
Event: 1.403 Thread 0x0000022be7796b20 Thread added: 0x0000022be7794b10
Event: 2.514 Thread 0x0000022be7794b10 Thread exited: 0x0000022be7794b10
Event: 2.515 Thread 0x0000022be7796b20 Thread exited: 0x0000022be7796b20
Event: 4.091 Thread 0x0000022be75ff2d0 Thread added: 0x0000022becaea030
Event: 5.028 Thread 0x0000022be75ff2d0 Thread added: 0x0000022bed11a860


Dynamic libraries:
0x00007ff6edf70000 - 0x00007ff6edf7e000 	C:\Users\Raul C\.vscode\extensions\redhat.java-1.42.0-win32-x64\jre\21.0.7-win32-x86_64\bin\java.exe
0x00007ffeb1d80000 - 0x00007ffeb1fe6000 	C:\WINDOWS\SYSTEM32\ntdll.dll
0x00007ffeb1310000 - 0x00007ffeb13d9000 	C:\WINDOWS\System32\KERNEL32.DLL
0x00007ffeaf330000 - 0x00007ffeaf6fc000 	C:\WINDOWS\System32\KERNELBASE.dll
0x00007ffea91a0000 - 0x00007ffea923e000 	C:\WINDOWS\SYSTEM32\apphelp.dll
0x00007ffeaf150000 - 0x00007ffeaf29b000 	C:\WINDOWS\System32\ucrtbase.dll
0x00007ffe970c0000 - 0x00007ffe970de000 	C:\Users\Raul C\.vscode\extensions\redhat.java-1.42.0-win32-x64\jre\21.0.7-win32-x86_64\bin\VCRUNTIME140.dll
0x00007ffe97450000 - 0x00007ffe97468000 	C:\Users\Raul C\.vscode\extensions\redhat.java-1.42.0-win32-x64\jre\21.0.7-win32-x86_64\bin\jli.dll
0x00007ffeb0910000 - 0x00007ffeb0ada000 	C:\WINDOWS\System32\USER32.dll
0x00007ffe86b90000 - 0x00007ffe86e2a000 	C:\WINDOWS\WinSxS\amd64_microsoft.windows.common-controls_6595b64144ccf1df_6.0.26100.3912_none_3e07963ce335137e\COMCTL32.dll
0x00007ffeafa60000 - 0x00007ffeafa87000 	C:\WINDOWS\System32\win32u.dll
0x00007ffeb0860000 - 0x00007ffeb0909000 	C:\WINDOWS\System32\msvcrt.dll
0x00007ffeb0830000 - 0x00007ffeb085b000 	C:\WINDOWS\System32\GDI32.dll
0x00007ffeaf700000 - 0x00007ffeaf832000 	C:\WINDOWS\System32\gdi32full.dll
0x00007ffeafa90000 - 0x00007ffeafb33000 	C:\WINDOWS\System32\msvcp_win.dll
0x00007ffeb1870000 - 0x00007ffeb18a0000 	C:\WINDOWS\System32\IMM32.DLL
0x00007ffea53e0000 - 0x00007ffea53ec000 	C:\Users\Raul C\.vscode\extensions\redhat.java-1.42.0-win32-x64\jre\21.0.7-win32-x86_64\bin\vcruntime140_1.dll
0x00007ffe95cd0000 - 0x00007ffe95d5d000 	C:\Users\Raul C\.vscode\extensions\redhat.java-1.42.0-win32-x64\jre\21.0.7-win32-x86_64\bin\msvcp140.dll
0x00007ffe26f90000 - 0x00007ffe27d20000 	C:\Users\Raul C\.vscode\extensions\redhat.java-1.42.0-win32-x64\jre\21.0.7-win32-x86_64\bin\server\jvm.dll
0x00007ffeb0ae0000 - 0x00007ffeb0b92000 	C:\WINDOWS\System32\ADVAPI32.dll
0x00007ffeb1c00000 - 0x00007ffeb1ca6000 	C:\WINDOWS\System32\sechost.dll
0x00007ffeb03b0000 - 0x00007ffeb04c6000 	C:\WINDOWS\System32\RPCRT4.dll
0x00007ffeb07b0000 - 0x00007ffeb0824000 	C:\WINDOWS\System32\WS2_32.dll
0x00007ffeae730000 - 0x00007ffeae78e000 	C:\WINDOWS\SYSTEM32\POWRPROF.dll
0x00007ffe9d640000 - 0x00007ffe9d64b000 	C:\WINDOWS\SYSTEM32\VERSION.dll
0x00007ffea2b80000 - 0x00007ffea2bb6000 	C:\WINDOWS\SYSTEM32\WINMM.dll
0x00007ffeae710000 - 0x00007ffeae724000 	C:\WINDOWS\SYSTEM32\UMPDC.dll
0x00007ffeadc90000 - 0x00007ffeadcaa000 	C:\WINDOWS\SYSTEM32\kernel.appcore.dll
0x00007ffe9dd60000 - 0x00007ffe9dd6a000 	C:\Users\Raul C\.vscode\extensions\redhat.java-1.42.0-win32-x64\jre\21.0.7-win32-x86_64\bin\jimage.dll
0x00007ffeac530000 - 0x00007ffeac771000 	C:\WINDOWS\SYSTEM32\DBGHELP.DLL
0x00007ffeaff60000 - 0x00007ffeb02e4000 	C:\WINDOWS\System32\combase.dll
0x00007ffeb18b0000 - 0x00007ffeb1990000 	C:\WINDOWS\System32\OLEAUT32.dll
0x00007ffe88110000 - 0x00007ffe88149000 	C:\WINDOWS\SYSTEM32\dbgcore.DLL
0x00007ffeaf840000 - 0x00007ffeaf8d9000 	C:\WINDOWS\System32\bcryptPrimitives.dll
0x00007ffe970a0000 - 0x00007ffe970bf000 	C:\Users\Raul C\.vscode\extensions\redhat.java-1.42.0-win32-x64\jre\21.0.7-win32-x86_64\bin\java.dll
0x00007ffeb0be0000 - 0x00007ffeb130d000 	C:\WINDOWS\System32\SHELL32.dll
0x00007ffeaf8e0000 - 0x00007ffeafa54000 	C:\WINDOWS\System32\wintypes.dll
0x00007ffeacb40000 - 0x00007ffead396000 	C:\WINDOWS\SYSTEM32\windows.storage.dll
0x00007ffeafe60000 - 0x00007ffeaff4f000 	C:\WINDOWS\System32\SHCORE.dll
0x00007ffeb1b80000 - 0x00007ffeb1be9000 	C:\WINDOWS\System32\shlwapi.dll
0x00007ffeaee20000 - 0x00007ffeaee4f000 	C:\WINDOWS\SYSTEM32\profapi.dll
0x00007ffe97080000 - 0x00007ffe97098000 	C:\Users\Raul C\.vscode\extensions\redhat.java-1.42.0-win32-x64\jre\21.0.7-win32-x86_64\bin\zip.dll
0x00007ffe9dba0000 - 0x00007ffe9dbb0000 	C:\Users\Raul C\.vscode\extensions\redhat.java-1.42.0-win32-x64\jre\21.0.7-win32-x86_64\bin\net.dll
0x00007ffea2bc0000 - 0x00007ffea2cde000 	C:\WINDOWS\SYSTEM32\WINHTTP.dll
0x00007ffeae1e0000 - 0x00007ffeae24a000 	C:\WINDOWS\system32\mswsock.dll
0x00007ffe96ee0000 - 0x00007ffe96ef6000 	C:\Users\Raul C\.vscode\extensions\redhat.java-1.42.0-win32-x64\jre\21.0.7-win32-x86_64\bin\nio.dll
0x00007ffe9d9b0000 - 0x00007ffe9d9c0000 	C:\Users\Raul C\.vscode\extensions\redhat.java-1.42.0-win32-x64\jre\21.0.7-win32-x86_64\bin\verify.dll

dbghelp: loaded successfully - version: 4.0.5 - missing functions: none
symbol engine: initialized successfully - sym options: 0x614 - pdb path: .;C:\Users\Raul C\.vscode\extensions\redhat.java-1.42.0-win32-x64\jre\21.0.7-win32-x86_64\bin;C:\WINDOWS\SYSTEM32;C:\WINDOWS\WinSxS\amd64_microsoft.windows.common-controls_6595b64144ccf1df_6.0.26100.3912_none_3e07963ce335137e;C:\Users\Raul C\.vscode\extensions\redhat.java-1.42.0-win32-x64\jre\21.0.7-win32-x86_64\bin\server

VM Arguments:
java_command: org.jetbrains.kotlin.cli.jvm.K2JVMCompiler @D:\a.programming\react-native-javascriptMastery\node_modules\expo-modules-autolinking\android\expo-gradle-plugin\expo-autolinking-plugin-shared\build\20250518_7483258731962445865.compiler.options
java_class_path (initial): C:\Users\Raul C\.gradle\caches\modules-2\files-2.1\org.jetbrains.kotlin\kotlin-compiler-embeddable\1.9.24\78dab849090e6c5e2eadb6e59a11cdc28fb67a08\kotlin-compiler-embeddable-1.9.24.jar;C:\Users\Raul C\.gradle\caches\modules-2\files-2.1\org.jetbrains.kotlin\kotlin-stdlib\1.9.24\9928532f12c66ad816a625b3f9984f8368ca6d2b\kotlin-stdlib-1.9.24.jar;C:\Users\Raul C\.gradle\caches\modules-2\files-2.1\org.jetbrains.kotlin\kotlin-script-runtime\1.9.24\96771497da90fbc5af1c90fce148db2595a62502\kotlin-script-runtime-1.9.24.jar;C:\Users\Raul C\.gradle\caches\modules-2\files-2.1\org.jetbrains.kotlin\kotlin-reflect\1.6.10\1cbe9c92c12a94eea200d23c2bbaedaf3daf5132\kotlin-reflect-1.6.10.jar;C:\Users\Raul C\.gradle\caches\modules-2\files-2.1\org.jetbrains.kotlin\kotlin-daemon-embeddable\1.9.24\86685b9c5e8d170925bd9ddbdc263374a6a73281\kotlin-daemon-embeddable-1.9.24.jar;C:\Users\Raul C\.gradle\caches\modules-2\files-2.1\org.jetbrains.intellij.deps\trove4j\1.0.20200330\3afb14d5f9ceb459d724e907a21145e8ff394f02\trove4j-1.0.20200330.jar;C:\Users\Raul C\.gradle\caches\modules-2\files-2.1\org.jetbrains\annotations\13.0\919f0dfe192fb4e063e7dacadee7f8bb9a2672a9\annotations-13.0.jar
Launcher Type: SUN_STANDARD

[Global flags]
     intx CICompilerCount                          = 4                                         {product} {ergonomic}
     uint ConcGCThreads                            = 2                                         {product} {ergonomic}
     uint G1ConcRefinementThreads                  = 8                                         {product} {ergonomic}
   size_t G1HeapRegionSize                         = 2097152                                   {product} {ergonomic}
    uintx GCDrainStackTargetSize                   = 64                                        {product} {ergonomic}
   size_t InitialHeapSize                          = 266338304                                 {product} {ergonomic}
   size_t MarkStackSize                            = 4194304                                   {product} {ergonomic}
   size_t MaxHeapSize                              = 4238344192                                {product} {ergonomic}
   size_t MaxNewSize                               = 2541748224                                {product} {ergonomic}
   size_t MinHeapDeltaBytes                        = 2097152                                   {product} {ergonomic}
   size_t MinHeapSize                              = 8388608                                   {product} {ergonomic}
    uintx NonNMethodCodeHeapSize                   = 5839372                                {pd product} {ergonomic}
    uintx NonProfiledCodeHeapSize                  = 122909434                              {pd product} {ergonomic}
    uintx ProfiledCodeHeapSize                     = 122909434                              {pd product} {ergonomic}
    uintx ReservedCodeCacheSize                    = 251658240                              {pd product} {ergonomic}
     bool SegmentedCodeCache                       = true                                      {product} {ergonomic}
   size_t SoftMaxHeapSize                          = 4238344192                             {manageable} {ergonomic}
     bool UseCompressedOops                        = true                           {product lp64_product} {ergonomic}
     bool UseG1GC                                  = true                                      {product} {ergonomic}
     bool UseLargePagesIndividualAllocation        = false                                  {pd product} {ergonomic}

Logging:
Log output configuration:
 #0: stdout all=warning uptime,level,tags foldmultilines=false
 #1: stderr all=off uptime,level,tags foldmultilines=false

Environment Variables:
JAVA_HOME=D:\java
PATH=C:\Program Files\Microsoft SDKs\Azure\CLI2\wbin;C:\Program Files\Common Files\Oracle\Java\javapath;C:\Python311\Scripts\;C:\Python311\;C:\WINDOWS\system32;C:\WINDOWS;C:\WINDOWS\System32\Wbem;C:\WINDOWS\System32\WindowsPowerShell\v1.0\;C:\WINDOWS\System32\OpenSSH\;C:\MinGW\bin;C:\Program Files\dotnet\;C:\Autodesk\MinGW\bin;D:\Git\cmd;C:\ProgramData\chocolatey\bin;C:\Program Files (x86)\NVIDIA Corporation\PhysX\Common;C:\Program Files\Microsoft SQL Server\150\Tools\Binn\;C:\WINDOWS\system32;C:\WINDOWS;C:\WINDOWS\System32\Wbem;C:\WINDOWS\System32\WindowsPowerShell\v1.0\;C:\WINDOWS\System32\OpenSSH\;C:\Program Files\MATLAB\R2023b\bin;C:\Program Files\Microsoft SQL Server\Client SDK\ODBC\170\Tools\Binn\;C:\Program Files (x86)\Windows Kits\10\Windows Performance Toolkit\;C:\Program Files (x86)\Microsoft SQL Server\160\Tools\Binn\;C:\Program Files\Microsoft SQL Server\160\Tools\Binn\;C:\Program Files\Microsoft SQL Server\160\DTS\Binn\;D:\android-studio\kotlinc\bin;C:\Users\Raul C\AppData\Roaming\nvm;C:\Program Files\nodejs;D:\mongo\bin;D:\a.programming\php;C:\Program Files\nodejs\;C:\Program Files\MySQL\MySQL Server 8.0\bin;C:\Program Files\NVIDIA Corporation\NVIDIA app\NvDLISR;D:\java\bin;D:\java\bin;D:\apache-maven-3.9.9-bin\apache-maven-3.9.9\bin;C:\Program Files (x86)\Microsoft SQL Server\160\DTS\Binn\;D:\aws\;C:\Program Files\MySQL\MySQL Shell 8.0\bin\;C:\Users\Raul C\.config\herd\bin;D:\orcad\OpenAccess\bin\win32\opt;D:\orcad\tools\pcb\bin;D:\orcad\tools\fet\bin;D:\orcad\tools\Capture;D:\orcad\tools\PSpice;D:\orcad\tools\specctra\bin;D:\orcad\tools\bin;C:\Users\Raul C\AppData\Local\Microsoft\WindowsApps;C:\Users\Raul C\AppData\Local\Programs\Hyper\resources\bin;C:\Users\Raul C\.dotnet\tools;C:\Users\Raul C\AppData\Local\GitHubDesktop\bin;C:\Users\Raul C\.dotnet\tools;C:\Users\Raul C\AppData\Local\Programs\Azure Data Studio\bin;C:\Users\Raul C\AppData\Roaming\nvm;C:\Program Files\nodejs;D:\;C:\Users\Raul C\AppData\Local\Microsoft\WindowsApps;C:\Users\Raul C\AppData\Roaming\npm;D:\IntelliJ IDEA 2024.3.2.2\bin;;C:\Users\Raul C\AppData\Local\Programs\Microsoft VS Code\bin
USERNAME=Raul C
OS=Windows_NT
PROCESSOR_IDENTIFIER=Intel64 Family 6 Model 140 Stepping 1, GenuineIntel
TMP=C:\Users\RAULC~1\AppData\Local\Temp
TEMP=C:\Users\RAULC~1\AppData\Local\Temp




Periodic native trim disabled

---------------  S Y S T E M  ---------------

OS:
 Windows 11 , 64 bit Build 26100 (10.0.26100.3912)
OS uptime: 1 days 4:00 hours
Hyper-V role detected

CPU: total 8 (initial active 8) (4 cores per cpu, 2 threads per core) family 6 model 140 stepping 1 microcode 0x86, cx8, cmov, fxsr, ht, mmx, 3dnowpref, sse, sse2, sse3, ssse3, sse4.1, sse4.2, popcnt, lzcnt, tsc, tscinvbit, avx, avx2, aes, erms, clmul, bmi1, bmi2, adx, avx512f, avx512dq, avx512cd, avx512bw, avx512vl, sha, fma, vzeroupper, avx512_vpopcntdq, avx512_vpclmulqdq, avx512_vaes, avx512_vnni, clflush, clflushopt, clwb, avx512_vbmi2, avx512_vbmi, hv, rdtscp, rdpid, fsrm, gfni, avx512_bitalg, f16c, cet_ibt, cet_ss, avx512_ifma
Processor Information for the first 8 processors :
  Max Mhz: 3110, Current Mhz: 3110, Mhz Limit: 3110

Memory: 4k page, system-wide physical 16167M (3115M free)
TotalPageFile size 18215M (AvailPageFile size 15M)
current process WorkingSet (physical memory assigned to process): 254M, peak: 256M
current process commit charge ("private bytes"): 348M, peak: 397M

vm_info: OpenJDK 64-Bit Server VM (21.0.7+6-LTS) for windows-amd64 JRE (21.0.7+6-LTS), built on 2025-04-15T00:00:00Z by "admin" with MS VC++ 17.7 (VS2022)

END.
