#
# There is insufficient memory for the Java Runtime Environment to continue.
# Native memory allocation (malloc) failed to allocate 256816 bytes. Error detail: Chunk::new
# Possible reasons:
#   The system is out of physical RAM or swap space
#   This process is running with CompressedOops enabled, and the Java Heap may be blocking the growth of the native heap
# Possible solutions:
#   Reduce memory load on the system
#   Increase physical memory or swap space
#   Check if swap backing store is full
#   Decrease Java heap size (-Xmx/-Xms)
#   Decrease number of Java threads
#   Decrease Java thread stack sizes (-Xss)
#   Set larger code cache with -XX:ReservedCodeCacheSize=
#   JVM is running with Unscaled Compressed Oops mode in which the Java heap is
#     placed in the first 4GB address space. The Java Heap base address is the
#     maximum limit for the native heap growth. Please use -XX:HeapBaseMinAddress
#     to set the Java Heap base and to place the Java Heap above 4GB virtual address.
# This output file may be truncated or incomplete.
#
#  Out of Memory Error (arena.cpp:168), pid=9172, tid=4992
#
# JRE version: OpenJDK Runtime Environment Temurin-21.0.7+6 (21.0.7+6) (build 21.0.7+6-LTS)
# Java VM: OpenJDK 64-Bit Server VM Temurin-21.0.7+6 (21.0.7+6-LTS, mixed mode, sharing, tiered, compressed oops, compressed class ptrs, parallel gc, windows-amd64)
# No core dump will be written. Minidumps are not enabled by default on client versions of Windows
#

---------------  S U M M A R Y ------------

Command Line: --add-modules=ALL-SYSTEM --add-opens=java.base/java.util=ALL-UNNAMED --add-opens=java.base/java.lang=ALL-UNNAMED --add-opens=java.base/sun.nio.fs=ALL-UNNAMED -Declipse.application=org.eclipse.jdt.ls.core.id1 -Dosgi.bundles.defaultStartLevel=4 -Declipse.product=org.eclipse.jdt.ls.core.product -Djava.import.generatesMetadataFilesAtProjectRoot=false -DDetectVMInstallationsJob.disabled=true -Dfile.encoding=utf8 -XX:+UseParallelGC -XX:GCTimeRatio=4 -XX:AdaptiveSizePolicyWeight=90 -Dsun.zip.disableMemoryMapping=true -Xmx1G -Xms100m -Xlog:disable -javaagent:c:\Users\Raul C\.vscode\extensions\redhat.java-1.42.0-win32-x64\lombok\lombok-1.18.36.jar -XX:+HeapDumpOnOutOfMemoryError -XX:HeapDumpPath=c:\Users\Raul C\AppData\Roaming\Code\User\workspaceStorage\6e53fea4b70537cba1629f41aa9e64fc\redhat.java -Daether.dependencyCollector.impl=bf c:\Users\Raul C\.vscode\extensions\redhat.java-1.42.0-win32-x64\server\plugins\org.eclipse.equinox.launcher_1.7.0.v20250424-1814.jar -configuration c:\Users\Raul C\AppData\Roaming\Code\User\globalStorage\redhat.java\1.42.0\config_win -data c:\Users\Raul C\AppData\Roaming\Code\User\workspaceStorage\6e53fea4b70537cba1629f41aa9e64fc\redhat.java\jdt_ws --pipe=\\.\pipe\lsp-d2da6ca2977fe1daffbbaee39e7b5421-sock

Host: 11th Gen Intel(R) Core(TM) i5-11300H @ 3.10GHz, 8 cores, 15G,  Windows 11 , 64 bit Build 26100 (10.0.26100.3912)
Time: Sun May 18 17:52:41 2025 GTB Daylight Time elapsed time: 11.008415 seconds (0d 0h 0m 11s)

---------------  T H R E A D  ---------------

Current thread (0x000002347d2e1c20):  JavaThread "C2 CompilerThread0" daemon [_thread_in_native, id=4992, stack(0x000000a632500000,0x000000a632600000) (1024K)]


Current CompileTask:
C2:11008 3819 %     4       java.util.zip.ZipFile$Source::initCEN @ 261 (612 bytes)

Stack: [0x000000a632500000,0x000000a632600000]
Native frames: (J=compiled Java code, j=interpreted, Vv=VM code, C=native code)
V  [jvm.dll+0x6ce119]
V  [jvm.dll+0x8a84a1]
V  [jvm.dll+0x8aa9ce]
V  [jvm.dll+0x8ab0b3]
V  [jvm.dll+0x27f8a6]
V  [jvm.dll+0xc507d]
V  [jvm.dll+0xc55b3]
V  [jvm.dll+0x2f2c6d]
V  [jvm.dll+0x5f6bca]
V  [jvm.dll+0x250cb2]
V  [jvm.dll+0x25106f]
V  [jvm.dll+0x249934]
V  [jvm.dll+0x246fc4]
V  [jvm.dll+0x1c760e]
V  [jvm.dll+0x25695a]
V  [jvm.dll+0x254efa]
V  [jvm.dll+0x3f03f6]
V  [jvm.dll+0x851f6b]
V  [jvm.dll+0x6cc7dd]
C  [ucrtbase.dll+0x37b0]
C  [KERNEL32.DLL+0x2e8d7]
C  [ntdll.dll+0x9c5dc]


---------------  P R O C E S S  ---------------

Threads class SMR info:
_java_thread_list=0x00000234541803d0, length=23, elements={
0x0000023477f20860, 0x0000023477fdb710, 0x0000023477fdc520, 0x000002347d2d6790,
0x000002347d2d8150, 0x000002347d2d7430, 0x000002347d2d87e0, 0x000002347d2e1c20,
0x000002347ecebb30, 0x000002347d2d7ac0, 0x000002347d2d9500, 0x000002347d2da8b0,
0x000002347d2d8e70, 0x000002347d2da220, 0x000002347f868510, 0x000002347f8677f0,
0x000002347f867e80, 0x000002347f86ac70, 0x000002347f868ba0, 0x000002347f86c020,
0x000002347f86cd40, 0x000002347f8698c0, 0x000002347f86c6b0
}

Java Threads: ( => current thread )
  0x0000023477f20860 JavaThread "main"                              [_thread_blocked, id=9256, stack(0x000000a631b00000,0x000000a631c00000) (1024K)]
  0x0000023477fdb710 JavaThread "Reference Handler"          daemon [_thread_blocked, id=13244, stack(0x000000a631f00000,0x000000a632000000) (1024K)]
  0x0000023477fdc520 JavaThread "Finalizer"                  daemon [_thread_blocked, id=21468, stack(0x000000a632000000,0x000000a632100000) (1024K)]
  0x000002347d2d6790 JavaThread "Signal Dispatcher"          daemon [_thread_blocked, id=17472, stack(0x000000a632100000,0x000000a632200000) (1024K)]
  0x000002347d2d8150 JavaThread "Attach Listener"            daemon [_thread_blocked, id=9544, stack(0x000000a632200000,0x000000a632300000) (1024K)]
  0x000002347d2d7430 JavaThread "Service Thread"             daemon [_thread_blocked, id=17912, stack(0x000000a632300000,0x000000a632400000) (1024K)]
  0x000002347d2d87e0 JavaThread "Monitor Deflation Thread"   daemon [_thread_blocked, id=17804, stack(0x000000a632400000,0x000000a632500000) (1024K)]
=>0x000002347d2e1c20 JavaThread "C2 CompilerThread0"         daemon [_thread_in_native, id=4992, stack(0x000000a632500000,0x000000a632600000) (1024K)]
  0x000002347ecebb30 JavaThread "C1 CompilerThread0"         daemon [_thread_blocked, id=11516, stack(0x000000a632600000,0x000000a632700000) (1024K)]
  0x000002347d2d7ac0 JavaThread "Common-Cleaner"             daemon [_thread_blocked, id=19148, stack(0x000000a632700000,0x000000a632800000) (1024K)]
  0x000002347d2d9500 JavaThread "Notification Thread"        daemon [_thread_blocked, id=9620, stack(0x000000a632800000,0x000000a632900000) (1024K)]
  0x000002347d2da8b0 JavaThread "Active Thread: Equinox Container: 952f64fb-0e17-445b-86a1-ef912aef3fcc"        [_thread_blocked, id=6384, stack(0x000000a633100000,0x000000a633200000) (1024K)]
  0x000002347d2d8e70 JavaThread "Refresh Thread: Equinox Container: 952f64fb-0e17-445b-86a1-ef912aef3fcc" daemon [_thread_blocked, id=16444, stack(0x000000a633200000,0x000000a633300000) (1024K)]
  0x000002347d2da220 JavaThread "Framework Event Dispatcher: Equinox Container: 952f64fb-0e17-445b-86a1-ef912aef3fcc" daemon [_thread_blocked, id=18196, stack(0x000000a633400000,0x000000a633500000) (1024K)]
  0x000002347f868510 JavaThread "Start Level: Equinox Container: 952f64fb-0e17-445b-86a1-ef912aef3fcc" daemon [_thread_blocked, id=18728, stack(0x000000a633500000,0x000000a633600000) (1024K)]
  0x000002347f8677f0 JavaThread "Bundle File Closer"         daemon [_thread_blocked, id=18632, stack(0x000000a633600000,0x000000a633700000) (1024K)]
  0x000002347f867e80 JavaThread "SCR Component Actor"        daemon [_thread_blocked, id=21876, stack(0x000000a633700000,0x000000a633800000) (1024K)]
  0x000002347f86ac70 JavaThread "SCR Component Registry"     daemon [_thread_blocked, id=18164, stack(0x000000a632a00000,0x000000a632b00000) (1024K)]
  0x000002347f868ba0 JavaThread "Worker-JM"                         [_thread_blocked, id=14520, stack(0x000000a633800000,0x000000a633900000) (1024K)]
  0x000002347f86c020 JavaThread "JNA Cleaner"                daemon [_thread_blocked, id=20164, stack(0x000000a633900000,0x000000a633a00000) (1024K)]
  0x000002347f86cd40 JavaThread "Worker-0: Building"                [_thread_blocked, id=12132, stack(0x000000a633a00000,0x000000a633b00000) (1024K)]
  0x000002347f8698c0 JavaThread "Worker-1: Updating Maven Dependencies"        [_thread_blocked, id=1628, stack(0x000000a633b00000,0x000000a633c00000) (1024K)]
  0x000002347f86c6b0 JavaThread "Worker-2"                          [_thread_blocked, id=19964, stack(0x000000a633c00000,0x000000a633d00000) (1024K)]
Total: 23

Other Threads:
  0x000002347d2d25e0 VMThread "VM Thread"                           [id=10040, stack(0x000000a631e00000,0x000000a631f00000) (1024K)] _threads_hazard_ptr=0x00000234541803d0
  0x0000023477f8b790 WatcherThread "VM Periodic Task Thread"        [id=4204, stack(0x000000a631d00000,0x000000a631e00000) (1024K)]
  0x0000023477f3f070 WorkerThread "GC Thread#0"                     [id=15668, stack(0x000000a631c00000,0x000000a631d00000) (1024K)]
  0x000002347f30d950 WorkerThread "GC Thread#1"                     [id=8228, stack(0x000000a632b00000,0x000000a632c00000) (1024K)]
  0x000002347f587e40 WorkerThread "GC Thread#2"                     [id=960, stack(0x000000a632c00000,0x000000a632d00000) (1024K)]
  0x000002347f30dcf0 WorkerThread "GC Thread#3"                     [id=4384, stack(0x000000a632d00000,0x000000a632e00000) (1024K)]
  0x000002347f29cd40 WorkerThread "GC Thread#4"                     [id=13920, stack(0x000000a632e00000,0x000000a632f00000) (1024K)]
  0x000002347f29d0e0 WorkerThread "GC Thread#5"                     [id=16624, stack(0x000000a632f00000,0x000000a633000000) (1024K)]
  0x000002347f29d480 WorkerThread "GC Thread#6"                     [id=15608, stack(0x000000a633000000,0x000000a633100000) (1024K)]
  0x00000234542837f0 WorkerThread "GC Thread#7"                     [id=2284, stack(0x000000a633300000,0x000000a633400000) (1024K)]
Total: 10

Threads with active compile tasks:
C2 CompilerThread0  11021 3819 %     4       java.util.zip.ZipFile$Source::initCEN @ 261 (612 bytes)
C1 CompilerThread0  11021 3844       3       jdk.internal.org.objectweb.asm.Frame::execute (2305 bytes)
Total: 2

VM state: synchronizing (normal execution)

VM Mutex/Monitor currently owned by a thread:  ([mutex/lock_event])
[0x00007ffe27c3e308] Threads_lock - owner thread: 0x000002347d2d25e0

Heap address: 0x00000000c0000000, size: 1024 MB, Compressed Oops mode: 32-bit

CDS archive(s) mapped at: [0x000002340f000000-0x000002340fba0000-0x000002340fba0000), size 12189696, SharedBaseAddress: 0x000002340f000000, ArchiveRelocationMode: 1.
Compressed class space mapped at: 0x0000023410000000-0x0000023450000000, reserved size: 1073741824
Narrow klass base: 0x000002340f000000, Narrow klass shift: 0, Narrow klass range: 0x100000000

GC Precious Log:
 CardTable entry size: 512
 CPUs: 8 total, 8 available
 Memory: 16167M
 Large Page Support: Disabled
 NUMA Support: Disabled
 Compressed Oops: Enabled (32-bit)
 Alignments: Space 512K, Generation 512K, Heap 2M
 Heap Min Capacity: 100M
 Heap Initial Capacity: 100M
 Heap Max Capacity: 1G
 Pre-touch: Disabled
 Parallel Workers: 8

Heap:
 PSYoungGen      total 29184K, used 3194K [0x00000000eab00000, 0x00000000ecd00000, 0x0000000100000000)
  eden space 24576K, 12% used [0x00000000eab00000,0x00000000eae1e888,0x00000000ec300000)
  from space 4608K, 0% used [0x00000000ec380000,0x00000000ec380000,0x00000000ec800000)
  to   space 5120K, 0% used [0x00000000ec800000,0x00000000ec800000,0x00000000ecd00000)
 ParOldGen       total 68608K, used 12572K [0x00000000c0000000, 0x00000000c4300000, 0x00000000eab00000)
  object space 68608K, 18% used [0x00000000c0000000,0x00000000c0c47380,0x00000000c4300000)
 Metaspace       used 21075K, committed 22016K, reserved 1114112K
  class space    used 2154K, committed 2560K, reserved 1048576K

Card table byte_map: [0x00000234778c0000,0x0000023477ad0000] _byte_map_base: 0x00000234772c0000

Marking Bits: (ParMarkBitMap*) 0x00007ffe27c431f0
 Begin Bits: [0x000002347b110000, 0x000002347c110000)
 End Bits:   [0x000002347c110000, 0x000002347d110000)

Polling page: 0x0000023477590000

Metaspace:

Usage:
  Non-class:     18.48 MB used.
      Class:      2.10 MB used.
       Both:     20.58 MB used.

Virtual space:
  Non-class space:       64.00 MB reserved,      19.00 MB ( 30%) committed,  1 nodes.
      Class space:        1.00 GB reserved,       2.50 MB ( <1%) committed,  1 nodes.
             Both:        1.06 GB reserved,      21.50 MB (  2%) committed. 

Chunk freelists:
   Non-Class:  12.29 MB
       Class:  13.56 MB
        Both:  25.84 MB

MaxMetaspaceSize: unlimited
CompressedClassSpaceSize: 1.00 GB
Initial GC threshold: 21.00 MB
Current GC threshold: 35.00 MB
CDS: on
 - commit_granule_bytes: 65536.
 - commit_granule_words: 8192.
 - virtual_space_node_default_size: 8388608.
 - enlarge_chunks_in_place: 1.
 - use_allocation_guard: 0.


Internal statistics:

num_allocs_failed_limit: 3.
num_arena_births: 664.
num_arena_deaths: 14.
num_vsnodes_births: 2.
num_vsnodes_deaths: 0.
num_space_committed: 344.
num_space_uncommitted: 0.
num_chunks_returned_to_freelist: 17.
num_chunks_taken_from_freelist: 1471.
num_chunk_merges: 9.
num_chunk_splits: 954.
num_chunks_enlarged: 604.
num_inconsistent_stats: 0.

CodeHeap 'non-profiled nmethods': size=120000Kb used=1768Kb max_used=1768Kb free=118231Kb
 bounds [0x0000023407ad0000, 0x0000023407d40000, 0x000002340f000000]
CodeHeap 'profiled nmethods': size=120000Kb used=7897Kb max_used=7897Kb free=112102Kb
 bounds [0x0000023400000000, 0x00000234007c0000, 0x0000023407530000]
CodeHeap 'non-nmethods': size=5760Kb used=1299Kb max_used=1333Kb free=4460Kb
 bounds [0x0000023407530000, 0x00000234077a0000, 0x0000023407ad0000]
 total_blobs=4418 nmethods=3848 adapters=476
 compilation: enabled
              stopped_count=0, restarted_count=0
 full_count=0

Compilation events (20 events):
Event: 8.987 Thread 0x000002347ecebb30 nmethod 3828 0x00000234007a7e10 code [0x00000234007a7fe0, 0x00000234007a8398]
Event: 8.987 Thread 0x000002347ecebb30 3829       3       java.lang.invoke.InfoFromMemberName::getMethodType (8 bytes)
Event: 8.987 Thread 0x000002347ecebb30 nmethod 3829 0x00000234007a8510 code [0x00000234007a86c0, 0x00000234007a8800]
Event: 8.987 Thread 0x000002347ecebb30 3830       3       java.util.Set::of (10 bytes)
Event: 8.987 Thread 0x000002347ecebb30 nmethod 3830 0x00000234007a8910 code [0x00000234007a8ac0, 0x00000234007a8c50]
Event: 8.987 Thread 0x000002347ecebb30 3831       3       java.lang.Module::allows (60 bytes)
Event: 8.987 Thread 0x000002347ecebb30 nmethod 3831 0x00000234007a8d10 code [0x00000234007a8f20, 0x00000234007a9520]
Event: 8.989 Thread 0x000002347ecebb30 3833       3       java.lang.invoke.BoundMethodHandle::speciesDataFor (32 bytes)
Event: 8.989 Thread 0x000002347ecebb30 nmethod 3833 0x00000234007a9690 code [0x00000234007a9860, 0x00000234007a9be0]
Event: 8.990 Thread 0x000002347ecebb30 3834       3       java.lang.invoke.DirectMethodHandle::ensureInitialized (23 bytes)
Event: 8.990 Thread 0x000002347ecebb30 nmethod 3834 0x00000234007a9d10 code [0x00000234007a9f40, 0x00000234007aa6a0]
Event: 8.990 Thread 0x000002347ecebb30 3835       3       java.lang.invoke.DirectMethodHandle::checkInitialized (28 bytes)
Event: 8.991 Thread 0x000002347ecebb30 nmethod 3835 0x00000234007aa990 code [0x00000234007aaba0, 0x00000234007ab040]
Event: 8.991 Thread 0x000002347ecebb30 3839       3       java.lang.invoke.LambdaForm$Name::<init> (19 bytes)
Event: 8.992 Thread 0x000002347ecebb30 nmethod 3839 0x00000234007ab210 code [0x00000234007ab440, 0x00000234007abc28]
Event: 8.992 Thread 0x000002347ecebb30 3840       3       java.lang.invoke.MethodHandles$Lookup::checkMethod (87 bytes)
Event: 8.992 Thread 0x000002347ecebb30 nmethod 3840 0x00000234007abf90 code [0x00000234007ac1a0, 0x00000234007ac7f8]
Event: 8.992 Thread 0x000002347ecebb30 3841       3       java.lang.invoke.MethodHandles$Lookup::maybeBindCaller (72 bytes)
Event: 8.993 Thread 0x000002347ecebb30 nmethod 3841 0x00000234007aca10 code [0x00000234007acc40, 0x00000234007ad398]
Event: 8.993 Thread 0x000002347ecebb30 3844       3       jdk.internal.org.objectweb.asm.Frame::execute (2305 bytes)

GC Heap History (16 events):
Event: 1.527 GC heap before
{Heap before GC invocations=1 (full 0):
 PSYoungGen      total 29696K, used 25600K [0x00000000eab00000, 0x00000000ecc00000, 0x0000000100000000)
  eden space 25600K, 100% used [0x00000000eab00000,0x00000000ec400000,0x00000000ec400000)
  from space 4096K, 0% used [0x00000000ec800000,0x00000000ec800000,0x00000000ecc00000)
  to   space 4096K, 0% used [0x00000000ec400000,0x00000000ec400000,0x00000000ec800000)
 ParOldGen       total 68608K, used 0K [0x00000000c0000000, 0x00000000c4300000, 0x00000000eab00000)
  object space 68608K, 0% used [0x00000000c0000000,0x00000000c0000000,0x00000000c4300000)
 Metaspace       used 4348K, committed 4608K, reserved 1114112K
  class space    used 458K, committed 576K, reserved 1048576K
}
Event: 1.534 GC heap after
{Heap after GC invocations=1 (full 0):
 PSYoungGen      total 29696K, used 3246K [0x00000000eab00000, 0x00000000ecc00000, 0x0000000100000000)
  eden space 25600K, 0% used [0x00000000eab00000,0x00000000eab00000,0x00000000ec400000)
  from space 4096K, 79% used [0x00000000ec400000,0x00000000ec72bb20,0x00000000ec800000)
  to   space 4096K, 0% used [0x00000000ec800000,0x00000000ec800000,0x00000000ecc00000)
 ParOldGen       total 68608K, used 16K [0x00000000c0000000, 0x00000000c4300000, 0x00000000eab00000)
  object space 68608K, 0% used [0x00000000c0000000,0x00000000c0004000,0x00000000c4300000)
 Metaspace       used 4348K, committed 4608K, reserved 1114112K
  class space    used 458K, committed 576K, reserved 1048576K
}
Event: 5.020 GC heap before
{Heap before GC invocations=2 (full 0):
 PSYoungGen      total 29696K, used 28846K [0x00000000eab00000, 0x00000000ecc00000, 0x0000000100000000)
  eden space 25600K, 100% used [0x00000000eab00000,0x00000000ec400000,0x00000000ec400000)
  from space 4096K, 79% used [0x00000000ec400000,0x00000000ec72bb20,0x00000000ec800000)
  to   space 4096K, 0% used [0x00000000ec800000,0x00000000ec800000,0x00000000ecc00000)
 ParOldGen       total 68608K, used 16K [0x00000000c0000000, 0x00000000c4300000, 0x00000000eab00000)
  object space 68608K, 0% used [0x00000000c0000000,0x00000000c0004000,0x00000000c4300000)
 Metaspace       used 8048K, committed 8384K, reserved 1114112K
  class space    used 813K, committed 960K, reserved 1048576K
}
Event: 5.025 GC heap after
{Heap after GC invocations=2 (full 0):
 PSYoungGen      total 29696K, used 4068K [0x00000000eab00000, 0x00000000ecc00000, 0x0000000100000000)
  eden space 25600K, 0% used [0x00000000eab00000,0x00000000eab00000,0x00000000ec400000)
  from space 4096K, 99% used [0x00000000ec800000,0x00000000ecbf91f8,0x00000000ecc00000)
  to   space 4096K, 0% used [0x00000000ec400000,0x00000000ec400000,0x00000000ec800000)
 ParOldGen       total 68608K, used 1721K [0x00000000c0000000, 0x00000000c4300000, 0x00000000eab00000)
  object space 68608K, 2% used [0x00000000c0000000,0x00000000c01ae6a8,0x00000000c4300000)
 Metaspace       used 8048K, committed 8384K, reserved 1114112K
  class space    used 813K, committed 960K, reserved 1048576K
}
Event: 6.307 GC heap before
{Heap before GC invocations=3 (full 0):
 PSYoungGen      total 29696K, used 29668K [0x00000000eab00000, 0x00000000ecc00000, 0x0000000100000000)
  eden space 25600K, 100% used [0x00000000eab00000,0x00000000ec400000,0x00000000ec400000)
  from space 4096K, 99% used [0x00000000ec800000,0x00000000ecbf91f8,0x00000000ecc00000)
  to   space 4096K, 0% used [0x00000000ec400000,0x00000000ec400000,0x00000000ec800000)
 ParOldGen       total 68608K, used 1721K [0x00000000c0000000, 0x00000000c4300000, 0x00000000eab00000)
  object space 68608K, 2% used [0x00000000c0000000,0x00000000c01ae6a8,0x00000000c4300000)
 Metaspace       used 9372K, committed 9728K, reserved 1114112K
  class space    used 968K, committed 1152K, reserved 1048576K
}
Event: 6.312 GC heap after
{Heap after GC invocations=3 (full 0):
 PSYoungGen      total 29696K, used 4080K [0x00000000eab00000, 0x00000000ecc00000, 0x0000000100000000)
  eden space 25600K, 0% used [0x00000000eab00000,0x00000000eab00000,0x00000000ec400000)
  from space 4096K, 99% used [0x00000000ec400000,0x00000000ec7fc0c0,0x00000000ec800000)
  to   space 4096K, 0% used [0x00000000ec800000,0x00000000ec800000,0x00000000ecc00000)
 ParOldGen       total 68608K, used 5266K [0x00000000c0000000, 0x00000000c4300000, 0x00000000eab00000)
  object space 68608K, 7% used [0x00000000c0000000,0x00000000c0524a08,0x00000000c4300000)
 Metaspace       used 9372K, committed 9728K, reserved 1114112K
  class space    used 968K, committed 1152K, reserved 1048576K
}
Event: 6.815 GC heap before
{Heap before GC invocations=4 (full 0):
 PSYoungGen      total 29696K, used 29680K [0x00000000eab00000, 0x00000000ecc00000, 0x0000000100000000)
  eden space 25600K, 100% used [0x00000000eab00000,0x00000000ec400000,0x00000000ec400000)
  from space 4096K, 99% used [0x00000000ec400000,0x00000000ec7fc0c0,0x00000000ec800000)
  to   space 4096K, 0% used [0x00000000ec800000,0x00000000ec800000,0x00000000ecc00000)
 ParOldGen       total 68608K, used 5266K [0x00000000c0000000, 0x00000000c4300000, 0x00000000eab00000)
  object space 68608K, 7% used [0x00000000c0000000,0x00000000c0524a08,0x00000000c4300000)
 Metaspace       used 12172K, committed 12608K, reserved 1114112K
  class space    used 1252K, committed 1472K, reserved 1048576K
}
Event: 6.819 GC heap after
{Heap after GC invocations=4 (full 0):
 PSYoungGen      total 29696K, used 4092K [0x00000000eab00000, 0x00000000ecc00000, 0x0000000100000000)
  eden space 25600K, 0% used [0x00000000eab00000,0x00000000eab00000,0x00000000ec400000)
  from space 4096K, 99% used [0x00000000ec800000,0x00000000ecbff210,0x00000000ecc00000)
  to   space 4096K, 0% used [0x00000000ec400000,0x00000000ec400000,0x00000000ec800000)
 ParOldGen       total 68608K, used 6883K [0x00000000c0000000, 0x00000000c4300000, 0x00000000eab00000)
  object space 68608K, 10% used [0x00000000c0000000,0x00000000c06b8c68,0x00000000c4300000)
 Metaspace       used 12172K, committed 12608K, reserved 1114112K
  class space    used 1252K, committed 1472K, reserved 1048576K
}
Event: 7.264 GC heap before
{Heap before GC invocations=5 (full 0):
 PSYoungGen      total 29696K, used 29692K [0x00000000eab00000, 0x00000000ecc00000, 0x0000000100000000)
  eden space 25600K, 100% used [0x00000000eab00000,0x00000000ec400000,0x00000000ec400000)
  from space 4096K, 99% used [0x00000000ec800000,0x00000000ecbff210,0x00000000ecc00000)
  to   space 4096K, 0% used [0x00000000ec400000,0x00000000ec400000,0x00000000ec800000)
 ParOldGen       total 68608K, used 6883K [0x00000000c0000000, 0x00000000c4300000, 0x00000000eab00000)
  object space 68608K, 10% used [0x00000000c0000000,0x00000000c06b8c68,0x00000000c4300000)
 Metaspace       used 15496K, committed 16064K, reserved 1114112K
  class space    used 1548K, committed 1792K, reserved 1048576K
}
Event: 7.267 GC heap after
{Heap after GC invocations=5 (full 0):
 PSYoungGen      total 29184K, used 4092K [0x00000000eab00000, 0x00000000ece80000, 0x0000000100000000)
  eden space 25088K, 0% used [0x00000000eab00000,0x00000000eab00000,0x00000000ec380000)
  from space 4096K, 99% used [0x00000000ec400000,0x00000000ec7ff108,0x00000000ec800000)
  to   space 5632K, 0% used [0x00000000ec900000,0x00000000ec900000,0x00000000ece80000)
 ParOldGen       total 68608K, used 7967K [0x00000000c0000000, 0x00000000c4300000, 0x00000000eab00000)
  object space 68608K, 11% used [0x00000000c0000000,0x00000000c07c7f48,0x00000000c4300000)
 Metaspace       used 15496K, committed 16064K, reserved 1114112K
  class space    used 1548K, committed 1792K, reserved 1048576K
}
Event: 7.693 GC heap before
{Heap before GC invocations=6 (full 0):
 PSYoungGen      total 29184K, used 29180K [0x00000000eab00000, 0x00000000ece80000, 0x0000000100000000)
  eden space 25088K, 100% used [0x00000000eab00000,0x00000000ec380000,0x00000000ec380000)
  from space 4096K, 99% used [0x00000000ec400000,0x00000000ec7ff108,0x00000000ec800000)
  to   space 5632K, 0% used [0x00000000ec900000,0x00000000ec900000,0x00000000ece80000)
 ParOldGen       total 68608K, used 7967K [0x00000000c0000000, 0x00000000c4300000, 0x00000000eab00000)
  object space 68608K, 11% used [0x00000000c0000000,0x00000000c07c7f48,0x00000000c4300000)
 Metaspace       used 18550K, committed 19328K, reserved 1114112K
  class space    used 1888K, committed 2240K, reserved 1048576K
}
Event: 7.696 GC heap after
{Heap after GC invocations=6 (full 0):
 PSYoungGen      total 30208K, used 5216K [0x00000000eab00000, 0x00000000ece80000, 0x0000000100000000)
  eden space 24576K, 0% used [0x00000000eab00000,0x00000000eab00000,0x00000000ec300000)
  from space 5632K, 92% used [0x00000000ec900000,0x00000000ece180a0,0x00000000ece80000)
  to   space 5632K, 0% used [0x00000000ec380000,0x00000000ec380000,0x00000000ec900000)
 ParOldGen       total 68608K, used 7975K [0x00000000c0000000, 0x00000000c4300000, 0x00000000eab00000)
  object space 68608K, 11% used [0x00000000c0000000,0x00000000c07c9f48,0x00000000c4300000)
 Metaspace       used 18550K, committed 19328K, reserved 1114112K
  class space    used 1888K, committed 2240K, reserved 1048576K
}
Event: 8.944 GC heap before
{Heap before GC invocations=7 (full 0):
 PSYoungGen      total 30208K, used 25010K [0x00000000eab00000, 0x00000000ece80000, 0x0000000100000000)
  eden space 24576K, 80% used [0x00000000eab00000,0x00000000ebe549e0,0x00000000ec300000)
  from space 5632K, 92% used [0x00000000ec900000,0x00000000ece180a0,0x00000000ece80000)
  to   space 5632K, 0% used [0x00000000ec380000,0x00000000ec380000,0x00000000ec900000)
 ParOldGen       total 68608K, used 7975K [0x00000000c0000000, 0x00000000c4300000, 0x00000000eab00000)
  object space 68608K, 11% used [0x00000000c0000000,0x00000000c07c9f48,0x00000000c4300000)
 Metaspace       used 20676K, committed 21504K, reserved 1114112K
  class space    used 2114K, committed 2496K, reserved 1048576K
}
Event: 8.949 GC heap after
{Heap after GC invocations=7 (full 0):
 PSYoungGen      total 29184K, used 4272K [0x00000000eab00000, 0x00000000ecd00000, 0x0000000100000000)
  eden space 24576K, 0% used [0x00000000eab00000,0x00000000eab00000,0x00000000ec300000)
  from space 4608K, 92% used [0x00000000ec380000,0x00000000ec7ac308,0x00000000ec800000)
  to   space 5120K, 0% used [0x00000000ec800000,0x00000000ec800000,0x00000000ecd00000)
 ParOldGen       total 68608K, used 9247K [0x00000000c0000000, 0x00000000c4300000, 0x00000000eab00000)
  object space 68608K, 13% used [0x00000000c0000000,0x00000000c0907ee0,0x00000000c4300000)
 Metaspace       used 20676K, committed 21504K, reserved 1114112K
  class space    used 2114K, committed 2496K, reserved 1048576K
}
Event: 8.949 GC heap before
{Heap before GC invocations=8 (full 1):
 PSYoungGen      total 29184K, used 4272K [0x00000000eab00000, 0x00000000ecd00000, 0x0000000100000000)
  eden space 24576K, 0% used [0x00000000eab00000,0x00000000eab00000,0x00000000ec300000)
  from space 4608K, 92% used [0x00000000ec380000,0x00000000ec7ac308,0x00000000ec800000)
  to   space 5120K, 0% used [0x00000000ec800000,0x00000000ec800000,0x00000000ecd00000)
 ParOldGen       total 68608K, used 9247K [0x00000000c0000000, 0x00000000c4300000, 0x00000000eab00000)
  object space 68608K, 13% used [0x00000000c0000000,0x00000000c0907ee0,0x00000000c4300000)
 Metaspace       used 20676K, committed 21504K, reserved 1114112K
  class space    used 2114K, committed 2496K, reserved 1048576K
}
Event: 8.980 GC heap after
{Heap after GC invocations=8 (full 1):
 PSYoungGen      total 29184K, used 0K [0x00000000eab00000, 0x00000000ecd00000, 0x0000000100000000)
  eden space 24576K, 0% used [0x00000000eab00000,0x00000000eab00000,0x00000000ec300000)
  from space 4608K, 0% used [0x00000000ec380000,0x00000000ec380000,0x00000000ec800000)
  to   space 5120K, 0% used [0x00000000ec800000,0x00000000ec800000,0x00000000ecd00000)
 ParOldGen       total 68608K, used 12572K [0x00000000c0000000, 0x00000000c4300000, 0x00000000eab00000)
  object space 68608K, 18% used [0x00000000c0000000,0x00000000c0c47380,0x00000000c4300000)
 Metaspace       used 20663K, committed 21504K, reserved 1114112K
  class space    used 2111K, committed 2496K, reserved 1048576K
}

Dll operation events (10 events):
Event: 0.008 Loaded shared library c:\Users\Raul C\.vscode\extensions\redhat.java-1.42.0-win32-x64\jre\21.0.7-win32-x86_64\bin\java.dll
Event: 0.104 Loaded shared library c:\Users\Raul C\.vscode\extensions\redhat.java-1.42.0-win32-x64\jre\21.0.7-win32-x86_64\bin\zip.dll
Event: 0.129 Loaded shared library C:\Users\Raul C\.vscode\extensions\redhat.java-1.42.0-win32-x64\jre\21.0.7-win32-x86_64\bin\instrument.dll
Event: 0.135 Loaded shared library C:\Users\Raul C\.vscode\extensions\redhat.java-1.42.0-win32-x64\jre\21.0.7-win32-x86_64\bin\net.dll
Event: 0.138 Loaded shared library C:\Users\Raul C\.vscode\extensions\redhat.java-1.42.0-win32-x64\jre\21.0.7-win32-x86_64\bin\nio.dll
Event: 0.180 Loaded shared library C:\Users\Raul C\.vscode\extensions\redhat.java-1.42.0-win32-x64\jre\21.0.7-win32-x86_64\bin\zip.dll
Event: 0.226 Loaded shared library C:\Users\Raul C\.vscode\extensions\redhat.java-1.42.0-win32-x64\jre\21.0.7-win32-x86_64\bin\jimage.dll
Event: 0.660 Loaded shared library c:\Users\Raul C\.vscode\extensions\redhat.java-1.42.0-win32-x64\jre\21.0.7-win32-x86_64\bin\verify.dll
Event: 5.034 Loaded shared library C:\Users\Raul C\AppData\Roaming\Code\User\globalStorage\redhat.java\1.42.0\config_win\org.eclipse.equinox.launcher\org.eclipse.equinox.launcher.win32.win32.x86_64_1.2.1300.v20250331-1702\eclipse_11911.dll
Event: 7.438 Loaded shared library C:\Users\Raul C\AppData\Local\Temp\jna--1854204983\jna7672003093225285014.dll

Deoptimization events (20 events):
Event: 7.822 Thread 0x000002347f868510 Uncommon trap: trap_request=0xffffff45 fr.pc=0x0000023407af1750 relative=0x0000000000000470
Event: 7.822 Thread 0x000002347f868510 Uncommon trap: reason=unstable_if action=reinterpret pc=0x0000023407af1750 method=java.lang.StringLatin1.canEncode(I)Z @ 4 c2
Event: 7.822 Thread 0x000002347f868510 DEOPT PACKING pc=0x0000023407af1750 sp=0x000000a6335f2e70
Event: 7.822 Thread 0x000002347f868510 DEOPT UNPACKING pc=0x0000023407586da2 sp=0x000000a6335f2da8 mode 2
Event: 7.822 Thread 0x000002347f868510 Uncommon trap: trap_request=0xffffff45 fr.pc=0x0000023407af9e30 relative=0x0000000000000450
Event: 7.822 Thread 0x000002347f868510 Uncommon trap: reason=unstable_if action=reinterpret pc=0x0000023407af9e30 method=java.lang.AbstractStringBuilder.isLatin1()Z @ 10 c2
Event: 7.822 Thread 0x000002347f868510 DEOPT PACKING pc=0x0000023407af9e30 sp=0x000000a6335f2e90
Event: 7.822 Thread 0x000002347f868510 DEOPT UNPACKING pc=0x0000023407586da2 sp=0x000000a6335f2e20 mode 2
Event: 7.822 Thread 0x000002347f868510 Uncommon trap: trap_request=0xffffff45 fr.pc=0x0000023407b40b0c relative=0x000000000000006c
Event: 7.822 Thread 0x000002347f868510 Uncommon trap: reason=unstable_if action=reinterpret pc=0x0000023407b40b0c method=java.lang.AbstractStringBuilder.isLatin1()Z @ 10 c2
Event: 7.822 Thread 0x000002347f868510 DEOPT PACKING pc=0x0000023407b40b0c sp=0x000000a6335f2e90
Event: 7.822 Thread 0x000002347f868510 DEOPT UNPACKING pc=0x0000023407586da2 sp=0x000000a6335f2e20 mode 2
Event: 7.823 Thread 0x000002347f868510 Uncommon trap: trap_request=0xffffff45 fr.pc=0x0000023407b025e8 relative=0x0000000000000048
Event: 7.823 Thread 0x000002347f868510 Uncommon trap: reason=unstable_if action=reinterpret pc=0x0000023407b025e8 method=java.lang.StringLatin1.canEncode(I)Z @ 4 c2
Event: 7.823 Thread 0x000002347f868510 DEOPT PACKING pc=0x0000023407b025e8 sp=0x000000a6335f2e20
Event: 7.823 Thread 0x000002347f868510 DEOPT UNPACKING pc=0x0000023407586da2 sp=0x000000a6335f2db0 mode 2
Event: 8.992 Thread 0x000002347f8698c0 Uncommon trap: trap_request=0xffffff45 fr.pc=0x0000023407c2f754 relative=0x0000000000001b74
Event: 8.992 Thread 0x000002347f8698c0 Uncommon trap: reason=unstable_if action=reinterpret pc=0x0000023407c2f754 method=jdk.internal.org.objectweb.asm.Frame.execute(IILjdk/internal/org/objectweb/asm/Symbol;Ljdk/internal/org/objectweb/asm/SymbolTable;)V @ 1 c2
Event: 8.992 Thread 0x000002347f8698c0 DEOPT PACKING pc=0x0000023407c2f754 sp=0x000000a633bfce20
Event: 8.992 Thread 0x000002347f8698c0 DEOPT UNPACKING pc=0x0000023407586da2 sp=0x000000a633bfcda8 mode 2

Classes loaded (20 events):
Event: 8.987 Loading class java/lang/runtime/ObjectMethods
Event: 8.987 Loading class java/lang/runtime/ObjectMethods done
Event: 8.988 Loading class java/lang/invoke/MethodHandleImpl$Makers
Event: 8.988 Loading class java/lang/invoke/MethodHandleImpl$Makers done
Event: 8.988 Loading class java/lang/invoke/MethodHandleImpl$Makers$1
Event: 8.988 Loading class java/lang/invoke/MethodHandleImpl$Makers$1 done
Event: 8.988 Loading class java/lang/invoke/MethodHandleImpl$Makers$2
Event: 8.988 Loading class java/lang/invoke/MethodHandleImpl$Makers$2 done
Event: 8.988 Loading class java/lang/invoke/MethodHandleImpl$Makers$3
Event: 8.988 Loading class java/lang/invoke/MethodHandleImpl$Makers$3 done
Event: 8.989 Loading class java/net/SocketAddress
Event: 8.989 Loading class java/net/SocketAddress done
Event: 8.989 Loading class java/net/InetSocketAddress
Event: 8.989 Loading class java/net/InetSocketAddress done
Event: 8.989 Loading class java/nio/channels/AsynchronousByteChannel
Event: 8.989 Loading class java/nio/channels/AsynchronousChannel
Event: 8.989 Loading class java/nio/channels/AsynchronousChannel done
Event: 8.989 Loading class java/nio/channels/AsynchronousByteChannel done
Event: 8.991 Loading class java/lang/runtime/ObjectMethods$1
Event: 8.991 Loading class java/lang/runtime/ObjectMethods$1 done

Classes unloaded (7 events):
Event: 8.954 Thread 0x000002347d2d25e0 Unloading class 0x00000234101a5400 'java/lang/invoke/LambdaForm$MH+0x00000234101a5400'
Event: 8.954 Thread 0x000002347d2d25e0 Unloading class 0x00000234101a5000 'java/lang/invoke/LambdaForm$MH+0x00000234101a5000'
Event: 8.954 Thread 0x000002347d2d25e0 Unloading class 0x00000234101a4c00 'java/lang/invoke/LambdaForm$MH+0x00000234101a4c00'
Event: 8.954 Thread 0x000002347d2d25e0 Unloading class 0x00000234101a4800 'java/lang/invoke/LambdaForm$MH+0x00000234101a4800'
Event: 8.954 Thread 0x000002347d2d25e0 Unloading class 0x00000234101a4400 'java/lang/invoke/LambdaForm$BMH+0x00000234101a4400'
Event: 8.954 Thread 0x000002347d2d25e0 Unloading class 0x00000234101a4000 'java/lang/invoke/LambdaForm$DMH+0x00000234101a4000'
Event: 8.954 Thread 0x000002347d2d25e0 Unloading class 0x00000234101a2c00 'java/lang/invoke/LambdaForm$DMH+0x00000234101a2c00'

Classes redefined (0 events):
No events

Internal exceptions (20 events):
Event: 7.513 Thread 0x000002347f868510 Exception <a 'java/lang/IncompatibleClassChangeError'{0x00000000eb5a4ca0}: Found class java.lang.Object, but interface was expected> (0x00000000eb5a4ca0) 
thrown [s\src\hotspot\share\interpreter\linkResolver.cpp, line 840]
Event: 7.515 Thread 0x000002347f868510 Exception <a 'java/lang/NoSuchMethodError'{0x00000000eb5b4688}: 'java.lang.Object java.lang.invoke.DirectMethodHandle$Holder.invokeSpecial(java.lang.Object, java.lang.Object, java.lang.Object, int, java.lang.Object, java.lang.Object)'> (0x00000000eb5b4688) 
thrown [s\src\hotspot\share\interpreter\linkResolver.cpp, line 773]
Event: 7.516 Thread 0x000002347f868510 Exception <a 'java/lang/NoSuchMethodError'{0x00000000eb5bbf20}: 'java.lang.Object java.lang.invoke.DirectMethodHandle$Holder.newInvokeSpecial(java.lang.Object, java.lang.Object, java.lang.Object, int, java.lang.Object)'> (0x00000000eb5bbf20) 
thrown [s\src\hotspot\share\interpreter\linkResolver.cpp, line 773]
Event: 7.516 Thread 0x000002347f868510 Exception <a 'java/lang/NoSuchMethodError'{0x00000000eb5bfa10}: 'java.lang.Object java.lang.invoke.Invokers$Holder.linkToTargetMethod(java.lang.Object, java.lang.Object, int, java.lang.Object, java.lang.Object)'> (0x00000000eb5bfa10) 
thrown [s\src\hotspot\share\interpreter\linkResolver.cpp, line 773]
Event: 7.517 Thread 0x000002347f86cd40 Exception <a 'java/lang/NoSuchMethodError'{0x00000000eb4bd388}: 'java.lang.Object java.lang.invoke.DirectMethodHandle$Holder.invokeSpecial(java.lang.Object, java.lang.Object, int, java.lang.Object, java.lang.Object)'> (0x00000000eb4bd388) 
thrown [s\src\hotspot\share\interpreter\linkResolver.cpp, line 773]
Event: 7.531 Thread 0x000002347f868510 Exception <a 'java/lang/NoSuchMethodError'{0x00000000eb6c1cc0}: 'void java.lang.invoke.DirectMethodHandle$Holder.invokeSpecial(java.lang.Object, java.lang.Object, java.lang.Object, java.lang.Object, java.lang.Object)'> (0x00000000eb6c1cc0) 
thrown [s\src\hotspot\share\interpreter\linkResolver.cpp, line 773]
Event: 7.634 Thread 0x000002347f868510 Exception <a 'java/lang/NoSuchMethodError'{0x00000000ebe5f958}: 'java.lang.Object java.lang.invoke.DirectMethodHandle$Holder.invokeInterface(java.lang.Object, java.lang.Object, java.lang.Object)'> (0x00000000ebe5f958) 
thrown [s\src\hotspot\share\interpreter\linkResolver.cpp, line 773]
Event: 7.686 Thread 0x000002347f868510 Exception <a 'java/lang/NoSuchMethodError'{0x00000000ec2cbcc0}: 'java.lang.Object java.lang.invoke.Invokers$Holder.linkToTargetMethod(java.lang.Object, long, java.lang.Object, java.lang.Object)'> (0x00000000ec2cbcc0) 
thrown [s\src\hotspot\share\interpreter\linkResolver.cpp, line 773]
Event: 7.777 Thread 0x000002347f868510 Exception <a 'java/io/FileNotFoundException'{0x00000000eb1da248}> (0x00000000eb1da248) 
thrown [s\src\hotspot\share\prims\jni.cpp, line 520]
Event: 7.779 Thread 0x000002347f868510 Exception <a 'java/lang/NoSuchMethodError'{0x00000000eb1e2800}: 'java.lang.Object java.lang.invoke.DirectMethodHandle$Holder.newInvokeSpecial(java.lang.Object, int, java.lang.Object, java.lang.Object)'> (0x00000000eb1e2800) 
thrown [s\src\hotspot\share\interpreter\linkResolver.cpp, line 773]
Event: 7.887 Thread 0x000002347f868510 Exception <a 'java/lang/NoSuchMethodError'{0x00000000eba1a420}: 'long java.lang.invoke.DirectMethodHandle$Holder.invokeSpecial(java.lang.Object, java.lang.Object)'> (0x00000000eba1a420) 
thrown [s\src\hotspot\share\interpreter\linkResolver.cpp, line 773]
Event: 7.887 Thread 0x000002347f868510 Exception <a 'java/lang/NoSuchMethodError'{0x00000000eba1e5b8}: 'long java.lang.invoke.Invokers$Holder.invokeExact_MT(java.lang.Object, java.lang.Object)'> (0x00000000eba1e5b8) 
thrown [s\src\hotspot\share\interpreter\linkResolver.cpp, line 773]
Event: 8.987 Thread 0x000002347f8698c0 Exception <a 'java/lang/NoSuchMethodError'{0x00000000eace1d00}: 'java.lang.Object java.lang.invoke.DirectMethodHandle$Holder.invokeStaticInit(java.lang.Object, java.lang.Object, java.lang.Object, java.lang.Object, java.lang.Object, java.lang.Object, java.lang.Object)'> (0x00000000eace1d00) 
thrown [s\src\hotspot\share\interpreter\linkResolver.cpp, line 773]
Event: 8.988 Thread 0x000002347f8698c0 Exception <a 'java/lang/NoSuchMethodError'{0x00000000eace64d8}: 'java.lang.Object java.lang.invoke.Invokers$Holder.invoke_MT(java.lang.Object, java.lang.Object, java.lang.Object, java.lang.Object, java.lang.Object, java.lang.Object, java.lang.Object, java.lang.Object, java.lang.Object)'> (0x00000000eace64d8) 
thrown [s\src\hotspot\share\interpreter\linkResolver.cpp, line 773]
Event: 8.991 Thread 0x000002347f8698c0 Exception <a 'java/lang/NoSuchMethodError'{0x00000000ead91d78}: 'int java.lang.invoke.DirectMethodHandle$Holder.invokeVirtual(java.lang.Object, java.lang.Object, java.lang.Object)'> (0x00000000ead91d78) 
thrown [s\src\hotspot\share\interpreter\linkResolver.cpp, line 773]
Event: 8.991 Thread 0x000002347f8698c0 Exception <a 'java/lang/NoSuchMethodError'{0x00000000ead95cf0}: 'int java.lang.invoke.DirectMethodHandle$Holder.invokeStaticInit(java.lang.Object, int, int)'> (0x00000000ead95cf0) 
thrown [s\src\hotspot\share\interpreter\linkResolver.cpp, line 773]
Event: 8.992 Thread 0x000002347f8698c0 Exception <a 'java/lang/NoSuchMethodError'{0x00000000ead9d2a0}: 'int java.lang.invoke.DirectMethodHandle$Holder.invokeStaticInit(java.lang.Object, long, long)'> (0x00000000ead9d2a0) 
thrown [s\src\hotspot\share\interpreter\linkResolver.cpp, line 773]
Event: 8.992 Thread 0x000002347f8698c0 Exception <a 'java/lang/NoSuchMethodError'{0x00000000eada88f8}: 'int java.lang.invoke.DirectMethodHandle$Holder.invokeStaticInit(java.lang.Object, float, float)'> (0x00000000eada88f8) 
thrown [s\src\hotspot\share\interpreter\linkResolver.cpp, line 773]
Event: 8.992 Thread 0x000002347f8698c0 Exception <a 'java/lang/NoSuchMethodError'{0x00000000eadc42a0}: 'int java.lang.invoke.DirectMethodHandle$Holder.invokeStaticInit(java.lang.Object, double, double)'> (0x00000000eadc42a0) 
thrown [s\src\hotspot\share\interpreter\linkResolver.cpp, line 773]
Event: 8.993 Thread 0x000002347f8698c0 Exception <a 'java/lang/NoSuchMethodError'{0x00000000eadc8928}: 'int java.lang.invoke.DirectMethodHandle$Holder.invokeStatic(java.lang.Object, long)'> (0x00000000eadc8928) 
thrown [s\src\hotspot\share\interpreter\linkResolver.cpp, line 773]

ZGC Phase Switch (0 events):
No events

VM Operations (20 events):
Event: 7.306 Executing VM operation: HandshakeAllThreads (Deoptimize) done
Event: 7.351 Executing VM operation: HandshakeAllThreads (Deoptimize)
Event: 7.351 Executing VM operation: HandshakeAllThreads (Deoptimize) done
Event: 7.445 Executing VM operation: HandshakeAllThreads (Deoptimize)
Event: 7.445 Executing VM operation: HandshakeAllThreads (Deoptimize) done
Event: 7.574 Executing VM operation: HandshakeAllThreads (Deoptimize)
Event: 7.574 Executing VM operation: HandshakeAllThreads (Deoptimize) done
Event: 7.604 Executing VM operation: HandshakeAllThreads (Deoptimize)
Event: 7.604 Executing VM operation: HandshakeAllThreads (Deoptimize) done
Event: 7.610 Executing VM operation: HandshakeAllThreads (Deoptimize)
Event: 7.610 Executing VM operation: HandshakeAllThreads (Deoptimize) done
Event: 7.664 Executing VM operation: ICBufferFull
Event: 7.664 Executing VM operation: ICBufferFull done
Event: 7.693 Executing VM operation: ParallelGCFailedAllocation (Allocation Failure)
Event: 7.696 Executing VM operation: ParallelGCFailedAllocation (Allocation Failure) done
Event: 8.696 Executing VM operation: Cleanup
Event: 8.935 Executing VM operation: Cleanup done
Event: 8.944 Executing VM operation: CollectForMetadataAllocation (Metadata GC Threshold)
Event: 8.980 Executing VM operation: CollectForMetadataAllocation (Metadata GC Threshold) done
Event: 9.995 Executing VM operation: Cleanup

Memory protections (0 events):
No events

Nmethod flushes (0 events):
No events

Events (20 events):
Event: 0.976 Thread 0x000002347ecebb30 Thread added: 0x000002347efe6920
Event: 1.022 Thread 0x000002347ecebb30 Thread added: 0x000002347efe75f0
Event: 2.481 Thread 0x000002347efe75f0 Thread exited: 0x000002347efe75f0
Event: 2.481 Thread 0x000002347efe6920 Thread exited: 0x000002347efe6920
Event: 2.553 Thread 0x000002347ecebb30 Thread added: 0x000002347f5c2970
Event: 2.555 Thread 0x000002347ecebb30 Thread added: 0x000002347f5c3200
Event: 4.853 Thread 0x0000023477f20860 Thread added: 0x000002347d2da8b0
Event: 5.019 Thread 0x0000023477f20860 Thread added: 0x000002347d2d8e70
Event: 5.051 Thread 0x000002347d2d8e70 Thread added: 0x000002347d2da220
Event: 5.053 Thread 0x0000023477f20860 Thread added: 0x000002347f868510
Event: 6.344 Thread 0x000002347f868510 Thread added: 0x000002347f8677f0
Event: 6.533 Thread 0x000002347f868510 Thread added: 0x000002347f867e80
Event: 6.671 Thread 0x000002347f5c3200 Thread exited: 0x000002347f5c3200
Event: 6.677 Thread 0x000002347f868510 Thread added: 0x000002347f86ac70
Event: 7.083 Thread 0x000002347f868510 Thread added: 0x000002347f868ba0
Event: 7.463 Thread 0x000002347f868510 Thread added: 0x000002347f86c020
Event: 7.496 Thread 0x000002347f868510 Thread added: 0x000002347f86cd40
Event: 7.518 Thread 0x000002347f868510 Thread added: 0x000002347f8698c0
Event: 8.935 Thread 0x000002347f5c2970 Thread exited: 0x000002347f5c2970
Event: 8.935 Thread 0x000002347f8698c0 Thread added: 0x000002347f86c6b0


Dynamic libraries:
0x00007ff6edf70000 - 0x00007ff6edf7e000 	c:\Users\Raul C\.vscode\extensions\redhat.java-1.42.0-win32-x64\jre\21.0.7-win32-x86_64\bin\java.exe
0x00007ffeb1d80000 - 0x00007ffeb1fe6000 	C:\WINDOWS\SYSTEM32\ntdll.dll
0x00007ffeb1310000 - 0x00007ffeb13d9000 	C:\WINDOWS\System32\KERNEL32.DLL
0x00007ffeaf330000 - 0x00007ffeaf6fc000 	C:\WINDOWS\System32\KERNELBASE.dll
0x00007ffeaf150000 - 0x00007ffeaf29b000 	C:\WINDOWS\System32\ucrtbase.dll
0x00007ffe97450000 - 0x00007ffe97468000 	c:\Users\Raul C\.vscode\extensions\redhat.java-1.42.0-win32-x64\jre\21.0.7-win32-x86_64\bin\jli.dll
0x00007ffeb0910000 - 0x00007ffeb0ada000 	C:\WINDOWS\System32\USER32.dll
0x00007ffeafa60000 - 0x00007ffeafa87000 	C:\WINDOWS\System32\win32u.dll
0x00007ffe970c0000 - 0x00007ffe970de000 	c:\Users\Raul C\.vscode\extensions\redhat.java-1.42.0-win32-x64\jre\21.0.7-win32-x86_64\bin\VCRUNTIME140.dll
0x00007ffe86b90000 - 0x00007ffe86e2a000 	C:\WINDOWS\WinSxS\amd64_microsoft.windows.common-controls_6595b64144ccf1df_6.0.26100.3912_none_3e07963ce335137e\COMCTL32.dll
0x00007ffeb0830000 - 0x00007ffeb085b000 	C:\WINDOWS\System32\GDI32.dll
0x00007ffeaf700000 - 0x00007ffeaf832000 	C:\WINDOWS\System32\gdi32full.dll
0x00007ffeb0860000 - 0x00007ffeb0909000 	C:\WINDOWS\System32\msvcrt.dll
0x00007ffeafa90000 - 0x00007ffeafb33000 	C:\WINDOWS\System32\msvcp_win.dll
0x00007ffeb1870000 - 0x00007ffeb18a0000 	C:\WINDOWS\System32\IMM32.DLL
0x00007ffea53e0000 - 0x00007ffea53ec000 	c:\Users\Raul C\.vscode\extensions\redhat.java-1.42.0-win32-x64\jre\21.0.7-win32-x86_64\bin\vcruntime140_1.dll
0x00007ffe95cd0000 - 0x00007ffe95d5d000 	c:\Users\Raul C\.vscode\extensions\redhat.java-1.42.0-win32-x64\jre\21.0.7-win32-x86_64\bin\msvcp140.dll
0x00007ffe26f90000 - 0x00007ffe27d20000 	c:\Users\Raul C\.vscode\extensions\redhat.java-1.42.0-win32-x64\jre\21.0.7-win32-x86_64\bin\server\jvm.dll
0x00007ffeb0ae0000 - 0x00007ffeb0b92000 	C:\WINDOWS\System32\ADVAPI32.dll
0x00007ffeb1c00000 - 0x00007ffeb1ca6000 	C:\WINDOWS\System32\sechost.dll
0x00007ffeb03b0000 - 0x00007ffeb04c6000 	C:\WINDOWS\System32\RPCRT4.dll
0x00007ffeb07b0000 - 0x00007ffeb0824000 	C:\WINDOWS\System32\WS2_32.dll
0x00007ffeae730000 - 0x00007ffeae78e000 	C:\WINDOWS\SYSTEM32\POWRPROF.dll
0x00007ffea2b80000 - 0x00007ffea2bb6000 	C:\WINDOWS\SYSTEM32\WINMM.dll
0x00007ffe9d640000 - 0x00007ffe9d64b000 	C:\WINDOWS\SYSTEM32\VERSION.dll
0x00007ffeae710000 - 0x00007ffeae724000 	C:\WINDOWS\SYSTEM32\UMPDC.dll
0x00007ffeadc90000 - 0x00007ffeadcaa000 	C:\WINDOWS\SYSTEM32\kernel.appcore.dll
0x00007ffe9dd60000 - 0x00007ffe9dd6a000 	c:\Users\Raul C\.vscode\extensions\redhat.java-1.42.0-win32-x64\jre\21.0.7-win32-x86_64\bin\jimage.dll
0x00007ffeac530000 - 0x00007ffeac771000 	C:\WINDOWS\SYSTEM32\DBGHELP.DLL
0x00007ffeaff60000 - 0x00007ffeb02e4000 	C:\WINDOWS\System32\combase.dll
0x00007ffeb18b0000 - 0x00007ffeb1990000 	C:\WINDOWS\System32\OLEAUT32.dll
0x00007ffe88110000 - 0x00007ffe88149000 	C:\WINDOWS\SYSTEM32\dbgcore.DLL
0x00007ffeaf840000 - 0x00007ffeaf8d9000 	C:\WINDOWS\System32\bcryptPrimitives.dll
0x00007ffea70c0000 - 0x00007ffea70cf000 	c:\Users\Raul C\.vscode\extensions\redhat.java-1.42.0-win32-x64\jre\21.0.7-win32-x86_64\bin\instrument.dll
0x00007ffe970a0000 - 0x00007ffe970bf000 	c:\Users\Raul C\.vscode\extensions\redhat.java-1.42.0-win32-x64\jre\21.0.7-win32-x86_64\bin\java.dll
0x00007ffeb0be0000 - 0x00007ffeb130d000 	C:\WINDOWS\System32\SHELL32.dll
0x00007ffeaf8e0000 - 0x00007ffeafa54000 	C:\WINDOWS\System32\wintypes.dll
0x00007ffeacb40000 - 0x00007ffead396000 	C:\WINDOWS\SYSTEM32\windows.storage.dll
0x00007ffeafe60000 - 0x00007ffeaff4f000 	C:\WINDOWS\System32\SHCORE.dll
0x00007ffeb1b80000 - 0x00007ffeb1be9000 	C:\WINDOWS\System32\shlwapi.dll
0x00007ffeaee20000 - 0x00007ffeaee4f000 	C:\WINDOWS\SYSTEM32\profapi.dll
0x00007ffe97080000 - 0x00007ffe97098000 	c:\Users\Raul C\.vscode\extensions\redhat.java-1.42.0-win32-x64\jre\21.0.7-win32-x86_64\bin\zip.dll
0x00007ffe9dba0000 - 0x00007ffe9dbb0000 	C:\Users\Raul C\.vscode\extensions\redhat.java-1.42.0-win32-x64\jre\21.0.7-win32-x86_64\bin\net.dll
0x00007ffea2bc0000 - 0x00007ffea2cde000 	C:\WINDOWS\SYSTEM32\WINHTTP.dll
0x00007ffeae1e0000 - 0x00007ffeae24a000 	C:\WINDOWS\system32\mswsock.dll
0x00007ffe96ee0000 - 0x00007ffe96ef6000 	C:\Users\Raul C\.vscode\extensions\redhat.java-1.42.0-win32-x64\jre\21.0.7-win32-x86_64\bin\nio.dll
0x00007ffe9d9b0000 - 0x00007ffe9d9c0000 	c:\Users\Raul C\.vscode\extensions\redhat.java-1.42.0-win32-x64\jre\21.0.7-win32-x86_64\bin\verify.dll
0x00007ffe9dbb0000 - 0x00007ffe9dbf5000 	C:\Users\Raul C\AppData\Roaming\Code\User\globalStorage\redhat.java\1.42.0\config_win\org.eclipse.equinox.launcher\org.eclipse.equinox.launcher.win32.win32.x86_64_1.2.1300.v20250331-1702\eclipse_11911.dll
0x00007ffeb0600000 - 0x00007ffeb079f000 	C:\WINDOWS\System32\ole32.dll
0x00007ffeae5a0000 - 0x00007ffeae5bc000 	C:\WINDOWS\SYSTEM32\CRYPTSP.dll
0x00007ffeadbf0000 - 0x00007ffeadc2a000 	C:\WINDOWS\system32\rsaenh.dll
0x00007ffeae280000 - 0x00007ffeae2ab000 	C:\WINDOWS\SYSTEM32\USERENV.dll
0x00007ffeaedf0000 - 0x00007ffeaee16000 	C:\WINDOWS\SYSTEM32\bcrypt.dll
0x00007ffeae410000 - 0x00007ffeae41c000 	C:\WINDOWS\SYSTEM32\CRYPTBASE.dll
0x00007ffead6a0000 - 0x00007ffead6d3000 	C:\WINDOWS\SYSTEM32\IPHLPAPI.DLL
0x00007ffeafe50000 - 0x00007ffeafe5a000 	C:\WINDOWS\System32\NSI.dll
0x00007ffe9c460000 - 0x00007ffe9c4a9000 	C:\Users\Raul C\AppData\Local\Temp\jna--1854204983\jna7672003093225285014.dll
0x00007ffeb03a0000 - 0x00007ffeb03a8000 	C:\WINDOWS\System32\PSAPI.DLL

dbghelp: loaded successfully - version: 4.0.5 - missing functions: none
symbol engine: initialized successfully - sym options: 0x614 - pdb path: .;c:\Users\Raul C\.vscode\extensions\redhat.java-1.42.0-win32-x64\jre\21.0.7-win32-x86_64\bin;C:\WINDOWS\SYSTEM32;C:\WINDOWS\WinSxS\amd64_microsoft.windows.common-controls_6595b64144ccf1df_6.0.26100.3912_none_3e07963ce335137e;c:\Users\Raul C\.vscode\extensions\redhat.java-1.42.0-win32-x64\jre\21.0.7-win32-x86_64\bin\server;C:\Users\Raul C\AppData\Roaming\Code\User\globalStorage\redhat.java\1.42.0\config_win\org.eclipse.equinox.launcher\org.eclipse.equinox.launcher.win32.win32.x86_64_1.2.1300.v20250331-1702;C:\Users\Raul C\AppData\Local\Temp\jna--1854204983

VM Arguments:
jvm_args: --add-modules=ALL-SYSTEM --add-opens=java.base/java.util=ALL-UNNAMED --add-opens=java.base/java.lang=ALL-UNNAMED --add-opens=java.base/sun.nio.fs=ALL-UNNAMED -Declipse.application=org.eclipse.jdt.ls.core.id1 -Dosgi.bundles.defaultStartLevel=4 -Declipse.product=org.eclipse.jdt.ls.core.product -Djava.import.generatesMetadataFilesAtProjectRoot=false -DDetectVMInstallationsJob.disabled=true -Dfile.encoding=utf8 -XX:+UseParallelGC -XX:GCTimeRatio=4 -XX:AdaptiveSizePolicyWeight=90 -Dsun.zip.disableMemoryMapping=true -Xmx1G -Xms100m -Xlog:disable -javaagent:c:\Users\Raul C\.vscode\extensions\redhat.java-1.42.0-win32-x64\lombok\lombok-1.18.36.jar -XX:+HeapDumpOnOutOfMemoryError -XX:HeapDumpPath=c:\Users\Raul C\AppData\Roaming\Code\User\workspaceStorage\6e53fea4b70537cba1629f41aa9e64fc\redhat.java -Daether.dependencyCollector.impl=bf 
java_command: c:\Users\Raul C\.vscode\extensions\redhat.java-1.42.0-win32-x64\server\plugins\org.eclipse.equinox.launcher_1.7.0.v20250424-1814.jar -configuration c:\Users\Raul C\AppData\Roaming\Code\User\globalStorage\redhat.java\1.42.0\config_win -data c:\Users\Raul C\AppData\Roaming\Code\User\workspaceStorage\6e53fea4b70537cba1629f41aa9e64fc\redhat.java\jdt_ws --pipe=\\.\pipe\lsp-d2da6ca2977fe1daffbbaee39e7b5421-sock
java_class_path (initial): c:\Users\Raul C\.vscode\extensions\redhat.java-1.42.0-win32-x64\server\plugins\org.eclipse.equinox.launcher_1.7.0.v20250424-1814.jar
Launcher Type: SUN_STANDARD

[Global flags]
    uintx AdaptiveSizePolicyWeight                 = 90                                        {product} {command line}
     intx CICompilerCount                          = 4                                         {product} {ergonomic}
    uintx GCTimeRatio                              = 4                                         {product} {command line}
     bool HeapDumpOnOutOfMemoryError               = true                                   {manageable} {command line}
    ccstr HeapDumpPath                             = c:\Users\Raul C\AppData\Roaming\Code\User\workspaceStorage\6e53fea4b70537cba1629f41aa9e64fc\redhat.java         {manageable} {command line}
   size_t InitialHeapSize                          = 104857600                                 {product} {command line}
   size_t MaxHeapSize                              = 1073741824                                {product} {command line}
   size_t MaxNewSize                               = 357564416                                 {product} {ergonomic}
   size_t MinHeapDeltaBytes                        = 524288                                    {product} {ergonomic}
   size_t MinHeapSize                              = 104857600                                 {product} {command line}
   size_t NewSize                                  = 34603008                                  {product} {ergonomic}
    uintx NonNMethodCodeHeapSize                   = 5839372                                {pd product} {ergonomic}
    uintx NonProfiledCodeHeapSize                  = 122909434                              {pd product} {ergonomic}
   size_t OldSize                                  = 70254592                                  {product} {ergonomic}
    uintx ProfiledCodeHeapSize                     = 122909434                              {pd product} {ergonomic}
    uintx ReservedCodeCacheSize                    = 251658240                              {pd product} {ergonomic}
     bool SegmentedCodeCache                       = true                                      {product} {ergonomic}
   size_t SoftMaxHeapSize                          = 1073741824                             {manageable} {ergonomic}
     bool UseCompressedOops                        = true                           {product lp64_product} {ergonomic}
     bool UseLargePagesIndividualAllocation        = false                                  {pd product} {ergonomic}
     bool UseParallelGC                            = true                                      {product} {command line}

Logging:
Log output configuration:
 #0: stdout all=off uptime,level,tags foldmultilines=false
 #1: stderr all=off uptime,level,tags foldmultilines=false

Environment Variables:
JAVA_HOME=D:\java
PATH=C:\Program Files\Microsoft SDKs\Azure\CLI2\wbin;C:\Program Files\Common Files\Oracle\Java\javapath;C:\Python311\Scripts\;C:\Python311\;C:\WINDOWS\system32;C:\WINDOWS;C:\WINDOWS\System32\Wbem;C:\WINDOWS\System32\WindowsPowerShell\v1.0\;C:\WINDOWS\System32\OpenSSH\;C:\MinGW\bin;C:\Program Files\dotnet\;C:\Autodesk\MinGW\bin;D:\Git\cmd;C:\ProgramData\chocolatey\bin;C:\Program Files (x86)\NVIDIA Corporation\PhysX\Common;C:\Program Files\Microsoft SQL Server\150\Tools\Binn\;C:\WINDOWS\system32;C:\WINDOWS;C:\WINDOWS\System32\Wbem;C:\WINDOWS\System32\WindowsPowerShell\v1.0\;C:\WINDOWS\System32\OpenSSH\;C:\Program Files\MATLAB\R2023b\bin;C:\Program Files\Microsoft SQL Server\Client SDK\ODBC\170\Tools\Binn\;C:\Program Files (x86)\Windows Kits\10\Windows Performance Toolkit\;C:\Program Files (x86)\Microsoft SQL Server\160\Tools\Binn\;C:\Program Files\Microsoft SQL Server\160\Tools\Binn\;C:\Program Files\Microsoft SQL Server\160\DTS\Binn\;D:\android-studio\kotlinc\bin;C:\Users\Raul C\AppData\Roaming\nvm;C:\Program Files\nodejs;D:\mongo\bin;D:\a.programming\php;C:\Program Files\nodejs\;C:\Program Files\MySQL\MySQL Server 8.0\bin;C:\Program Files\NVIDIA Corporation\NVIDIA app\NvDLISR;D:\java\bin;D:\java\bin;D:\apache-maven-3.9.9-bin\apache-maven-3.9.9\bin;C:\Program Files (x86)\Microsoft SQL Server\160\DTS\Binn\;D:\aws\;C:\Program Files\MySQL\MySQL Shell 8.0\bin\;C:\Users\Raul C\.config\herd\bin;D:\orcad\OpenAccess\bin\win32\opt;D:\orcad\tools\pcb\bin;D:\orcad\tools\fet\bin;D:\orcad\tools\Capture;D:\orcad\tools\PSpice;D:\orcad\tools\specctra\bin;D:\orcad\tools\bin;C:\Users\Raul C\AppData\Local\Microsoft\WindowsApps;C:\Users\Raul C\AppData\Local\Programs\Hyper\resources\bin;C:\Users\Raul C\.dotnet\tools;C:\Users\Raul C\AppData\Local\GitHubDesktop\bin;C:\Users\Raul C\.dotnet\tools;C:\Users\Raul C\AppData\Local\Programs\Azure Data Studio\bin;C:\Users\Raul C\AppData\Roaming\nvm;C:\Program Files\nodejs;D:\;C:\Users\Raul C\AppData\Local\Microsoft\WindowsApps;C:\Users\Raul C\AppData\Roaming\npm;D:\IntelliJ IDEA 2024.3.2.2\bin;;C:\Users\Raul C\AppData\Local\Programs\Microsoft VS Code\bin
USERNAME=Raul C
OS=Windows_NT
PROCESSOR_IDENTIFIER=Intel64 Family 6 Model 140 Stepping 1, GenuineIntel
TMP=C:\Users\RAULC~1\AppData\Local\Temp
TEMP=C:\Users\RAULC~1\AppData\Local\Temp




Periodic native trim disabled

---------------  S Y S T E M  ---------------

OS:
 Windows 11 , 64 bit Build 26100 (10.0.26100.3912)
OS uptime: 1 days 4:51 hours
Hyper-V role detected

CPU: total 8 (initial active 8) (4 cores per cpu, 2 threads per core) family 6 model 140 stepping 1 microcode 0x86, cx8, cmov, fxsr, ht, mmx, 3dnowpref, sse, sse2, sse3, ssse3, sse4.1, sse4.2, popcnt, lzcnt, tsc, tscinvbit, avx, avx2, aes, erms, clmul, bmi1, bmi2, adx, avx512f, avx512dq, avx512cd, avx512bw, avx512vl, sha, fma, vzeroupper, avx512_vpopcntdq, avx512_vpclmulqdq, avx512_vaes, avx512_vnni, clflush, clflushopt, clwb, avx512_vbmi2, avx512_vbmi, hv, rdtscp, rdpid, fsrm, gfni, avx512_bitalg, f16c, cet_ibt, cet_ss, avx512_ifma
Processor Information for the first 8 processors :
  Max Mhz: 3110, Current Mhz: 3110, Mhz Limit: 3110

Memory: 4k page, system-wide physical 16167M (3919M free)
TotalPageFile size 18215M (AvailPageFile size 73M)
current process WorkingSet (physical memory assigned to process): 150M, peak: 150M
current process commit charge ("private bytes"): 245M, peak: 249M

vm_info: OpenJDK 64-Bit Server VM (21.0.7+6-LTS) for windows-amd64 JRE (21.0.7+6-LTS), built on 2025-04-15T00:00:00Z by "admin" with MS VC++ 17.7 (VS2022)

END.
