#
# There is insufficient memory for the Java Runtime Environment to continue.
# Native memory allocation (mmap) failed to map 266338304 bytes. Error detail: G1 virtual space
# Possible reasons:
#   The system is out of physical RAM or swap space
#   This process is running with CompressedOops enabled, and the Java Heap may be blocking the growth of the native heap
# Possible solutions:
#   Reduce memory load on the system
#   Increase physical memory or swap space
#   Check if swap backing store is full
#   Decrease Java heap size (-Xmx/-Xms)
#   Decrease number of Java threads
#   Decrease Java thread stack sizes (-Xss)
#   Set larger code cache with -XX:ReservedCodeCacheSize=
#   JVM is running with Zero Based Compressed Oops mode in which the Java heap is
#     placed in the first 32GB address space. The Java Heap base address is the
#     maximum limit for the native heap growth. Please use -XX:HeapBaseMinAddress
#     to set the Java Heap base and to place the Java Heap above 32GB virtual address.
# This output file may be truncated or incomplete.
#
#  Out of Memory Error (os_windows.cpp:3686), pid=19964, tid=2368
#
# JRE version:  (21.0.7+6) (build )
# Java VM: OpenJDK 64-Bit Server VM (21.0.7+6-LTS, mixed mode, sharing, tiered, compressed oops, compressed class ptrs, g1 gc, windows-amd64)
# No core dump will be written. Minidumps are not enabled by default on client versions of Windows
#

---------------  S U M M A R Y ------------

Command Line: org.jetbrains.kotlin.cli.jvm.K2JVMCompiler @D:\a.programming\react-native-javascriptMastery\node_modules\@react-native\gradle-plugin\shared\build\20250518_33123246543842361.compiler.options

Host: 11th Gen Intel(R) Core(TM) i5-11300H @ 3.10GHz, 8 cores, 15G,  Windows 11 , 64 bit Build 26100 (10.0.26100.3912)
Time: Sun May 18 17:01:24 2025 GTB Daylight Time elapsed time: 2.036416 seconds (0d 0h 0m 2s)

---------------  T H R E A D  ---------------

Current thread (0x00000213f4bbd370):  JavaThread "Unknown thread" [_thread_in_vm, id=2368, stack(0x000000b3bf700000,0x000000b3bf800000) (1024K)]

Stack: [0x000000b3bf700000,0x000000b3bf800000]
Native frames: (J=compiled Java code, j=interpreted, Vv=VM code, C=native code)
V  [jvm.dll+0x6ce119]
V  [jvm.dll+0x8a84a1]
V  [jvm.dll+0x8aa9ce]
V  [jvm.dll+0x8ab0b3]
V  [jvm.dll+0x27f8a6]
V  [jvm.dll+0x6ca945]
V  [jvm.dll+0x6bebea]
V  [jvm.dll+0x355eca]
V  [jvm.dll+0x35da96]
V  [jvm.dll+0x3af72e]
V  [jvm.dll+0x3af9d8]
V  [jvm.dll+0x32a05c]
V  [jvm.dll+0x32abbb]
V  [jvm.dll+0x871719]
V  [jvm.dll+0x3bc501]
V  [jvm.dll+0x85a743]
V  [jvm.dll+0x45080e]
V  [jvm.dll+0x452451]
C  [jli.dll+0x5278]
C  [ucrtbase.dll+0x37b0]
C  [KERNEL32.DLL+0x2e8d7]
C  [ntdll.dll+0x9c5dc]


---------------  P R O C E S S  ---------------

Threads class SMR info:
_java_thread_list=0x00007ffe27bca0c8, length=0, elements={
}

Java Threads: ( => current thread )
Total: 0

Other Threads:
  0x00000213f6708280 WorkerThread "GC Thread#0"                     [id=6044, stack(0x000000b3bf800000,0x000000b3bf900000) (1024K)]
  0x00000213f6718e00 ConcurrentGCThread "G1 Main Marker"            [id=15576, stack(0x000000b3bf900000,0x000000b3bfa00000) (1024K)]
  0x00000213f6719810 WorkerThread "G1 Conc#0"                       [id=21664, stack(0x000000b3bfa00000,0x000000b3bfb00000) (1024K)]

[error occurred during error reporting (printing all threads), id 0xc0000005, EXCEPTION_ACCESS_VIOLATION (0xc0000005) at pc=0x00007ffe272cc987]
VM state: not at safepoint (not fully initialized)

VM Mutex/Monitor currently owned by a thread:  ([mutex/lock_event])
[0x00007ffe27c3e408] Heap_lock - owner thread: 0x00000213f4bbd370

Heap address: 0x0000000703600000, size: 4042 MB, Compressed Oops mode: Zero based, Oop shift amount: 3

CDS archive(s) mapped at: [0x0000000000000000-0x0000000000000000-0x0000000000000000), size 0, SharedBaseAddress: 0x0000000800000000, ArchiveRelocationMode: 1.
Narrow klass base: 0x0000000000000000, Narrow klass shift: 0, Narrow klass range: 0x0

GC Precious Log:
 CardTable entry size: 512
 Card Set container configuration: InlinePtr #cards 4 size 8 Array Of Cards #cards 16 size 48 Howl #buckets 8 coarsen threshold 3686 Howl Bitmap #cards 512 size 80 coarsen threshold 460 Card regions per heap region 1 cards per card region 4096

Heap:
 garbage-first heap   total 0K, used 0K [0x0000000703600000, 0x0000000800000000)
  region size 2048K, 0 young (0K), 0 survivors (0K)

[error occurred during error reporting (printing heap information), id 0xc0000005, EXCEPTION_ACCESS_VIOLATION (0xc0000005) at pc=0x00007ffe276b7949]
GC Heap History (0 events):
No events

Dll operation events (1 events):
Event: 0.006 Loaded shared library C:\Users\Raul C\.vscode\extensions\redhat.java-1.42.0-win32-x64\jre\21.0.7-win32-x86_64\bin\java.dll

Deoptimization events (0 events):
No events

Classes loaded (0 events):
No events

Classes unloaded (0 events):
No events

Classes redefined (0 events):
No events

Internal exceptions (0 events):
No events

ZGC Phase Switch (0 events):
No events

VM Operations (0 events):
No events

Memory protections (0 events):
No events

Nmethod flushes (0 events):
No events

Events (0 events):
No events


Dynamic libraries:
0x00007ff6edf70000 - 0x00007ff6edf7e000 	C:\Users\Raul C\.vscode\extensions\redhat.java-1.42.0-win32-x64\jre\21.0.7-win32-x86_64\bin\java.exe
0x00007ffeb1d80000 - 0x00007ffeb1fe6000 	C:\WINDOWS\SYSTEM32\ntdll.dll
0x00007ffeb1310000 - 0x00007ffeb13d9000 	C:\WINDOWS\System32\KERNEL32.DLL
0x00007ffeaf330000 - 0x00007ffeaf6fc000 	C:\WINDOWS\System32\KERNELBASE.dll
0x00007ffea91a0000 - 0x00007ffea923e000 	C:\WINDOWS\SYSTEM32\apphelp.dll
0x00007ffeaf150000 - 0x00007ffeaf29b000 	C:\WINDOWS\System32\ucrtbase.dll
0x00007ffe970c0000 - 0x00007ffe970de000 	C:\Users\Raul C\.vscode\extensions\redhat.java-1.42.0-win32-x64\jre\21.0.7-win32-x86_64\bin\VCRUNTIME140.dll
0x00007ffe97450000 - 0x00007ffe97468000 	C:\Users\Raul C\.vscode\extensions\redhat.java-1.42.0-win32-x64\jre\21.0.7-win32-x86_64\bin\jli.dll
0x00007ffeb0910000 - 0x00007ffeb0ada000 	C:\WINDOWS\System32\USER32.dll
0x00007ffe86b90000 - 0x00007ffe86e2a000 	C:\WINDOWS\WinSxS\amd64_microsoft.windows.common-controls_6595b64144ccf1df_6.0.26100.3912_none_3e07963ce335137e\COMCTL32.dll
0x00007ffeafa60000 - 0x00007ffeafa87000 	C:\WINDOWS\System32\win32u.dll
0x00007ffeb0860000 - 0x00007ffeb0909000 	C:\WINDOWS\System32\msvcrt.dll
0x00007ffeb0830000 - 0x00007ffeb085b000 	C:\WINDOWS\System32\GDI32.dll
0x00007ffeaf700000 - 0x00007ffeaf832000 	C:\WINDOWS\System32\gdi32full.dll
0x00007ffeafa90000 - 0x00007ffeafb33000 	C:\WINDOWS\System32\msvcp_win.dll
0x00007ffeb1870000 - 0x00007ffeb18a0000 	C:\WINDOWS\System32\IMM32.DLL
0x00007ffea53e0000 - 0x00007ffea53ec000 	C:\Users\Raul C\.vscode\extensions\redhat.java-1.42.0-win32-x64\jre\21.0.7-win32-x86_64\bin\vcruntime140_1.dll
0x00007ffe95cd0000 - 0x00007ffe95d5d000 	C:\Users\Raul C\.vscode\extensions\redhat.java-1.42.0-win32-x64\jre\21.0.7-win32-x86_64\bin\msvcp140.dll
0x00007ffe26f90000 - 0x00007ffe27d20000 	C:\Users\Raul C\.vscode\extensions\redhat.java-1.42.0-win32-x64\jre\21.0.7-win32-x86_64\bin\server\jvm.dll
0x00007ffeb0ae0000 - 0x00007ffeb0b92000 	C:\WINDOWS\System32\ADVAPI32.dll
0x00007ffeb1c00000 - 0x00007ffeb1ca6000 	C:\WINDOWS\System32\sechost.dll
0x00007ffeb03b0000 - 0x00007ffeb04c6000 	C:\WINDOWS\System32\RPCRT4.dll
0x00007ffeb07b0000 - 0x00007ffeb0824000 	C:\WINDOWS\System32\WS2_32.dll
0x00007ffeae730000 - 0x00007ffeae78e000 	C:\WINDOWS\SYSTEM32\POWRPROF.dll
0x00007ffea2b80000 - 0x00007ffea2bb6000 	C:\WINDOWS\SYSTEM32\WINMM.dll
0x00007ffe9d640000 - 0x00007ffe9d64b000 	C:\WINDOWS\SYSTEM32\VERSION.dll
0x00007ffeae710000 - 0x00007ffeae724000 	C:\WINDOWS\SYSTEM32\UMPDC.dll
0x00007ffeadc90000 - 0x00007ffeadcaa000 	C:\WINDOWS\SYSTEM32\kernel.appcore.dll
0x00007ffe9dd60000 - 0x00007ffe9dd6a000 	C:\Users\Raul C\.vscode\extensions\redhat.java-1.42.0-win32-x64\jre\21.0.7-win32-x86_64\bin\jimage.dll
0x00007ffeac530000 - 0x00007ffeac771000 	C:\WINDOWS\SYSTEM32\DBGHELP.DLL
0x00007ffeaff60000 - 0x00007ffeb02e4000 	C:\WINDOWS\System32\combase.dll
0x00007ffeb18b0000 - 0x00007ffeb1990000 	C:\WINDOWS\System32\OLEAUT32.dll
0x00007ffe88110000 - 0x00007ffe88149000 	C:\WINDOWS\SYSTEM32\dbgcore.DLL
0x00007ffeaf840000 - 0x00007ffeaf8d9000 	C:\WINDOWS\System32\bcryptPrimitives.dll
0x00007ffe970a0000 - 0x00007ffe970bf000 	C:\Users\Raul C\.vscode\extensions\redhat.java-1.42.0-win32-x64\jre\21.0.7-win32-x86_64\bin\java.dll

dbghelp: loaded successfully - version: 4.0.5 - missing functions: none
symbol engine: initialized successfully - sym options: 0x614 - pdb path: .;C:\Users\Raul C\.vscode\extensions\redhat.java-1.42.0-win32-x64\jre\21.0.7-win32-x86_64\bin;C:\WINDOWS\SYSTEM32;C:\WINDOWS\WinSxS\amd64_microsoft.windows.common-controls_6595b64144ccf1df_6.0.26100.3912_none_3e07963ce335137e;C:\Users\Raul C\.vscode\extensions\redhat.java-1.42.0-win32-x64\jre\21.0.7-win32-x86_64\bin\server

VM Arguments:
java_command: org.jetbrains.kotlin.cli.jvm.K2JVMCompiler @D:\a.programming\react-native-javascriptMastery\node_modules\@react-native\gradle-plugin\shared\build\20250518_33123246543842361.compiler.options
java_class_path (initial): C:\Users\Raul C\.gradle\caches\modules-2\files-2.1\org.jetbrains.kotlin\kotlin-compiler-embeddable\2.0.21\79346ed53db48b18312a472602eb5c057070c54d\kotlin-compiler-embeddable-2.0.21.jar;C:\Users\Raul C\.gradle\caches\modules-2\files-2.1\org.jetbrains.kotlin\kotlin-stdlib\2.0.21\618b539767b4899b4660a83006e052b63f1db551\kotlin-stdlib-2.0.21.jar;C:\Users\Raul C\.gradle\caches\modules-2\files-2.1\org.jetbrains.kotlin\kotlin-script-runtime\2.0.21\c9b044380ad41f89aa89aa896c2d32a8c0b2129d\kotlin-script-runtime-2.0.21.jar;C:\Users\Raul C\.gradle\caches\modules-2\files-2.1\org.jetbrains.kotlin\kotlin-reflect\1.6.10\1cbe9c92c12a94eea200d23c2bbaedaf3daf5132\kotlin-reflect-1.6.10.jar;C:\Users\Raul C\.gradle\caches\modules-2\files-2.1\org.jetbrains.kotlin\kotlin-daemon-embeddable\2.0.21\c9e933b23287de9b5a17e2116b4657bb91aea72c\kotlin-daemon-embeddable-2.0.21.jar;C:\Users\Raul C\.gradle\caches\modules-2\files-2.1\org.jetbrains.intellij.deps\trove4j\1.0.20200330\3afb14d5f9ceb459d724e907a21145e8ff394f02\trove4j-1.0.20200330.jar;C:\Users\Raul C\.gradle\caches\modules-2\files-2.1\org.jetbrains.kotlinx\kotlinx-coroutines-core-jvm\1.6.4\2c997cd1c0ef33f3e751d3831929aeff1390cb30\kotlinx-coroutines-core-jvm-1.6.4.jar;C:\Users\Raul C\.gradle\caches\modules-2\files-2.1\org.jetbrains\annotations\13.0\919f0dfe192fb4e063e7dacadee7f8bb9a2672a9\annotations-13.0.jar
Launcher Type: SUN_STANDARD

[Global flags]
     intx CICompilerCount                          = 4                                         {product} {ergonomic}
     uint ConcGCThreads                            = 2                                         {product} {ergonomic}
     uint G1ConcRefinementThreads                  = 8                                         {product} {ergonomic}
   size_t G1HeapRegionSize                         = 2097152                                   {product} {ergonomic}
    uintx GCDrainStackTargetSize                   = 64                                        {product} {ergonomic}
   size_t InitialHeapSize                          = 266338304                                 {product} {ergonomic}
   size_t MarkStackSize                            = 4194304                                   {product} {ergonomic}
   size_t MaxHeapSize                              = 4238344192                                {product} {ergonomic}
   size_t MinHeapDeltaBytes                        = 2097152                                   {product} {ergonomic}
   size_t MinHeapSize                              = 8388608                                   {product} {ergonomic}
    uintx NonNMethodCodeHeapSize                   = 5839372                                {pd product} {ergonomic}
    uintx NonProfiledCodeHeapSize                  = 122909434                              {pd product} {ergonomic}
    uintx ProfiledCodeHeapSize                     = 122909434                              {pd product} {ergonomic}
    uintx ReservedCodeCacheSize                    = 251658240                              {pd product} {ergonomic}
     bool SegmentedCodeCache                       = true                                      {product} {ergonomic}
   size_t SoftMaxHeapSize                          = 4238344192                             {manageable} {ergonomic}
     bool UseCompressedOops                        = true                           {product lp64_product} {ergonomic}
     bool UseG1GC                                  = true                                      {product} {ergonomic}
     bool UseLargePagesIndividualAllocation        = false                                  {pd product} {ergonomic}

Logging:
Log output configuration:
 #0: stdout all=warning uptime,level,tags foldmultilines=false
 #1: stderr all=off uptime,level,tags foldmultilines=false

Environment Variables:
JAVA_HOME=D:\java
PATH=C:\Program Files\Microsoft SDKs\Azure\CLI2\wbin;C:\Program Files\Common Files\Oracle\Java\javapath;C:\Python311\Scripts\;C:\Python311\;C:\WINDOWS\system32;C:\WINDOWS;C:\WINDOWS\System32\Wbem;C:\WINDOWS\System32\WindowsPowerShell\v1.0\;C:\WINDOWS\System32\OpenSSH\;C:\MinGW\bin;C:\Program Files\dotnet\;C:\Autodesk\MinGW\bin;D:\Git\cmd;C:\ProgramData\chocolatey\bin;C:\Program Files (x86)\NVIDIA Corporation\PhysX\Common;C:\Program Files\Microsoft SQL Server\150\Tools\Binn\;C:\WINDOWS\system32;C:\WINDOWS;C:\WINDOWS\System32\Wbem;C:\WINDOWS\System32\WindowsPowerShell\v1.0\;C:\WINDOWS\System32\OpenSSH\;C:\Program Files\MATLAB\R2023b\bin;C:\Program Files\Microsoft SQL Server\Client SDK\ODBC\170\Tools\Binn\;C:\Program Files (x86)\Windows Kits\10\Windows Performance Toolkit\;C:\Program Files (x86)\Microsoft SQL Server\160\Tools\Binn\;C:\Program Files\Microsoft SQL Server\160\Tools\Binn\;C:\Program Files\Microsoft SQL Server\160\DTS\Binn\;D:\android-studio\kotlinc\bin;C:\Users\Raul C\AppData\Roaming\nvm;C:\Program Files\nodejs;D:\mongo\bin;D:\a.programming\php;C:\Program Files\nodejs\;C:\Program Files\MySQL\MySQL Server 8.0\bin;C:\Program Files\NVIDIA Corporation\NVIDIA app\NvDLISR;D:\java\bin;D:\java\bin;D:\apache-maven-3.9.9-bin\apache-maven-3.9.9\bin;C:\Program Files (x86)\Microsoft SQL Server\160\DTS\Binn\;D:\aws\;C:\Program Files\MySQL\MySQL Shell 8.0\bin\;C:\Users\Raul C\.config\herd\bin;D:\orcad\OpenAccess\bin\win32\opt;D:\orcad\tools\pcb\bin;D:\orcad\tools\fet\bin;D:\orcad\tools\Capture;D:\orcad\tools\PSpice;D:\orcad\tools\specctra\bin;D:\orcad\tools\bin;C:\Users\Raul C\AppData\Local\Microsoft\WindowsApps;C:\Users\Raul C\AppData\Local\Programs\Hyper\resources\bin;C:\Users\Raul C\.dotnet\tools;C:\Users\Raul C\AppData\Local\GitHubDesktop\bin;C:\Users\Raul C\.dotnet\tools;C:\Users\Raul C\AppData\Local\Programs\Azure Data Studio\bin;C:\Users\Raul C\AppData\Roaming\nvm;C:\Program Files\nodejs;D:\;C:\Users\Raul C\AppData\Local\Microsoft\WindowsApps;C:\Users\Raul C\AppData\Roaming\npm;D:\IntelliJ IDEA 2024.3.2.2\bin;;C:\Users\Raul C\AppData\Local\Programs\Microsoft VS Code\bin
USERNAME=Raul C
OS=Windows_NT
PROCESSOR_IDENTIFIER=Intel64 Family 6 Model 140 Stepping 1, GenuineIntel
TMP=C:\Users\RAULC~1\AppData\Local\Temp
TEMP=C:\Users\RAULC~1\AppData\Local\Temp




Periodic native trim disabled

---------------  S Y S T E M  ---------------

OS:
 Windows 11 , 64 bit Build 26100 (10.0.26100.3912)
OS uptime: 1 days 3:59 hours
Hyper-V role detected

CPU: total 8 (initial active 8) (4 cores per cpu, 2 threads per core) family 6 model 140 stepping 1 microcode 0x86, cx8, cmov, fxsr, ht, mmx, 3dnowpref, sse, sse2, sse3, ssse3, sse4.1, sse4.2, popcnt, lzcnt, tsc, tscinvbit, avx, avx2, aes, erms, clmul, bmi1, bmi2, adx, avx512f, avx512dq, avx512cd, avx512bw, avx512vl, sha, fma, vzeroupper, avx512_vpopcntdq, avx512_vpclmulqdq, avx512_vaes, avx512_vnni, clflush, clflushopt, clwb, avx512_vbmi2, avx512_vbmi, hv, rdtscp, rdpid, fsrm, gfni, avx512_bitalg, f16c, cet_ibt, cet_ss, avx512_ifma
Processor Information for the first 8 processors :
  Max Mhz: 3110, Current Mhz: 3110, Mhz Limit: 3110

Memory: 4k page, system-wide physical 16167M (3172M free)
TotalPageFile size 18215M (AvailPageFile size 144M)
current process WorkingSet (physical memory assigned to process): 13M, peak: 13M
current process commit charge ("private bytes"): 60M, peak: 314M

vm_info: OpenJDK 64-Bit Server VM (21.0.7+6-LTS) for windows-amd64 JRE (21.0.7+6-LTS), built on 2025-04-15T00:00:00Z by "admin" with MS VC++ 17.7 (VS2022)

END.
